#
# There is insufficient memory for the Java Runtime Environment to continue.
# Native memory allocation (malloc) failed to allocate 1289296 bytes for Chunk::new
# Possible reasons:
#   The system is out of physical RAM or swap space
#   The process is running with CompressedOops enabled, and the Java Heap may be blocking the growth of the native heap
# Possible solutions:
#   Reduce memory load on the system
#   Increase physical memory or swap space
#   Check if swap backing store is full
#   Decrease Java heap size (-Xmx/-Xms)
#   Decrease number of Java threads
#   Decrease Java thread stack sizes (-Xss)
#   Set larger code cache with -XX:ReservedCodeCacheSize=
#   JVM is running with Unscaled Compressed Oops mode in which the Java heap is
#     placed in the first 4GB address space. The Java Heap base address is the
#     maximum limit for the native heap growth. Please use -XX:HeapBaseMinAddress
#     to set the Java Heap base and to place the Java Heap above 4GB virtual address.
# This output file may be truncated or incomplete.
#
#  Out of Memory Error (t:/workspace/open/src/hotspot/share/memory/arena.cpp:197), pid=23624, tid=11808
#
# JRE version: OpenJDK Runtime Environment (11.0.2+9) (build 11.0.2+9)
# Java VM: OpenJDK 64-Bit Server VM (11.0.2+9, mixed mode, tiered, compressed oops, g1 gc, windows-amd64)
# No core dump will be written. Minidumps are not enabled by default on client versions of Windows
#

---------------  S U M M A R Y ------------

Command Line: -XX:MaxMetaspaceSize=512m --add-opens=java.base/java.util=ALL-UNNAMED --add-opens=java.base/java.lang=ALL-UNNAMED --add-opens=java.base/java.lang.invoke=ALL-UNNAMED --add-opens=java.prefs/java.util.prefs=ALL-UNNAMED --add-opens=java.base/java.nio.charset=ALL-UNNAMED --add-opens=java.base/java.net=ALL-UNNAMED --add-opens=java.base/java.util.concurrent.atomic=ALL-UNNAMED -Xmx2048m -Dfile.encoding=windows-1252 -Duser.country=US -Duser.language=en -Duser.variant org.gradle.launcher.daemon.bootstrap.GradleDaemon 8.0.1

Host: AMD Ryzen 7 5800H with Radeon Graphics         , 16 cores, 5G,  Windows 10 , 64 bit Build 22621 (10.0.22621.3085)
Time: Fri Mar  1 21:33:12 2024 Pacific Standard Time elapsed time: 40 seconds (0d 0h 0m 40s)

---------------  T H R E A D  ---------------

Current thread (0x000001b0d4f33000):  JavaThread "C2 CompilerThread0" daemon [_thread_in_native, id=11808, stack(0x0000008a13100000,0x0000008a13200000)]


Current CompileTask:
C2:  40525 3051   !   4       java.lang.reflect.Executable::declaredAnnotations (85 bytes)

Stack: [0x0000008a13100000,0x0000008a13200000]
Native frames: (J=compiled Java code, j=interpreted, Vv=VM code, C=native code)
V  [jvm.dll+0x63489a]
V  [jvm.dll+0x771f9f]
V  [jvm.dll+0x773648]
V  [jvm.dll+0x773d03]
V  [jvm.dll+0x25eba8]
V  [jvm.dll+0xc2191]
V  [jvm.dll+0xc271c]
V  [jvm.dll+0x36cc02]
V  [jvm.dll+0x339b13]
V  [jvm.dll+0x338eea]
V  [jvm.dll+0x2189c5]
V  [jvm.dll+0x217b6a]
V  [jvm.dll+0x194370]
V  [jvm.dll+0x226b3f]
V  [jvm.dll+0x225148]
V  [jvm.dll+0x73774d]
V  [jvm.dll+0x633942]
C  [ucrtbase.dll+0x29363]
C  [KERNEL32.DLL+0x1257d]
C  [ntdll.dll+0x5aa58]


---------------  P R O C E S S  ---------------

Threads class SMR info:
_java_thread_list=0x000001b0d7d73900, length=33, elements={
0x000001b0b4fc3800, 0x000001b0d4f13800, 0x000001b0d4f1c800, 0x000001b0d4f31000,
0x000001b0d4f32000, 0x000001b0d4f33000, 0x000001b0d4f36800, 0x000001b0d4f3b800,
0x000001b0d5a29800, 0x000001b0d5a78800, 0x000001b0d5c07800, 0x000001b0d6fe8800,
0x000001b0d6fdb000, 0x000001b0d68dc000, 0x000001b0d68dc800, 0x000001b0d81bf000,
0x000001b0d6ec7000, 0x000001b0d686d800, 0x000001b0d686e000, 0x000001b0d7f14800,
0x000001b0d7144800, 0x000001b0d7140800, 0x000001b0d7141800, 0x000001b0d7143000,
0x000001b0d7142000, 0x000001b0d713f000, 0x000001b0d7145800, 0x000001b0d713f800,
0x000001b0d7144000, 0x000001b0d7397000, 0x000001b0d7396000, 0x000001b0d739a000,
0x000001b0d7397800
}

Java Threads: ( => current thread )
  0x000001b0b4fc3800 JavaThread "main" [_thread_blocked, id=33560, stack(0x0000008a12600000,0x0000008a12700000)]
  0x000001b0d4f13800 JavaThread "Reference Handler" daemon [_thread_blocked, id=31704, stack(0x0000008a12d00000,0x0000008a12e00000)]
  0x000001b0d4f1c800 JavaThread "Finalizer" daemon [_thread_blocked, id=26052, stack(0x0000008a12e00000,0x0000008a12f00000)]
  0x000001b0d4f31000 JavaThread "Signal Dispatcher" daemon [_thread_blocked, id=19184, stack(0x0000008a12f00000,0x0000008a13000000)]
  0x000001b0d4f32000 JavaThread "Attach Listener" daemon [_thread_blocked, id=27176, stack(0x0000008a13000000,0x0000008a13100000)]
=>0x000001b0d4f33000 JavaThread "C2 CompilerThread0" daemon [_thread_in_native, id=11808, stack(0x0000008a13100000,0x0000008a13200000)]
  0x000001b0d4f36800 JavaThread "C1 CompilerThread0" daemon [_thread_blocked, id=9040, stack(0x0000008a13200000,0x0000008a13300000)]
  0x000001b0d4f3b800 JavaThread "Sweeper thread" daemon [_thread_blocked, id=31660, stack(0x0000008a13300000,0x0000008a13400000)]
  0x000001b0d5a29800 JavaThread "Common-Cleaner" daemon [_thread_blocked, id=31216, stack(0x0000008a13400000,0x0000008a13500000)]
  0x000001b0d5a78800 JavaThread "Service Thread" daemon [_thread_blocked, id=33004, stack(0x0000008a13600000,0x0000008a13700000)]
  0x000001b0d5c07800 JavaThread "Daemon health stats" [_thread_blocked, id=31184, stack(0x0000008a13a00000,0x0000008a13b00000)]
  0x000001b0d6fe8800 JavaThread "Incoming local TCP Connector on port 52946" [_thread_in_native, id=31012, stack(0x0000008a13c00000,0x0000008a13d00000)]
  0x000001b0d6fdb000 JavaThread "Daemon periodic checks" [_thread_blocked, id=31600, stack(0x0000008a13d00000,0x0000008a13e00000)]
  0x000001b0d68dc000 JavaThread "Daemon" [_thread_blocked, id=19788, stack(0x0000008a13e00000,0x0000008a13f00000)]
  0x000001b0d68dc800 JavaThread "Handler for socket connection from /127.0.0.1:52946 to /127.0.0.1:52953" [_thread_in_native, id=15632, stack(0x0000008a13f00000,0x0000008a14000000)]
  0x000001b0d81bf000 JavaThread "Cancel handler" [_thread_blocked, id=20484, stack(0x0000008a14000000,0x0000008a14100000)]
  0x000001b0d6ec7000 JavaThread "Daemon worker" [_thread_in_native, id=16460, stack(0x0000008a14100000,0x0000008a14200000)]
  0x000001b0d686d800 JavaThread "Asynchronous log dispatcher for DefaultDaemonConnection: socket connection from /127.0.0.1:52946 to /127.0.0.1:52953" [_thread_blocked, id=23644, stack(0x0000008a14200000,0x0000008a14300000)]
  0x000001b0d686e000 JavaThread "Stdin handler" [_thread_blocked, id=15684, stack(0x0000008a14300000,0x0000008a14400000)]
  0x000001b0d7f14800 JavaThread "Daemon client event forwarder" [_thread_blocked, id=12596, stack(0x0000008a13900000,0x0000008a13a00000)]
  0x000001b0d7144800 JavaThread "Cache worker for journal cache (C:\Users\timp7\.gradle\caches\journal-1)" [_thread_blocked, id=30424, stack(0x0000008a14400000,0x0000008a14500000)]
  0x000001b0d7140800 JavaThread "File lock request listener" [_thread_in_native, id=30356, stack(0x0000008a14500000,0x0000008a14600000)]
  0x000001b0d7141800 JavaThread "File lock release action executor" [_thread_blocked, id=13852, stack(0x0000008a13500000,0x0000008a13600000)]
  0x000001b0d7143000 JavaThread "C1 CompilerThread1" daemon [_thread_blocked, id=20056, stack(0x0000008a13800000,0x0000008a13900000)]
  0x000001b0d7142000 JavaThread "Cache worker for file hash cache (C:\Users\timp7\.gradle\caches\8.0.1\fileHashes)" [_thread_blocked, id=5588, stack(0x0000008a15300000,0x0000008a15400000)]
  0x000001b0d713f000 JavaThread "File watcher server" daemon [_thread_in_native, id=18180, stack(0x0000008a15500000,0x0000008a15600000)]
  0x000001b0d7145800 JavaThread "File watcher consumer" daemon [_thread_blocked, id=33432, stack(0x0000008a15600000,0x0000008a15700000)]
  0x000001b0d713f800 JavaThread "Cache worker for checksums cache (C:\Users\timp7\OneDrive\Documents\GitHub\scouting-app\scouting\android\.gradle\8.0.1\checksums)" [_thread_blocked, id=21144, stack(0x0000008a15400000,0x0000008a15500000)]
  0x000001b0d7144000 JavaThread "Cache worker for cache directory md-rule (C:\Users\timp7\.gradle\caches\8.0.1\md-rule)" [_thread_blocked, id=20744, stack(0x0000008a15700000,0x0000008a15800000)]
  0x000001b0d7397000 JavaThread "Cache worker for file content cache (C:\Users\timp7\.gradle\caches\8.0.1\fileContent)" [_thread_blocked, id=30132, stack(0x0000008a15800000,0x0000008a15900000)]
  0x000001b0d7396000 JavaThread "Cache worker for file hash cache (C:\Users\timp7\OneDrive\Documents\GitHub\scouting-app\scouting\android\.gradle\8.0.1\fileHashes)" [_thread_blocked, id=25320, stack(0x0000008a15900000,0x0000008a15a00000)]
  0x000001b0d739a000 JavaThread "Cache worker for cache directory md-supplier (C:\Users\timp7\.gradle\caches\8.0.1\md-supplier)" [_thread_blocked, id=27964, stack(0x0000008a15a00000,0x0000008a15b00000)]
  0x000001b0d7397800 JavaThread "Cache worker for execution history cache (C:\Users\timp7\.gradle\caches\8.0.1\executionHistory)" [_thread_blocked, id=31048, stack(0x0000008a15b00000,0x0000008a15c00000)]

Other Threads:
  0x000001b0d4f0c000 VMThread "VM Thread" [stack: 0x0000008a12c00000,0x0000008a12d00000] [id=31684]
  0x000001b0d5a79800 WatcherThread [stack: 0x0000008a13700000,0x0000008a13800000] [id=184]
  0x000001b0b4fda000 GCTaskThread "GC Thread#0" [stack: 0x0000008a12700000,0x0000008a12800000] [id=17956]
  0x000001b0d6ca7800 GCTaskThread "GC Thread#1" [stack: 0x0000008a13b00000,0x0000008a13c00000] [id=15644]
  0x000001b0d69a5000 GCTaskThread "GC Thread#2" [stack: 0x0000008a14600000,0x0000008a14700000] [id=15496]
  0x000001b0d8198800 GCTaskThread "GC Thread#3" [stack: 0x0000008a14700000,0x0000008a14800000] [id=11912]
  0x000001b0d688d800 GCTaskThread "GC Thread#4" [stack: 0x0000008a14800000,0x0000008a14900000] [id=18492]
  0x000001b0d688e800 GCTaskThread "GC Thread#5" [stack: 0x0000008a14900000,0x0000008a14a00000] [id=12064]
  0x000001b0d647b800 GCTaskThread "GC Thread#6" [stack: 0x0000008a14a00000,0x0000008a14b00000] [id=24148]
  0x000001b0d647c000 GCTaskThread "GC Thread#7" [stack: 0x0000008a14b00000,0x0000008a14c00000] [id=27032]
  0x000001b0d668e000 GCTaskThread "GC Thread#8" [stack: 0x0000008a14c00000,0x0000008a14d00000] [id=5492]
  0x000001b0d668e800 GCTaskThread "GC Thread#9" [stack: 0x0000008a14d00000,0x0000008a14e00000] [id=1852]
  0x000001b0d7bb1000 GCTaskThread "GC Thread#10" [stack: 0x0000008a14e00000,0x0000008a14f00000] [id=17000]
  0x000001b0d7bb1800 GCTaskThread "GC Thread#11" [stack: 0x0000008a14f00000,0x0000008a15000000] [id=30896]
  0x000001b0d5cfe800 GCTaskThread "GC Thread#12" [stack: 0x0000008a15000000,0x0000008a15100000] [id=13564]
  0x000001b0b5009000 ConcurrentGCThread "G1 Main Marker" [stack: 0x0000008a12800000,0x0000008a12900000] [id=30200]
  0x000001b0b500b800 ConcurrentGCThread "G1 Conc#0" [stack: 0x0000008a12900000,0x0000008a12a00000] [id=33552]
  0x000001b0d81bb000 ConcurrentGCThread "G1 Conc#1" [stack: 0x0000008a15100000,0x0000008a15200000] [id=19124]
  0x000001b0d5cff000 ConcurrentGCThread "G1 Conc#2" [stack: 0x0000008a15200000,0x0000008a15300000] [id=18420]
  0x000001b0d4d7a800 ConcurrentGCThread "G1 Refine#0" [stack: 0x0000008a12a00000,0x0000008a12b00000] [id=16188]
  0x000001b0d4d7b000 ConcurrentGCThread "G1 Young RemSet Sampling" [stack: 0x0000008a12b00000,0x0000008a12c00000] [id=10944]

Threads with active compile tasks:
C2 CompilerThread03051   !   4       java.lang.reflect.Executable::declaredAnnotations (85 bytes)

VM state:not at safepoint (normal execution)

VM Mutex/Monitor currently owned by a thread: None

Heap address: 0x0000000080000000, size: 2048 MB, Compressed Oops mode: 32-bit
Narrow klass base: 0x0000000000000000, Narrow klass shift: 3
Compressed class space size: 528482304 Address: 0x0000000100000000

Heap:
 garbage-first heap   total 96256K, used 49439K [0x0000000080000000, 0x0000000100000000)
  region size 1024K, 34 young (34816K), 6 survivors (6144K)
 Metaspace       used 32421K, capacity 33162K, committed 33200K, reserved 546816K
  class space    used 4312K, capacity 4606K, committed 4608K, reserved 516096K
Heap Regions: E=young(eden), S=young(survivor), O=old, HS=humongous(starts), HC=humongous(continues), CS=collection set, F=free, A=archive, TAMS=top-at-mark-start (previous, next)
|   0|0x0000000080000000, 0x0000000080100000, 0x0000000080100000|100%|HS|  |TAMS 0x0000000080100000, 0x0000000080000000| Complete 
|   1|0x0000000080100000, 0x0000000080200000, 0x0000000080200000|100%|HC|  |TAMS 0x0000000080200000, 0x0000000080100000| Complete 
|   2|0x0000000080200000, 0x0000000080300000, 0x0000000080300000|100%|HC|  |TAMS 0x0000000080300000, 0x0000000080200000| Complete 
|   3|0x0000000080300000, 0x0000000080400000, 0x0000000080400000|100%|HC|  |TAMS 0x0000000080400000, 0x0000000080300000| Complete 
|   4|0x0000000080400000, 0x0000000080500000, 0x0000000080500000|100%| O|  |TAMS 0x0000000080500000, 0x0000000080400000| Untracked 
|   5|0x0000000080500000, 0x0000000080600000, 0x0000000080600000|100%| O|  |TAMS 0x0000000080600000, 0x0000000080500000| Untracked 
|   6|0x0000000080600000, 0x0000000080700000, 0x0000000080700000|100%| O|  |TAMS 0x0000000080700000, 0x0000000080600000| Untracked 
|   7|0x0000000080700000, 0x0000000080800000, 0x0000000080800000|100%| O|  |TAMS 0x0000000080800000, 0x0000000080700000| Untracked 
|   8|0x0000000080800000, 0x0000000080900000, 0x0000000080900000|100%| O|  |TAMS 0x0000000080900000, 0x0000000080800000| Untracked 
|   9|0x0000000080900000, 0x0000000080a00000, 0x0000000080a00000|100%| O|  |TAMS 0x0000000080a00000, 0x0000000080900000| Untracked 
|  10|0x0000000080a00000, 0x0000000080b00000, 0x0000000080b00000|100%| O|  |TAMS 0x0000000080b00000, 0x0000000080a00000| Untracked 
|  11|0x0000000080b00000, 0x0000000080c00000, 0x0000000080c00000|100%| O|  |TAMS 0x0000000080c00000, 0x0000000080b00000| Untracked 
|  12|0x0000000080c00000, 0x0000000080d00000, 0x0000000080d00000|100%| O|  |TAMS 0x0000000080d00000, 0x0000000080c00000| Untracked 
|  13|0x0000000080d00000, 0x0000000080e00000, 0x0000000080e00000|100%| O|  |TAMS 0x0000000080e00000, 0x0000000080d00000| Untracked 
|  14|0x0000000080e00000, 0x0000000080f00000, 0x0000000080f00000|100%| O|  |TAMS 0x0000000080f00000, 0x0000000080e00000| Untracked 
|  15|0x0000000080f00000, 0x0000000081000000, 0x0000000081000000|100%| O|  |TAMS 0x0000000081000000, 0x0000000080f00000| Untracked 
|  16|0x0000000081000000, 0x0000000081026400, 0x0000000081100000| 14%| O|  |TAMS 0x0000000081026400, 0x0000000081000000| Untracked 
|  17|0x0000000081100000, 0x0000000081100000, 0x0000000081200000|  0%| F|  |TAMS 0x0000000081100000, 0x0000000081100000| Untracked 
|  18|0x0000000081200000, 0x0000000081200000, 0x0000000081300000|  0%| F|  |TAMS 0x0000000081200000, 0x0000000081200000| Untracked 
|  19|0x0000000081300000, 0x0000000081300000, 0x0000000081400000|  0%| F|  |TAMS 0x0000000081300000, 0x0000000081300000| Untracked 
|  20|0x0000000081400000, 0x0000000081400000, 0x0000000081500000|  0%| F|  |TAMS 0x0000000081400000, 0x0000000081400000| Untracked 
|  21|0x0000000081500000, 0x0000000081500000, 0x0000000081600000|  0%| F|  |TAMS 0x0000000081500000, 0x0000000081500000| Untracked 
|  22|0x0000000081600000, 0x0000000081600000, 0x0000000081700000|  0%| F|  |TAMS 0x0000000081600000, 0x0000000081600000| Untracked 
|  23|0x0000000081700000, 0x0000000081700000, 0x0000000081800000|  0%| F|  |TAMS 0x0000000081700000, 0x0000000081700000| Untracked 
|  24|0x0000000081800000, 0x0000000081800000, 0x0000000081900000|  0%| F|  |TAMS 0x0000000081800000, 0x0000000081800000| Untracked 
|  25|0x0000000081900000, 0x0000000081900000, 0x0000000081a00000|  0%| F|  |TAMS 0x0000000081900000, 0x0000000081900000| Untracked 
|  26|0x0000000081a00000, 0x0000000081a00000, 0x0000000081b00000|  0%| F|  |TAMS 0x0000000081a00000, 0x0000000081a00000| Untracked 
|  27|0x0000000081b00000, 0x0000000081b00000, 0x0000000081c00000|  0%| F|  |TAMS 0x0000000081b00000, 0x0000000081b00000| Untracked 
|  28|0x0000000081c00000, 0x0000000081c00000, 0x0000000081d00000|  0%| F|  |TAMS 0x0000000081c00000, 0x0000000081c00000| Untracked 
|  29|0x0000000081d00000, 0x0000000081d00000, 0x0000000081e00000|  0%| F|  |TAMS 0x0000000081d00000, 0x0000000081d00000| Untracked 
|  30|0x0000000081e00000, 0x0000000081e00000, 0x0000000081f00000|  0%| F|  |TAMS 0x0000000081e00000, 0x0000000081e00000| Untracked 
|  31|0x0000000081f00000, 0x0000000081f00000, 0x0000000082000000|  0%| F|  |TAMS 0x0000000081f00000, 0x0000000081f00000| Untracked 
|  32|0x0000000082000000, 0x0000000082000000, 0x0000000082100000|  0%| F|  |TAMS 0x0000000082000000, 0x0000000082000000| Untracked 
|  33|0x0000000082100000, 0x0000000082100000, 0x0000000082200000|  0%| F|  |TAMS 0x0000000082100000, 0x0000000082100000| Untracked 
|  34|0x0000000082200000, 0x0000000082221930, 0x0000000082300000| 13%| S|CS|TAMS 0x0000000082200000, 0x0000000082200000| Complete 
|  35|0x0000000082300000, 0x0000000082400000, 0x0000000082400000|100%| S|CS|TAMS 0x0000000082300000, 0x0000000082300000| Complete 
|  36|0x0000000082400000, 0x0000000082500000, 0x0000000082500000|100%| S|CS|TAMS 0x0000000082400000, 0x0000000082400000| Complete 
|  37|0x0000000082500000, 0x0000000082600000, 0x0000000082600000|100%| S|CS|TAMS 0x0000000082500000, 0x0000000082500000| Complete 
|  38|0x0000000082600000, 0x0000000082700000, 0x0000000082700000|100%| S|CS|TAMS 0x0000000082600000, 0x0000000082600000| Complete 
|  39|0x0000000082700000, 0x0000000082800000, 0x0000000082800000|100%| S|CS|TAMS 0x0000000082700000, 0x0000000082700000| Complete 
|  40|0x0000000082800000, 0x0000000082800000, 0x0000000082900000|  0%| F|  |TAMS 0x0000000082800000, 0x0000000082800000| Untracked 
|  41|0x0000000082900000, 0x0000000082900000, 0x0000000082a00000|  0%| F|  |TAMS 0x0000000082900000, 0x0000000082900000| Untracked 
|  42|0x0000000082a00000, 0x0000000082a00000, 0x0000000082b00000|  0%| F|  |TAMS 0x0000000082a00000, 0x0000000082a00000| Untracked 
|  43|0x0000000082b00000, 0x0000000082b00000, 0x0000000082c00000|  0%| F|  |TAMS 0x0000000082b00000, 0x0000000082b00000| Untracked 
|  44|0x0000000082c00000, 0x0000000082c00000, 0x0000000082d00000|  0%| F|  |TAMS 0x0000000082c00000, 0x0000000082c00000| Untracked 
|  45|0x0000000082d00000, 0x0000000082d00000, 0x0000000082e00000|  0%| F|  |TAMS 0x0000000082d00000, 0x0000000082d00000| Untracked 
|  46|0x0000000082e00000, 0x0000000082e00000, 0x0000000082f00000|  0%| F|  |TAMS 0x0000000082e00000, 0x0000000082e00000| Untracked 
|  47|0x0000000082f00000, 0x0000000082f00000, 0x0000000083000000|  0%| F|  |TAMS 0x0000000082f00000, 0x0000000082f00000| Untracked 
|  48|0x0000000083000000, 0x0000000083000000, 0x0000000083100000|  0%| F|  |TAMS 0x0000000083000000, 0x0000000083000000| Untracked 
|  49|0x0000000083100000, 0x0000000083100000, 0x0000000083200000|  0%| F|  |TAMS 0x0000000083100000, 0x0000000083100000| Untracked 
|  50|0x0000000083200000, 0x0000000083200000, 0x0000000083300000|  0%| F|  |TAMS 0x0000000083200000, 0x0000000083200000| Untracked 
|  51|0x0000000083300000, 0x0000000083300000, 0x0000000083400000|  0%| F|  |TAMS 0x0000000083300000, 0x0000000083300000| Untracked 
|  52|0x0000000083400000, 0x0000000083400000, 0x0000000083500000|  0%| F|  |TAMS 0x0000000083400000, 0x0000000083400000| Untracked 
|  53|0x0000000083500000, 0x0000000083500000, 0x0000000083600000|  0%| F|  |TAMS 0x0000000083500000, 0x0000000083500000| Untracked 
|  54|0x0000000083600000, 0x0000000083600000, 0x0000000083700000|  0%| F|  |TAMS 0x0000000083600000, 0x0000000083600000| Untracked 
|  55|0x0000000083700000, 0x0000000083700000, 0x0000000083800000|  0%| F|  |TAMS 0x0000000083700000, 0x0000000083700000| Untracked 
|  56|0x0000000083800000, 0x0000000083800000, 0x0000000083900000|  0%| F|  |TAMS 0x0000000083800000, 0x0000000083800000| Untracked 
|  57|0x0000000083900000, 0x0000000083900000, 0x0000000083a00000|  0%| F|  |TAMS 0x0000000083900000, 0x0000000083900000| Untracked 
|  58|0x0000000083a00000, 0x0000000083a00000, 0x0000000083b00000|  0%| F|  |TAMS 0x0000000083a00000, 0x0000000083a00000| Untracked 
|  59|0x0000000083b00000, 0x0000000083b00000, 0x0000000083c00000|  0%| F|  |TAMS 0x0000000083b00000, 0x0000000083b00000| Untracked 
|  60|0x0000000083c00000, 0x0000000083c00000, 0x0000000083d00000|  0%| F|  |TAMS 0x0000000083c00000, 0x0000000083c00000| Untracked 
|  61|0x0000000083d00000, 0x0000000083d00000, 0x0000000083e00000|  0%| F|  |TAMS 0x0000000083d00000, 0x0000000083d00000| Untracked 
|  62|0x0000000083e00000, 0x0000000083e00000, 0x0000000083f00000|  0%| F|  |TAMS 0x0000000083e00000, 0x0000000083e00000| Untracked 
|  63|0x0000000083f00000, 0x0000000083f00000, 0x0000000084000000|  0%| F|  |TAMS 0x0000000083f00000, 0x0000000083f00000| Untracked 
|  64|0x0000000084000000, 0x0000000084000000, 0x0000000084100000|  0%| F|  |TAMS 0x0000000084000000, 0x0000000084000000| Untracked 
|  65|0x0000000084100000, 0x0000000084100000, 0x0000000084200000|  0%| F|  |TAMS 0x0000000084100000, 0x0000000084100000| Untracked 
|  66|0x0000000084200000, 0x0000000084300000, 0x0000000084300000|100%| E|  |TAMS 0x0000000084200000, 0x0000000084200000| Complete 
|  67|0x0000000084300000, 0x0000000084400000, 0x0000000084400000|100%| E|CS|TAMS 0x0000000084300000, 0x0000000084300000| Complete 
|  68|0x0000000084400000, 0x0000000084500000, 0x0000000084500000|100%| E|CS|TAMS 0x0000000084400000, 0x0000000084400000| Complete 
|  69|0x0000000084500000, 0x0000000084600000, 0x0000000084600000|100%| E|CS|TAMS 0x0000000084500000, 0x0000000084500000| Complete 
|  70|0x0000000084600000, 0x0000000084700000, 0x0000000084700000|100%| E|CS|TAMS 0x0000000084600000, 0x0000000084600000| Complete 
|  71|0x0000000084700000, 0x0000000084800000, 0x0000000084800000|100%| E|CS|TAMS 0x0000000084700000, 0x0000000084700000| Complete 
|  72|0x0000000084800000, 0x0000000084900000, 0x0000000084900000|100%| E|CS|TAMS 0x0000000084800000, 0x0000000084800000| Complete 
|  73|0x0000000084900000, 0x0000000084a00000, 0x0000000084a00000|100%| E|CS|TAMS 0x0000000084900000, 0x0000000084900000| Complete 
|  74|0x0000000084a00000, 0x0000000084b00000, 0x0000000084b00000|100%| E|CS|TAMS 0x0000000084a00000, 0x0000000084a00000| Complete 
|  75|0x0000000084b00000, 0x0000000084c00000, 0x0000000084c00000|100%| E|CS|TAMS 0x0000000084b00000, 0x0000000084b00000| Complete 
|  76|0x0000000084c00000, 0x0000000084d00000, 0x0000000084d00000|100%| E|CS|TAMS 0x0000000084c00000, 0x0000000084c00000| Complete 
|  77|0x0000000084d00000, 0x0000000084e00000, 0x0000000084e00000|100%| E|CS|TAMS 0x0000000084d00000, 0x0000000084d00000| Complete 
|  78|0x0000000084e00000, 0x0000000084f00000, 0x0000000084f00000|100%| E|CS|TAMS 0x0000000084e00000, 0x0000000084e00000| Complete 
|  79|0x0000000084f00000, 0x0000000085000000, 0x0000000085000000|100%| E|CS|TAMS 0x0000000084f00000, 0x0000000084f00000| Complete 
|  80|0x0000000085000000, 0x0000000085100000, 0x0000000085100000|100%| E|CS|TAMS 0x0000000085000000, 0x0000000085000000| Complete 
|  81|0x0000000085100000, 0x0000000085200000, 0x0000000085200000|100%| E|CS|TAMS 0x0000000085100000, 0x0000000085100000| Complete 
|  82|0x0000000085200000, 0x0000000085300000, 0x0000000085300000|100%| E|CS|TAMS 0x0000000085200000, 0x0000000085200000| Complete 
|  83|0x0000000085300000, 0x0000000085400000, 0x0000000085400000|100%| E|CS|TAMS 0x0000000085300000, 0x0000000085300000| Complete 
|  84|0x0000000085400000, 0x0000000085500000, 0x0000000085500000|100%| E|CS|TAMS 0x0000000085400000, 0x0000000085400000| Complete 
|  85|0x0000000085500000, 0x0000000085600000, 0x0000000085600000|100%| E|CS|TAMS 0x0000000085500000, 0x0000000085500000| Complete 
|  86|0x0000000085600000, 0x0000000085700000, 0x0000000085700000|100%| E|CS|TAMS 0x0000000085600000, 0x0000000085600000| Complete 
|  87|0x0000000085700000, 0x0000000085800000, 0x0000000085800000|100%| E|CS|TAMS 0x0000000085700000, 0x0000000085700000| Complete 
|  88|0x0000000085800000, 0x0000000085900000, 0x0000000085900000|100%| E|CS|TAMS 0x0000000085800000, 0x0000000085800000| Complete 
|  89|0x0000000085900000, 0x0000000085a00000, 0x0000000085a00000|100%| E|CS|TAMS 0x0000000085900000, 0x0000000085900000| Complete 
|  90|0x0000000085a00000, 0x0000000085b00000, 0x0000000085b00000|100%| E|CS|TAMS 0x0000000085a00000, 0x0000000085a00000| Complete 
|  91|0x0000000085b00000, 0x0000000085c00000, 0x0000000085c00000|100%| E|CS|TAMS 0x0000000085b00000, 0x0000000085b00000| Complete 
|  92|0x0000000085c00000, 0x0000000085d00000, 0x0000000085d00000|100%| E|CS|TAMS 0x0000000085c00000, 0x0000000085c00000| Complete 
|  93|0x0000000085d00000, 0x0000000085e00000, 0x0000000085e00000|100%| E|CS|TAMS 0x0000000085d00000, 0x0000000085d00000| Complete 

Card table byte_map: [0x000001b0cd6c0000,0x000001b0cdac0000] _byte_map_base: 0x000001b0cd2c0000

Marking Bits (Prev, Next): (CMBitMap*) 0x000001b0b5000590, (CMBitMap*) 0x000001b0b5000558
 Prev Bits: [0x000001b0cfec0000, 0x000001b0d1ec0000)
 Next Bits: [0x000001b0cdec0000, 0x000001b0cfec0000)

Polling page: 0x000001b0b5090000

Metaspace:

Usage:
  Non-class:     27.95 MB capacity,    27.46 MB ( 98%) used,   422.85 KB (  1%) free+waste,    75.56 KB ( <1%) overhead. 
      Class:      4.50 MB capacity,     4.21 MB ( 94%) used,   253.79 KB (  6%) free+waste,    37.88 KB ( <1%) overhead. 
       Both:     32.45 MB capacity,    31.68 MB ( 98%) used,   676.64 KB (  2%) free+waste,   113.44 KB ( <1%) overhead. 

Virtual space:
  Non-class space:       34.00 MB reserved,      28.17 MB ( 83%) committed 
      Class space:      504.00 MB reserved,       4.50 MB ( <1%) committed 
             Both:      538.00 MB reserved,      32.67 MB (  6%) committed 

Chunk freelists:
   Non-Class:  4.50 KB
       Class:  256 bytes
        Both:  4.75 KB

CodeHeap 'non-profiled nmethods': size=119168Kb used=1373Kb max_used=1373Kb free=117794Kb
 bounds [0x000001b0c4ea0000, 0x000001b0c5110000, 0x000001b0cc300000]
CodeHeap 'profiled nmethods': size=119168Kb used=6745Kb max_used=6745Kb free=112423Kb
 bounds [0x000001b0bda40000, 0x000001b0be0e0000, 0x000001b0c4ea0000]
CodeHeap 'non-nmethods': size=7424Kb used=1733Kb max_used=2869Kb free=5690Kb
 bounds [0x000001b0bd300000, 0x000001b0bd650000, 0x000001b0bda40000]
 total_blobs=4240 nmethods=2956 adapters=427
 compilation: enabled
              stopped_count=0, restarted_count=0
 full_count=0

Compilation events (10 events):
Event: 40.209 Thread 0x000001b0d4f36800 nmethod 3068 0x000001b0be0c8790 code [0x000001b0be0c8940, 0x000001b0be0c8af8]
Event: 40.210 Thread 0x000001b0d7143000 nmethod 3069 0x000001b0be0c8b90 code [0x000001b0be0c8e00, 0x000001b0be0c99f0]
Event: 40.242 Thread 0x000001b0d4f36800 3070       3       java.lang.Class::getDeclaredMethods (27 bytes)
Event: 40.243 Thread 0x000001b0d4f36800 nmethod 3070 0x000001b0be0c9e10 code [0x000001b0be0ca000, 0x000001b0be0ca300]
Event: 40.243 Thread 0x000001b0d4f36800 3071       3       org.gradle.internal.reflect.MutablePropertyDetails::getGetters (8 bytes)
Event: 40.243 Thread 0x000001b0d7143000 3072       3       org.gradle.internal.reflect.MutablePropertyDetails::getSetters (8 bytes)
Event: 40.243 Thread 0x000001b0d4f36800 nmethod 3071 0x000001b0be0ca410 code [0x000001b0be0ca620, 0x000001b0be0cab80]
Event: 40.243 Thread 0x000001b0d4f36800 3073       3       java.util.HashMap::putVal (300 bytes)
Event: 40.243 Thread 0x000001b0d7143000 nmethod 3072 0x000001b0be0cad90 code [0x000001b0be0cafa0, 0x000001b0be0cb500]
Event: 40.244 Thread 0x000001b0d4f36800 nmethod 3073 0x000001b0be0cb710 code [0x000001b0be0cb9e0, 0x000001b0be0ccc00]

GC Heap History (10 events):
Event: 7.220 GC heap before
{Heap before GC invocations=1 (full 0):
 garbage-first heap   total 96256K, used 33164K [0x0000000080000000, 0x0000000100000000)
  region size 1024K, 25 young (25600K), 3 survivors (3072K)
 Metaspace       used 10856K, capacity 11071K, committed 11264K, reserved 526336K
  class space    used 1129K, capacity 1206K, committed 1280K, reserved 516096K
}
Event: 7.228 GC heap after
{Heap after GC invocations=2 (full 0):
 garbage-first heap   total 96256K, used 11288K [0x0000000080000000, 0x0000000100000000)
  region size 1024K, 1 young (1024K), 1 survivors (1024K)
 Metaspace       used 10856K, capacity 11071K, committed 11264K, reserved 526336K
  class space    used 1129K, capacity 1206K, committed 1280K, reserved 516096K
}
Event: 11.949 GC heap before
{Heap before GC invocations=2 (full 0):
 garbage-first heap   total 96256K, used 50200K [0x0000000080000000, 0x0000000100000000)
  region size 1024K, 39 young (39936K), 1 survivors (1024K)
 Metaspace       used 13215K, capacity 13520K, committed 13696K, reserved 528384K
  class space    used 1453K, capacity 1556K, committed 1664K, reserved 516096K
}
Event: 11.963 GC heap after
{Heap after GC invocations=3 (full 0):
 garbage-first heap   total 96256K, used 16410K [0x0000000080000000, 0x0000000100000000)
  region size 1024K, 5 young (5120K), 5 survivors (5120K)
 Metaspace       used 13215K, capacity 13520K, committed 13696K, reserved 528384K
  class space    used 1453K, capacity 1556K, committed 1664K, reserved 516096K
}
Event: 16.282 GC heap before
{Heap before GC invocations=3 (full 0):
 garbage-first heap   total 96256K, used 54298K [0x0000000080000000, 0x0000000100000000)
  region size 1024K, 43 young (44032K), 5 survivors (5120K)
 Metaspace       used 20782K, capacity 21218K, committed 21296K, reserved 536576K
  class space    used 2512K, capacity 2682K, committed 2688K, reserved 516096K
}
Event: 16.306 GC heap after
{Heap after GC invocations=4 (full 0):
 garbage-first heap   total 96256K, used 18620K [0x0000000080000000, 0x0000000100000000)
  region size 1024K, 3 young (3072K), 3 survivors (3072K)
 Metaspace       used 20782K, capacity 21218K, committed 21296K, reserved 536576K
  class space    used 2512K, capacity 2682K, committed 2688K, reserved 516096K
}
Event: 26.533 GC heap before
{Heap before GC invocations=5 (full 0):
 garbage-first heap   total 96256K, used 59580K [0x0000000080000000, 0x0000000100000000)
  region size 1024K, 43 young (44032K), 3 survivors (3072K)
 Metaspace       used 24624K, capacity 25258K, committed 25392K, reserved 538624K
  class space    used 3122K, capacity 3349K, committed 3456K, reserved 516096K
}
Event: 26.540 GC heap after
{Heap after GC invocations=6 (full 0):
 garbage-first heap   total 96256K, used 20080K [0x0000000080000000, 0x0000000100000000)
  region size 1024K, 4 young (4096K), 4 survivors (4096K)
 Metaspace       used 24624K, capacity 25258K, committed 25392K, reserved 538624K
  class space    used 3122K, capacity 3349K, committed 3456K, reserved 516096K
}
Event: 37.032 GC heap before
{Heap before GC invocations=6 (full 0):
 garbage-first heap   total 96256K, used 71280K [0x0000000080000000, 0x0000000100000000)
  region size 1024K, 54 young (55296K), 4 survivors (4096K)
 Metaspace       used 29470K, capacity 30252K, committed 30512K, reserved 542720K
  class space    used 3879K, capacity 4168K, committed 4224K, reserved 516096K
}
Event: 37.037 GC heap after
{Heap after GC invocations=7 (full 0):
 garbage-first heap   total 96256K, used 21791K [0x0000000080000000, 0x0000000100000000)
  region size 1024K, 6 young (6144K), 6 survivors (6144K)
 Metaspace       used 29470K, capacity 30252K, committed 30512K, reserved 542720K
  class space    used 3879K, capacity 4168K, committed 4224K, reserved 516096K
}

Deoptimization events (10 events):
Event: 20.484 Thread 0x000001b0d6ec7000 Uncommon trap: reason=unstable_if action=reinterpret pc=0x000001b0c4f18884 method=java.lang.String.substring(I)Ljava/lang/String; @ 34 c2
Event: 22.563 Thread 0x000001b0d7140800 Uncommon trap: reason=bimorphic_or_optimized_type_check action=maybe_recompile pc=0x000001b0c4f7ac48 method=java.util.HashMap.putVal(ILjava/lang/Object;Ljava/lang/Object;ZZ)Ljava/lang/Object; @ 203 c2
Event: 23.134 Thread 0x000001b0d6ec7000 Uncommon trap: reason=unstable_if action=reinterpret pc=0x000001b0c4f9f674 method=jdk.internal.loader.BuiltinClassLoader.loadClassOrNull(Ljava/lang/String;Z)Ljava/lang/Class; @ 17 c2
Event: 23.990 Thread 0x000001b0d6fdb000 Uncommon trap: reason=unstable_if action=reinterpret pc=0x000001b0c4f02208 method=java.lang.AbstractStringBuilder.append(Ljava/lang/String;)Ljava/lang/AbstractStringBuilder; @ 1 c2
Event: 23.990 Thread 0x000001b0d6fdb000 Uncommon trap: reason=unstable_if action=reinterpret pc=0x000001b0c4ed6c74 method=java.lang.AbstractStringBuilder.append(Ljava/lang/String;)Ljava/lang/AbstractStringBuilder; @ 1 c2
Event: 27.870 Thread 0x000001b0d6ec7000 Uncommon trap: reason=unstable_if action=reinterpret pc=0x000001b0c4ec8494 method=java.util.HashMap.hash(Ljava/lang/Object;)I @ 1 c2
Event: 29.932 Thread 0x000001b0d6ec7000 Uncommon trap: reason=intrinsic_or_type_checked_inlining action=make_not_entrant pc=0x000001b0c4fccef4 method=java.util.Arrays.copyOf([Ljava/lang/Object;ILjava/lang/Class;)[Ljava/lang/Object; @ 35 c2
Event: 30.870 Thread 0x000001b0d6ec7000 Uncommon trap: reason=predicate action=maybe_recompile pc=0x000001b0c4fc96bc method=com.google.common.base.CharMatcher.indexIn(Ljava/lang/CharSequence;I)I @ 19 c2
Event: 36.644 Thread 0x000001b0d6ec7000 Uncommon trap: reason=unstable_if action=reinterpret pc=0x000001b0c4f8013c method=java.util.HashMap.hash(Ljava/lang/Object;)I @ 1 c2
Event: 40.234 Thread 0x000001b0d6ec7000 Uncommon trap: reason=unstable_if action=reinterpret pc=0x000001b0c4ff0be8 method=java.util.HashMap.putVal(ILjava/lang/Object;Ljava/lang/Object;ZZ)Ljava/lang/Object; @ 162 c2

Classes redefined (0 events):
No events

Internal exceptions (10 events):
Event: 30.973 Thread 0x000001b0d6ec7000 Exception <a 'java/lang/NoSuchMethodError'{0x00000000849a8e78}: java.lang.invoke.DirectMethodHandle$Holder.invokeVirtual(Ljava/lang/Object;Ljava/lang/Object;Ljava/lang/Object;)I> (0x00000000849a8e78) thrown at [t:/workspace/open/src/hotspot/share/interpre
Event: 34.659 Thread 0x000001b0d6ec7000 Exception <a 'java/lang/NoSuchMethodError'{0x00000000838d12b0}: java.lang.invoke.DirectMethodHandle$Holder.invokeSpecialIFC(Ljava/lang/Object;Ljava/lang/Object;Ljava/lang/Object;Ljava/lang/Object;)Ljava/lang/Object;> (0x00000000838d12b0) thrown at [t:/wor
Event: 36.644 Thread 0x000001b0d6ec7000 Implicit null exception at 0x000001b0c4f7ff75 to 0x000001b0c4f8012a
Event: 37.025 Thread 0x000001b0d6ec7000 Exception <a 'java/lang/NoSuchMethodError'{0x0000000082808938}: java.lang.invoke.DirectMethodHandle$Holder.invokeSpecial(Ljava/lang/Object;Ljava/lang/Object;Ljava/lang/Object;Ljava/lang/Object;Ljava/lang/Object;Ljava/lang/Object;Ljava/lang/Object;Ljava/la
Event: 37.026 Thread 0x000001b0d6ec7000 Exception <a 'java/lang/NoSuchMethodError'{0x0000000082819228}: java.lang.invoke.Invokers$Holder.linkToTargetMethod(Ljava/lang/Object;Ljava/lang/Object;Ljava/lang/Object;Ljava/lang/Object;Ljava/lang/Object;Ljava/lang/Object;Ljava/lang/Object;Ljava/lang/Ob
Event: 37.030 Thread 0x000001b0d6ec7000 Exception <a 'java/lang/NoSuchMethodError'{0x00000000828bd428}: java.lang.invoke.DirectMethodHandle$Holder.invokeSpecial(Ljava/lang/Object;Ljava/lang/Object;Ljava/lang/Object;Ljava/lang/Object;Ljava/lang/Object;Ljava/lang/Object;Ljava/lang/Object;Ljava/la
Event: 37.030 Thread 0x000001b0d6ec7000 Exception <a 'java/lang/NoSuchMethodError'{0x00000000828cec90}: java.lang.invoke.Invokers$Holder.linkToTargetMethod(Ljava/lang/Object;Ljava/lang/Object;Ljava/lang/Object;Ljava/lang/Object;Ljava/lang/Object;Ljava/lang/Object;Ljava/lang/Object;Ljava/lang/Ob
Event: 37.252 Thread 0x000001b0d6ec7000 Exception <a 'java/lang/NoSuchMethodError'{0x0000000085c21d50}: java.lang.invoke.DirectMethodHandle$Holder.invokeStaticInit(Ljava/lang/Object;Ljava/lang/Object;Ljava/lang/Object;Ljava/lang/Object;)Ljava/lang/Object;> (0x0000000085c21d50) thrown at [t:/wor
Event: 38.471 Thread 0x000001b0d6ec7000 Exception <a 'java/lang/NoSuchMethodError'{0x0000000084d392e0}: java.lang.invoke.Invokers$Holder.linkToTargetMethod(Ljava/lang/Object;Ljava/lang/Object;Ljava/lang/Object;Ljava/lang/Object;Ljava/lang/Object;Ljava/lang/Object;Ljava/lang/Object;Ljava/lang/Ob
Event: 38.482 Thread 0x000001b0d6ec7000 Exception <a 'java/lang/IncompatibleClassChangeError'{0x0000000084dbb0e8}: Found class java.lang.Object, but interface was expected> (0x0000000084dbb0e8) thrown at [t:/workspace/open/src/hotspot/share/interpreter/linkResolver.cpp, line 838]

Events (10 events):
Event: 40.232 loading class org/gradle/initialization/ProjectDescriptorRegistry done
Event: 40.232 loading class org/gradle/plugin/management/PluginManagementSpec
Event: 40.232 loading class org/gradle/plugin/management/PluginManagementSpec done
Event: 40.233 loading class org/gradle/vcs/SourceControl
Event: 40.233 loading class org/gradle/vcs/SourceControl done
Event: 40.234 Thread 0x000001b0d6ec7000 Uncommon trap: trap_request=0xffffff4d fr.pc=0x000001b0c4ff0be8 relative=0x0000000000000388
Event: 40.241 Thread 0x000001b0d6ec7000 DEOPT PACKING pc=0x000001b0c4ff0be8 sp=0x0000008a141f9f50
Event: 40.241 Thread 0x000001b0d6ec7000 DEOPT UNPACKING pc=0x000001b0bd328f2f sp=0x0000008a141f9ed0 mode 2
Event: 40.243 loading class org/gradle/initialization/IncludedBuildSpec
Event: 40.243 loading class org/gradle/initialization/IncludedBuildSpec done


Dynamic libraries:
0x00007ff7d74e0000 - 0x00007ff7d7525000 	C:\Users\timp7\AppData\Local\jdk-11.0.2\bin\java.exe
0x00007ffccd4f0000 - 0x00007ffccd707000 	C:\WINDOWS\SYSTEM32\ntdll.dll
0x00007ffccc520000 - 0x00007ffccc5e4000 	C:\WINDOWS\System32\KERNEL32.DLL
0x00007ffccaaa0000 - 0x00007ffccae46000 	C:\WINDOWS\System32\KERNELBASE.dll
0x00007ffccb880000 - 0x00007ffccba2e000 	C:\WINDOWS\System32\USER32.dll
0x00007ffcca830000 - 0x00007ffcca856000 	C:\WINDOWS\System32\win32u.dll
0x00007ffccd480000 - 0x00007ffccd4a9000 	C:\WINDOWS\System32\GDI32.dll
0x00007ffcca980000 - 0x00007ffccaa98000 	C:\WINDOWS\System32\gdi32full.dll
0x00007ffcca860000 - 0x00007ffcca8fa000 	C:\WINDOWS\System32\msvcp_win.dll
0x00007ffccafb0000 - 0x00007ffccb0c1000 	C:\WINDOWS\System32\ucrtbase.dll
0x00007ffcbc210000 - 0x00007ffcbc4a3000 	C:\WINDOWS\WinSxS\amd64_microsoft.windows.common-controls_6595b64144ccf1df_6.0.22621.2506_none_270c5ae97388e100\COMCTL32.dll
0x00007ffcccec0000 - 0x00007ffcccf67000 	C:\WINDOWS\System32\msvcrt.dll
0x00007ffccbb30000 - 0x00007ffccbb61000 	C:\WINDOWS\System32\IMM32.DLL
0x00007ffcc43c0000 - 0x00007ffcc43d6000 	C:\Users\timp7\AppData\Local\jdk-11.0.2\bin\vcruntime140.dll
0x00007ffc78ad0000 - 0x00007ffc78b7a000 	C:\Users\timp7\AppData\Local\jdk-11.0.2\bin\msvcp140.dll
0x00007ffc3d240000 - 0x00007ffc3dd63000 	C:\Users\timp7\AppData\Local\jdk-11.0.2\bin\server\jvm.dll
0x00007ffccb6d0000 - 0x00007ffccb783000 	C:\WINDOWS\System32\ADVAPI32.dll
0x00007ffccd3d0000 - 0x00007ffccd478000 	C:\WINDOWS\System32\sechost.dll
0x00007ffccaec0000 - 0x00007ffccaee8000 	C:\WINDOWS\System32\bcrypt.dll
0x00007ffccb5a0000 - 0x00007ffccb6b7000 	C:\WINDOWS\System32\RPCRT4.dll
0x00007ffccccd0000 - 0x00007ffccccd8000 	C:\WINDOWS\System32\PSAPI.DLL
0x00007ffcc14e0000 - 0x00007ffcc14ea000 	C:\WINDOWS\SYSTEM32\VERSION.dll
0x00007ffcc6e90000 - 0x00007ffcc6e99000 	C:\WINDOWS\SYSTEM32\WSOCK32.dll
0x00007ffcbe420000 - 0x00007ffcbe454000 	C:\WINDOWS\SYSTEM32\WINMM.dll
0x00007ffccbb70000 - 0x00007ffccbbe1000 	C:\WINDOWS\System32\WS2_32.dll
0x00007ffcc9920000 - 0x00007ffcc9938000 	C:\WINDOWS\SYSTEM32\kernel.appcore.dll
0x00007ffcc0260000 - 0x00007ffcc0271000 	C:\Users\timp7\AppData\Local\jdk-11.0.2\bin\verify.dll
0x00007ffcc83b0000 - 0x00007ffcc85e3000 	C:\WINDOWS\SYSTEM32\DBGHELP.DLL
0x00007ffccd040000 - 0x00007ffccd3c9000 	C:\WINDOWS\System32\combase.dll
0x00007ffcccde0000 - 0x00007ffccceb7000 	C:\WINDOWS\System32\OLEAUT32.dll
0x00007ffcb33b0000 - 0x00007ffcb33e2000 	C:\WINDOWS\SYSTEM32\dbgcore.DLL
0x00007ffcca900000 - 0x00007ffcca97a000 	C:\WINDOWS\System32\bcryptPrimitives.dll
0x00007ffc78aa0000 - 0x00007ffc78ac8000 	C:\Users\timp7\AppData\Local\jdk-11.0.2\bin\java.dll
0x00007ffc90350000 - 0x00007ffc90366000 	C:\Users\timp7\AppData\Local\jdk-11.0.2\bin\zip.dll
0x00007ffcc6f90000 - 0x00007ffcc6f9a000 	C:\Users\timp7\AppData\Local\jdk-11.0.2\bin\jimage.dll
0x00007ffccbcb0000 - 0x00007ffccc50b000 	C:\WINDOWS\System32\SHELL32.dll
0x00007ffcc8750000 - 0x00007ffcc9046000 	C:\WINDOWS\SYSTEM32\windows.storage.dll
0x00007ffcc8610000 - 0x00007ffcc874e000 	C:\WINDOWS\SYSTEM32\wintypes.dll
0x00007ffccba30000 - 0x00007ffccbb23000 	C:\WINDOWS\System32\SHCORE.dll
0x00007ffccb540000 - 0x00007ffccb59e000 	C:\WINDOWS\System32\shlwapi.dll
0x00007ffcca760000 - 0x00007ffcca786000 	C:\WINDOWS\SYSTEM32\profapi.dll
0x00007ffc880c0000 - 0x00007ffc880d9000 	C:\Users\timp7\AppData\Local\jdk-11.0.2\bin\net.dll
0x00007ffcb1410000 - 0x00007ffcb1600000 	C:\WINDOWS\SYSTEM32\urlmon.dll
0x00007ffcb09a0000 - 0x00007ffcb0c5c000 	C:\WINDOWS\SYSTEM32\iertutil.dll
0x00007ffcc3ef0000 - 0x00007ffcc4027000 	C:\WINDOWS\SYSTEM32\WINHTTP.dll
0x00007ffcc92a0000 - 0x00007ffcc92ac000 	C:\WINDOWS\SYSTEM32\netutils.dll
0x00007ffcb0970000 - 0x00007ffcb0998000 	C:\WINDOWS\SYSTEM32\srvcli.dll
0x00007ffcc9d90000 - 0x00007ffcc9df9000 	C:\WINDOWS\system32\mswsock.dll
0x00007ffc87c80000 - 0x00007ffc87c93000 	C:\Users\timp7\AppData\Local\jdk-11.0.2\bin\nio.dll
0x00007ffc74f90000 - 0x00007ffc74fb7000 	C:\Users\timp7\.gradle\native\68d5fa5c4cc2d200863cafc0d521ce42e7d3e7ee720ec0a83991735586a16f82\windows-amd64\native-platform.dll
0x00007ffc74d20000 - 0x00007ffc74e64000 	C:\Users\timp7\.gradle\native\e376f236ea51e6404a007f0833ffe2c6e607c4080706a723a18a27aeea778392\windows-amd64\native-platform-file-events.dll
0x00007ffc9a7a0000 - 0x00007ffc9a7a9000 	C:\Users\timp7\AppData\Local\jdk-11.0.2\bin\management.dll
0x00007ffc98460000 - 0x00007ffc9846c000 	C:\Users\timp7\AppData\Local\jdk-11.0.2\bin\management_ext.dll
0x00007ffcca030000 - 0x00007ffcca04b000 	C:\WINDOWS\SYSTEM32\CRYPTSP.dll
0x00007ffcc9880000 - 0x00007ffcc98b5000 	C:\WINDOWS\system32\rsaenh.dll
0x00007ffcc9e30000 - 0x00007ffcc9e5c000 	C:\WINDOWS\SYSTEM32\USERENV.dll
0x00007ffcc9f90000 - 0x00007ffcc9f9c000 	C:\WINDOWS\SYSTEM32\CRYPTBASE.dll
0x00007ffcc9360000 - 0x00007ffcc938d000 	C:\WINDOWS\SYSTEM32\IPHLPAPI.DLL
0x00007ffccc510000 - 0x00007ffccc519000 	C:\WINDOWS\System32\NSI.dll
0x00007ffcc40d0000 - 0x00007ffcc40e9000 	C:\WINDOWS\SYSTEM32\dhcpcsvc6.DLL
0x00007ffcc40b0000 - 0x00007ffcc40cf000 	C:\WINDOWS\SYSTEM32\dhcpcsvc.DLL
0x00007ffcc9390000 - 0x00007ffcc9489000 	C:\WINDOWS\SYSTEM32\DNSAPI.dll

dbghelp: loaded successfully - version: 4.0.5 - missing functions: none
symbol engine: initialized successfully - sym options: 0x614 - pdb path: .;C:\Users\timp7\AppData\Local\jdk-11.0.2\bin;C:\WINDOWS\SYSTEM32;C:\WINDOWS\WinSxS\amd64_microsoft.windows.common-controls_6595b64144ccf1df_6.0.22621.2506_none_270c5ae97388e100;C:\Users\timp7\AppData\Local\jdk-11.0.2\bin\server;C:\Users\timp7\.gradle\native\68d5fa5c4cc2d200863cafc0d521ce42e7d3e7ee720ec0a83991735586a16f82\windows-amd64;C:\Users\timp7\.gradle\native\e376f236ea51e6404a007f0833ffe2c6e607c4080706a723a18a27aeea778392\windows-amd64

VM Arguments:
jvm_args: -XX:MaxMetaspaceSize=512m --add-opens=java.base/java.util=ALL-UNNAMED --add-opens=java.base/java.lang=ALL-UNNAMED --add-opens=java.base/java.lang.invoke=ALL-UNNAMED --add-opens=java.prefs/java.util.prefs=ALL-UNNAMED --add-opens=java.base/java.nio.charset=ALL-UNNAMED --add-opens=java.base/java.net=ALL-UNNAMED --add-opens=java.base/java.util.concurrent.atomic=ALL-UNNAMED -Xmx2048m -Dfile.encoding=windows-1252 -Duser.country=US -Duser.language=en -Duser.variant 
java_command: org.gradle.launcher.daemon.bootstrap.GradleDaemon 8.0.1
java_class_path (initial): C:\Users\timp7\.gradle\wrapper\dists\gradle-8.0.1-all\aro4hu1c3oeioove7l0i4i14o\gradle-8.0.1\lib\gradle-launcher-8.0.1.jar
Launcher Type: SUN_STANDARD

[Global flags]
     intx CICompilerCount                          = 12                                        {product} {ergonomic}
   size_t CompressedClassSpaceSize                 = 528482304                                 {product} {ergonomic}
     uint ConcGCThreads                            = 3                                         {product} {ergonomic}
     uint G1ConcRefinementThreads                  = 13                                        {product} {ergonomic}
   size_t G1HeapRegionSize                         = 1048576                                   {product} {ergonomic}
    uintx GCDrainStackTargetSize                   = 64                                        {product} {ergonomic}
   size_t InitialHeapSize                          = 98566144                                  {product} {ergonomic}
   size_t MarkStackSize                            = 4194304                                   {product} {ergonomic}
   size_t MaxHeapSize                              = 2147483648                                {product} {command line}
   size_t MaxMetaspaceSize                         = 536870912                                 {product} {command line}
   size_t MaxNewSize                               = 1287651328                                {product} {ergonomic}
   size_t MinHeapDeltaBytes                        = 1048576                                   {product} {ergonomic}
    uintx NonNMethodCodeHeapSize                   = 7591728                                {pd product} {ergonomic}
    uintx NonProfiledCodeHeapSize                  = 122033256                              {pd product} {ergonomic}
    uintx ProfiledCodeHeapSize                     = 122033256                              {pd product} {ergonomic}
    uintx ReservedCodeCacheSize                    = 251658240                              {pd product} {ergonomic}
     bool SegmentedCodeCache                       = true                                      {product} {ergonomic}
     bool UseCompressedClassPointers               = true                                 {lp64_product} {ergonomic}
     bool UseCompressedOops                        = true                                 {lp64_product} {ergonomic}
     bool UseG1GC                                  = true                                      {product} {ergonomic}
     bool UseLargePagesIndividualAllocation        = false                                  {pd product} {ergonomic}

Logging:
Log output configuration:
 #0: stdout all=warning uptime,level,tags
 #1: stderr all=off uptime,level,tags

Environment Variables:
JAVA_HOME=C:\Users\timp7\AppData\Local\jdk-11.0.2
CLASSPATH=C:\Users\timp7\OneDrive\Documents\GitHub\scouting-app\scouting\android\\gradle\wrapper\gradle-wrapper.jar
PATH=C:\Users\timp7\OneDrive\Documents\GitHub\scouting-app\scouting\node_modules\.bin;C:\Users\timp7\OneDrive\Documents\GitHub\scouting-app\scouting\node_modules\.bin;C:\Users\timp7\OneDrive\Documents\GitHub\scouting-app\node_modules\.bin;C:\Users\timp7\OneDrive\Documents\GitHub\node_modules\.bin;C:\Users\timp7\OneDrive\Documents\node_modules\.bin;C:\Users\timp7\OneDrive\node_modules\.bin;C:\Users\timp7\node_modules\.bin;C:\Users\node_modules\.bin;C:\node_modules\.bin;C:\Program Files\nodejs\node_modules\npm\node_modules\@npmcli\run-script\lib\node-gyp-bin;C:\Users\timp7\OneDrive\Documents\GitHub\scouting-app\scouting\node_modules\.bin;C:\Users\timp7\OneDrive\Documents\GitHub\scouting-app\node_modules\.bin;C:\Users\timp7\OneDrive\Documents\GitHub\node_modules\.bin;C:\Users\timp7\OneDrive\Documents\node_modules\.bin;C:\Users\timp7\OneDrive\node_modules\.bin;C:\Users\timp7\node_modules\.bin;C:\Users\node_modules\.bin;C:\node_modules\.bin;C:\Program Files\nodejs\node_modules\npm\node_modules\@npmcli\run-script\lib\node-gyp-bin;C:\Program Files\Microsoft\jdk-17.0.10.7-hotspot\bin;C:\Program Files\Common Files\Oracle\Java\javapath;C:\Program Files\Eclipse Adoptium\jdk-11.0.22.7-hotspot\bin;C:\Program Files (x86)\Common Files\Oracle\Java\javapath;C:\Windows\system32;C:\Windows;C:\Windows\System32\Wbem;C:\Windows\System32\WindowsPowerShell\v1.0\;C:\Windows\System32\OpenSSH\;C:\Program Files (x86)\NVIDIA Corporation\PhysX\Common;C:\Program Files\NVIDIA Corporation\NVIDIA NvDLISR;C:\Program Files\dotnet\;C:\WINDOWS\system32;C:\WINDOWS;C:\WINDOWS\System32\Wbem;C:\WINDOWS\System32\WindowsPowerShell\v1.0\;C:\WINDOWS\System32\OpenSSH\;C:\Program Files\Git\cmd;C:\ProgramData\chocolatey\bin;C:\Program Files\nodejs\;C:\Users\timp7\AppData\Local\Android\Sdk\platform-tools;C:\Users\timp7\AppData\Local\Android\Sdk\emulator;C:\Users\timp7\AppData\Local\Android\Sdk\tools;C:\Users\timp7\AppData\Local\jdk-11.0.2\bin;C:\Users\timp7\AppData\Local\Programs\Eclipse Adoptium\jdk-17.0.8.7-hotspot\
USERNAME=timp7
OS=Windows_NT
PROCESSOR_IDENTIFIER=AMD64 Family 25 Model 80 Stepping 0, AuthenticAMD



---------------  S Y S T E M  ---------------

OS: Windows 10 , 64 bit Build 22621 (10.0.22621.3085)

CPU:total 16 (initial active 16) (16 cores per cpu, 2 threads per core) family 25 model 80 stepping 0, cmov, cx8, fxsr, mmx, sse, sse2, sse3, ssse3, sse4.1, sse4.2, popcnt, avx, avx2, aes, clmul, erms, mmxext, 3dnowpref, lzcnt, sse4a, ht, tsc, tscinvbit, tscinv, bmi1, bmi2, adx, sha, fma

Memory: 4k page, system-wide physical 5996M (6M free)
TotalPageFile size 24428M (AvailPageFile size 0M)
current process WorkingSet (physical memory assigned to process): 28M, peak: 102M
current process commit charge ("private bytes"): 258M, peak: 258M

vm_info: OpenJDK 64-Bit Server VM (11.0.2+9) for windows-amd64 JRE (11.0.2+9), built on Jan 18 2019 05:23:22 by "mach5one" with MS VC++ 15.5 (VS2017)

END.
