#
# There is insufficient memory for the Java Runtime Environment to continue.
# Native memory allocation (malloc) failed to allocate 1266896 bytes for Chunk::new
# Possible reasons:
#   The system is out of physical RAM or swap space
#   The process is running with CompressedOops enabled, and the Java Heap may be blocking the growth of the native heap
# Possible solutions:
#   Reduce memory load on the system
#   Increase physical memory or swap space
#   Check if swap backing store is full
#   Decrease Java heap size (-Xmx/-Xms)
#   Decrease number of Java threads
#   Decrease Java thread stack sizes (-Xss)
#   Set larger code cache with -XX:ReservedCodeCacheSize=
#   JVM is running with Unscaled Compressed Oops mode in which the Java heap is
#     placed in the first 4GB address space. The Java Heap base address is the
#     maximum limit for the native heap growth. Please use -XX:HeapBaseMinAddress
#     to set the Java Heap base and to place the Java Heap above 4GB virtual address.
# This output file may be truncated or incomplete.
#
#  Out of Memory Error (t:/workspace/open/src/hotspot/share/memory/arena.cpp:197), pid=30308, tid=30812
#
# JRE version: OpenJDK Runtime Environment (11.0.2+9) (build 11.0.2+9)
# Java VM: OpenJDK 64-Bit Server VM (11.0.2+9, mixed mode, tiered, compressed oops, g1 gc, windows-amd64)
# No core dump will be written. Minidumps are not enabled by default on client versions of Windows
#

---------------  S U M M A R Y ------------

Command Line: -XX:MaxMetaspaceSize=512m --add-opens=java.base/java.util=ALL-UNNAMED --add-opens=java.base/java.lang=ALL-UNNAMED --add-opens=java.base/java.lang.invoke=ALL-UNNAMED --add-opens=java.prefs/java.util.prefs=ALL-UNNAMED --add-opens=java.base/java.nio.charset=ALL-UNNAMED --add-opens=java.base/java.net=ALL-UNNAMED --add-opens=java.base/java.util.concurrent.atomic=ALL-UNNAMED -Xmx2048m -Dfile.encoding=windows-1252 -Duser.country=US -Duser.language=en -Duser.variant org.gradle.launcher.daemon.bootstrap.GradleDaemon 8.0.1

Host: AMD Ryzen 7 5800H with Radeon Graphics         , 16 cores, 5G,  Windows 10 , 64 bit Build 22621 (10.0.22621.3085)
Time: Fri Mar  1 21:33:12 2024 Pacific Standard Time elapsed time: 40 seconds (0d 0h 0m 40s)

---------------  T H R E A D  ---------------

Current thread (0x00000244c9f8f000):  JavaThread "C2 CompilerThread0" daemon [_thread_in_native, id=30812, stack(0x0000009f3c800000,0x0000009f3c900000)]


Current CompileTask:
C2:  40506 3023   !   4       java.lang.reflect.Executable::declaredAnnotations (85 bytes)

Stack: [0x0000009f3c800000,0x0000009f3c900000]
Native frames: (J=compiled Java code, j=interpreted, Vv=VM code, C=native code)
V  [jvm.dll+0x63489a]
V  [jvm.dll+0x771f9f]
V  [jvm.dll+0x773648]
V  [jvm.dll+0x773d03]
V  [jvm.dll+0x25eba8]
V  [jvm.dll+0xc2191]
V  [jvm.dll+0xc271c]
V  [jvm.dll+0x36cc02]
V  [jvm.dll+0x339b13]
V  [jvm.dll+0x338eea]
V  [jvm.dll+0x2189c5]
V  [jvm.dll+0x217b6a]
V  [jvm.dll+0x194370]
V  [jvm.dll+0x226b3f]
V  [jvm.dll+0x225148]
V  [jvm.dll+0x73774d]
V  [jvm.dll+0x633942]
C  [ucrtbase.dll+0x29363]
C  [KERNEL32.DLL+0x1257d]
C  [ntdll.dll+0x5aa58]


---------------  P R O C E S S  ---------------

Threads class SMR info:
_java_thread_list=0x00000244ccda9340, length=33, elements={
0x00000244aa851000, 0x00000244c9f80000, 0x00000244c9f81800, 0x00000244c9f8b800,
0x00000244c9f8d000, 0x00000244c9f8f000, 0x00000244c9f92000, 0x00000244c9f93800,
0x00000244caa80800, 0x00000244caaff000, 0x00000244cc06d000, 0x00000244cb868800,
0x00000244cb639000, 0x00000244cc86b000, 0x00000244cc86b800, 0x00000244cb7d9000,
0x00000244cac9d000, 0x00000244cac9d800, 0x00000244cc3cf800, 0x00000244cc476800,
0x00000244cc069800, 0x00000244cc068000, 0x00000244cc068800, 0x00000244cc067000,
0x00000244cd50b800, 0x00000244cd50e000, 0x00000244cd50e800, 0x00000244cd50a800,
0x00000244cd50c000, 0x00000244cd50d000, 0x00000244cd50f800, 0x00000244cd509800,
0x00000244cd5ae000
}

Java Threads: ( => current thread )
  0x00000244aa851000 JavaThread "main" [_thread_blocked, id=14372, stack(0x0000009f3bd00000,0x0000009f3be00000)]
  0x00000244c9f80000 JavaThread "Reference Handler" daemon [_thread_blocked, id=27372, stack(0x0000009f3c400000,0x0000009f3c500000)]
  0x00000244c9f81800 JavaThread "Finalizer" daemon [_thread_blocked, id=16376, stack(0x0000009f3c500000,0x0000009f3c600000)]
  0x00000244c9f8b800 JavaThread "Signal Dispatcher" daemon [_thread_blocked, id=31656, stack(0x0000009f3c600000,0x0000009f3c700000)]
  0x00000244c9f8d000 JavaThread "Attach Listener" daemon [_thread_blocked, id=31664, stack(0x0000009f3c700000,0x0000009f3c800000)]
=>0x00000244c9f8f000 JavaThread "C2 CompilerThread0" daemon [_thread_in_native, id=30812, stack(0x0000009f3c800000,0x0000009f3c900000)]
  0x00000244c9f92000 JavaThread "C1 CompilerThread0" daemon [_thread_blocked, id=30800, stack(0x0000009f3c900000,0x0000009f3ca00000)]
  0x00000244c9f93800 JavaThread "Sweeper thread" daemon [_thread_blocked, id=33276, stack(0x0000009f3ca00000,0x0000009f3cb00000)]
  0x00000244caa80800 JavaThread "Common-Cleaner" daemon [_thread_blocked, id=2408, stack(0x0000009f3cb00000,0x0000009f3cc00000)]
  0x00000244caaff000 JavaThread "Service Thread" daemon [_thread_blocked, id=31552, stack(0x0000009f3ce00000,0x0000009f3cf00000)]
  0x00000244cc06d000 JavaThread "Daemon health stats" [_thread_blocked, id=30252, stack(0x0000009f3d200000,0x0000009f3d300000)]
  0x00000244cb868800 JavaThread "Incoming local TCP Connector on port 52944" [_thread_in_native, id=8136, stack(0x0000009f3d300000,0x0000009f3d400000)]
  0x00000244cb639000 JavaThread "Daemon periodic checks" [_thread_blocked, id=30660, stack(0x0000009f3d000000,0x0000009f3d100000)]
  0x00000244cc86b000 JavaThread "Daemon" [_thread_blocked, id=7648, stack(0x0000009f3d100000,0x0000009f3d200000)]
  0x00000244cc86b800 JavaThread "Handler for socket connection from /127.0.0.1:52944 to /127.0.0.1:52982" [_thread_in_native, id=23524, stack(0x0000009f3d400000,0x0000009f3d500000)]
  0x00000244cb7d9000 JavaThread "Cancel handler" [_thread_blocked, id=26232, stack(0x0000009f3d500000,0x0000009f3d600000)]
  0x00000244cac9d000 JavaThread "Daemon worker" [_thread_in_native, id=10360, stack(0x0000009f3d600000,0x0000009f3d700000)]
  0x00000244cac9d800 JavaThread "Asynchronous log dispatcher for DefaultDaemonConnection: socket connection from /127.0.0.1:52944 to /127.0.0.1:52982" [_thread_blocked, id=14224, stack(0x0000009f3d700000,0x0000009f3d800000)]
  0x00000244cc3cf800 JavaThread "Stdin handler" [_thread_blocked, id=3560, stack(0x0000009f3d800000,0x0000009f3d900000)]
  0x00000244cc476800 JavaThread "Daemon client event forwarder" [_thread_blocked, id=30208, stack(0x0000009f3d900000,0x0000009f3da00000)]
  0x00000244cc069800 JavaThread "Cache worker for journal cache (C:\Users\timp7\.gradle\caches\journal-1)" [_thread_blocked, id=30612, stack(0x0000009f3da00000,0x0000009f3db00000)]
  0x00000244cc068000 JavaThread "File lock request listener" [_thread_in_native, id=23408, stack(0x0000009f3e600000,0x0000009f3e700000)]
  0x00000244cc068800 JavaThread "File lock release action executor" [_thread_blocked, id=30780, stack(0x0000009f3e800000,0x0000009f3e900000)]
  0x00000244cc067000 JavaThread "Cache worker for file hash cache (C:\Users\timp7\.gradle\caches\8.0.1\fileHashes)" [_thread_blocked, id=5408, stack(0x0000009f3e900000,0x0000009f3ea00000)]
  0x00000244cd50b800 JavaThread "File watcher server" daemon [_thread_in_native, id=27048, stack(0x0000009f3ea00000,0x0000009f3eb00000)]
  0x00000244cd50e000 JavaThread "File watcher consumer" daemon [_thread_blocked, id=10548, stack(0x0000009f3ec00000,0x0000009f3ed00000)]
  0x00000244cd50e800 JavaThread "Cache worker for checksums cache (C:\Users\timp7\OneDrive\Documents\GitHub\scouting-app\scouting\android\.gradle\8.0.1\checksums)" [_thread_blocked, id=9344, stack(0x0000009f3ed00000,0x0000009f3ee00000)]
  0x00000244cd50a800 JavaThread "Cache worker for cache directory md-rule (C:\Users\timp7\.gradle\caches\8.0.1\md-rule)" [_thread_blocked, id=23716, stack(0x0000009f3eb00000,0x0000009f3ec00000)]
  0x00000244cd50c000 JavaThread "Cache worker for file content cache (C:\Users\timp7\.gradle\caches\8.0.1\fileContent)" [_thread_blocked, id=33668, stack(0x0000009f3ef00000,0x0000009f3f000000)]
  0x00000244cd50d000 JavaThread "Cache worker for file hash cache (C:\Users\timp7\OneDrive\Documents\GitHub\scouting-app\scouting\android\.gradle\8.0.1\fileHashes)" [_thread_blocked, id=19128, stack(0x0000009f3f000000,0x0000009f3f100000)]
  0x00000244cd50f800 JavaThread "Cache worker for cache directory md-supplier (C:\Users\timp7\.gradle\caches\8.0.1\md-supplier)" [_thread_blocked, id=13892, stack(0x0000009f3f100000,0x0000009f3f200000)]
  0x00000244cd509800 JavaThread "Cache worker for execution history cache (C:\Users\timp7\.gradle\caches\8.0.1\executionHistory)" [_thread_blocked, id=22076, stack(0x0000009f3f200000,0x0000009f3f300000)]
  0x00000244cd5ae000 JavaThread "C2 CompilerThread1" daemon [_thread_new, id=20232, stack(0x0000000000000000,0x0000000000000000)]

Other Threads:
  0x00000244c9f6c800 VMThread "VM Thread" [stack: 0x0000009f3c300000,0x0000009f3c400000] [id=30848]
  0x00000244cab02000 WatcherThread [stack: 0x0000009f3cf00000,0x0000009f3d000000] [id=22656]
  0x00000244aa868000 GCTaskThread "GC Thread#0" [stack: 0x0000009f3be00000,0x0000009f3bf00000] [id=33484]
  0x00000244cba1d800 GCTaskThread "GC Thread#1" [stack: 0x0000009f3cc00000,0x0000009f3cd00000] [id=28252]
  0x00000244cae01800 GCTaskThread "GC Thread#2" [stack: 0x0000009f3db00000,0x0000009f3dc00000] [id=19668]
  0x00000244cac4f000 GCTaskThread "GC Thread#3" [stack: 0x0000009f3dc00000,0x0000009f3dd00000] [id=29404]
  0x00000244cc7e0800 GCTaskThread "GC Thread#4" [stack: 0x0000009f3dd00000,0x0000009f3de00000] [id=30068]
  0x00000244cb73d800 GCTaskThread "GC Thread#5" [stack: 0x0000009f3de00000,0x0000009f3df00000] [id=14088]
  0x00000244cb73e000 GCTaskThread "GC Thread#6" [stack: 0x0000009f3df00000,0x0000009f3e000000] [id=30256]
  0x00000244cbb98000 GCTaskThread "GC Thread#7" [stack: 0x0000009f3e000000,0x0000009f3e100000] [id=30248]
  0x00000244cbb98800 GCTaskThread "GC Thread#8" [stack: 0x0000009f3e100000,0x0000009f3e200000] [id=29732]
  0x00000244cc7bb800 GCTaskThread "GC Thread#9" [stack: 0x0000009f3e200000,0x0000009f3e300000] [id=24812]
  0x00000244cac65000 GCTaskThread "GC Thread#10" [stack: 0x0000009f3e300000,0x0000009f3e400000] [id=30280]
  0x00000244cac65800 GCTaskThread "GC Thread#11" [stack: 0x0000009f3e400000,0x0000009f3e500000] [id=30776]
  0x00000244caceb000 GCTaskThread "GC Thread#12" [stack: 0x0000009f3e500000,0x0000009f3e600000] [id=29624]
  0x00000244aa897800 ConcurrentGCThread "G1 Main Marker" [stack: 0x0000009f3bf00000,0x0000009f3c000000] [id=3492]
  0x00000244aa89b800 ConcurrentGCThread "G1 Conc#0" [stack: 0x0000009f3c000000,0x0000009f3c100000] [id=15876]
  0x00000244cc77c000 ConcurrentGCThread "G1 Conc#1" [stack: 0x0000009f3cd00000,0x0000009f3ce00000] [id=27868]
  0x00000244cb96b800 ConcurrentGCThread "G1 Conc#2" [stack: 0x0000009f3e700000,0x0000009f3e800000] [id=23656]
  0x00000244c9de1800 ConcurrentGCThread "G1 Refine#0" [stack: 0x0000009f3c100000,0x0000009f3c200000] [id=13468]
  0x00000244aa91a000 ConcurrentGCThread "G1 Young RemSet Sampling" [stack: 0x0000009f3c200000,0x0000009f3c300000] [id=30560]

Threads with active compile tasks:
C2 CompilerThread03023   !   4       java.lang.reflect.Executable::declaredAnnotations (85 bytes)

VM state:not at safepoint (normal execution)

VM Mutex/Monitor currently owned by a thread: None

Heap address: 0x0000000080000000, size: 2048 MB, Compressed Oops mode: 32-bit
Narrow klass base: 0x0000000000000000, Narrow klass shift: 3
Compressed class space size: 528482304 Address: 0x0000000100000000

Heap:
 garbage-first heap   total 96256K, used 40117K [0x0000000080000000, 0x0000000100000000)
  region size 1024K, 23 young (23552K), 4 survivors (4096K)
 Metaspace       used 32404K, capacity 33162K, committed 33200K, reserved 544768K
  class space    used 4313K, capacity 4606K, committed 4608K, reserved 516096K
Heap Regions: E=young(eden), S=young(survivor), O=old, HS=humongous(starts), HC=humongous(continues), CS=collection set, F=free, A=archive, TAMS=top-at-mark-start (previous, next)
|   0|0x0000000080000000, 0x0000000080100000, 0x0000000080100000|100%|HS|  |TAMS 0x0000000080100000, 0x0000000080000000| Complete 
|   1|0x0000000080100000, 0x0000000080200000, 0x0000000080200000|100%|HC|  |TAMS 0x0000000080200000, 0x0000000080100000| Complete 
|   2|0x0000000080200000, 0x0000000080300000, 0x0000000080300000|100%|HC|  |TAMS 0x0000000080300000, 0x0000000080200000| Complete 
|   3|0x0000000080300000, 0x0000000080400000, 0x0000000080400000|100%|HC|  |TAMS 0x0000000080400000, 0x0000000080300000| Complete 
|   4|0x0000000080400000, 0x0000000080500000, 0x0000000080500000|100%| O|  |TAMS 0x0000000080500000, 0x0000000080400000| Untracked 
|   5|0x0000000080500000, 0x0000000080600000, 0x0000000080600000|100%| O|  |TAMS 0x0000000080600000, 0x0000000080500000| Untracked 
|   6|0x0000000080600000, 0x0000000080700000, 0x0000000080700000|100%| O|  |TAMS 0x0000000080700000, 0x0000000080600000| Untracked 
|   7|0x0000000080700000, 0x0000000080800000, 0x0000000080800000|100%| O|  |TAMS 0x0000000080800000, 0x0000000080700000| Untracked 
|   8|0x0000000080800000, 0x0000000080900000, 0x0000000080900000|100%| O|  |TAMS 0x0000000080900000, 0x0000000080800000| Untracked 
|   9|0x0000000080900000, 0x0000000080a00000, 0x0000000080a00000|100%| O|  |TAMS 0x0000000080a00000, 0x0000000080900000| Untracked 
|  10|0x0000000080a00000, 0x0000000080b00000, 0x0000000080b00000|100%| O|  |TAMS 0x0000000080b00000, 0x0000000080a00000| Untracked 
|  11|0x0000000080b00000, 0x0000000080c00000, 0x0000000080c00000|100%| O|  |TAMS 0x0000000080c00000, 0x0000000080b00000| Untracked 
|  12|0x0000000080c00000, 0x0000000080d00000, 0x0000000080d00000|100%| O|  |TAMS 0x0000000080d00000, 0x0000000080c00000| Untracked 
|  13|0x0000000080d00000, 0x0000000080e00000, 0x0000000080e00000|100%| O|  |TAMS 0x0000000080e00000, 0x0000000080d00000| Untracked 
|  14|0x0000000080e00000, 0x0000000080f00000, 0x0000000080f00000|100%| O|  |TAMS 0x0000000080ec3600, 0x0000000080e00000| Untracked 
|  15|0x0000000080f00000, 0x0000000081000000, 0x0000000081000000|100%| O|  |TAMS 0x0000000080f00000, 0x0000000080f00000| Untracked 
|  16|0x0000000081000000, 0x0000000081100000, 0x0000000081100000|100%| O|  |TAMS 0x0000000081000000, 0x0000000081000000| Untracked 
|  17|0x0000000081100000, 0x0000000081175000, 0x0000000081200000| 45%| O|  |TAMS 0x0000000081100000, 0x0000000081100000| Untracked 
|  18|0x0000000081200000, 0x0000000081200000, 0x0000000081300000|  0%| F|  |TAMS 0x0000000081200000, 0x0000000081200000| Untracked 
|  19|0x0000000081300000, 0x0000000081300000, 0x0000000081400000|  0%| F|  |TAMS 0x0000000081300000, 0x0000000081300000| Untracked 
|  20|0x0000000081400000, 0x0000000081400000, 0x0000000081500000|  0%| F|  |TAMS 0x0000000081400000, 0x0000000081400000| Untracked 
|  21|0x0000000081500000, 0x0000000081500000, 0x0000000081600000|  0%| F|  |TAMS 0x0000000081500000, 0x0000000081500000| Untracked 
|  22|0x0000000081600000, 0x0000000081600000, 0x0000000081700000|  0%| F|  |TAMS 0x0000000081600000, 0x0000000081600000| Untracked 
|  23|0x0000000081700000, 0x0000000081700000, 0x0000000081800000|  0%| F|  |TAMS 0x0000000081700000, 0x0000000081700000| Untracked 
|  24|0x0000000081800000, 0x0000000081800000, 0x0000000081900000|  0%| F|  |TAMS 0x0000000081800000, 0x0000000081800000| Untracked 
|  25|0x0000000081900000, 0x0000000081900000, 0x0000000081a00000|  0%| F|  |TAMS 0x0000000081900000, 0x0000000081900000| Untracked 
|  26|0x0000000081a00000, 0x0000000081a00000, 0x0000000081b00000|  0%| F|  |TAMS 0x0000000081a00000, 0x0000000081a00000| Untracked 
|  27|0x0000000081b00000, 0x0000000081b00000, 0x0000000081c00000|  0%| F|  |TAMS 0x0000000081b00000, 0x0000000081b00000| Untracked 
|  28|0x0000000081c00000, 0x0000000081c00000, 0x0000000081d00000|  0%| F|  |TAMS 0x0000000081c00000, 0x0000000081c00000| Untracked 
|  29|0x0000000081d00000, 0x0000000081d00000, 0x0000000081e00000|  0%| F|  |TAMS 0x0000000081d00000, 0x0000000081d00000| Untracked 
|  30|0x0000000081e00000, 0x0000000081e00000, 0x0000000081f00000|  0%| F|  |TAMS 0x0000000081e00000, 0x0000000081e00000| Untracked 
|  31|0x0000000081f00000, 0x0000000081f00000, 0x0000000082000000|  0%| F|  |TAMS 0x0000000081f00000, 0x0000000081f00000| Untracked 
|  32|0x0000000082000000, 0x0000000082000000, 0x0000000082100000|  0%| F|  |TAMS 0x0000000082000000, 0x0000000082000000| Untracked 
|  33|0x0000000082100000, 0x0000000082100000, 0x0000000082200000|  0%| F|  |TAMS 0x0000000082100000, 0x0000000082100000| Untracked 
|  34|0x0000000082200000, 0x0000000082200000, 0x0000000082300000|  0%| F|  |TAMS 0x0000000082200000, 0x0000000082200000| Untracked 
|  35|0x0000000082300000, 0x0000000082300000, 0x0000000082400000|  0%| F|  |TAMS 0x0000000082300000, 0x0000000082300000| Untracked 
|  36|0x0000000082400000, 0x0000000082400000, 0x0000000082500000|  0%| F|  |TAMS 0x0000000082400000, 0x0000000082400000| Untracked 
|  37|0x0000000082500000, 0x0000000082500000, 0x0000000082600000|  0%| F|  |TAMS 0x0000000082500000, 0x0000000082500000| Untracked 
|  38|0x0000000082600000, 0x0000000082600000, 0x0000000082700000|  0%| F|  |TAMS 0x0000000082600000, 0x0000000082600000| Untracked 
|  39|0x0000000082700000, 0x0000000082700000, 0x0000000082800000|  0%| F|  |TAMS 0x0000000082700000, 0x0000000082700000| Untracked 
|  40|0x0000000082800000, 0x00000000828b84a0, 0x0000000082900000| 71%| S|CS|TAMS 0x0000000082800000, 0x0000000082800000| Complete 
|  41|0x0000000082900000, 0x0000000082a00000, 0x0000000082a00000|100%| S|CS|TAMS 0x0000000082900000, 0x0000000082900000| Complete 
|  42|0x0000000082a00000, 0x0000000082b00000, 0x0000000082b00000|100%| S|CS|TAMS 0x0000000082a00000, 0x0000000082a00000| Complete 
|  43|0x0000000082b00000, 0x0000000082c00000, 0x0000000082c00000|100%| S|CS|TAMS 0x0000000082b00000, 0x0000000082b00000| Complete 
|  44|0x0000000082c00000, 0x0000000082c00000, 0x0000000082d00000|  0%| F|  |TAMS 0x0000000082c00000, 0x0000000082c00000| Untracked 
|  45|0x0000000082d00000, 0x0000000082d00000, 0x0000000082e00000|  0%| F|  |TAMS 0x0000000082d00000, 0x0000000082d00000| Untracked 
|  46|0x0000000082e00000, 0x0000000082e00000, 0x0000000082f00000|  0%| F|  |TAMS 0x0000000082e00000, 0x0000000082e00000| Untracked 
|  47|0x0000000082f00000, 0x0000000082f00000, 0x0000000083000000|  0%| F|  |TAMS 0x0000000082f00000, 0x0000000082f00000| Untracked 
|  48|0x0000000083000000, 0x0000000083000000, 0x0000000083100000|  0%| F|  |TAMS 0x0000000083000000, 0x0000000083000000| Untracked 
|  49|0x0000000083100000, 0x0000000083100000, 0x0000000083200000|  0%| F|  |TAMS 0x0000000083100000, 0x0000000083100000| Untracked 
|  50|0x0000000083200000, 0x0000000083200000, 0x0000000083300000|  0%| F|  |TAMS 0x0000000083200000, 0x0000000083200000| Untracked 
|  51|0x0000000083300000, 0x0000000083300000, 0x0000000083400000|  0%| F|  |TAMS 0x0000000083300000, 0x0000000083300000| Untracked 
|  52|0x0000000083400000, 0x0000000083400000, 0x0000000083500000|  0%| F|  |TAMS 0x0000000083400000, 0x0000000083400000| Untracked 
|  53|0x0000000083500000, 0x0000000083500000, 0x0000000083600000|  0%| F|  |TAMS 0x0000000083500000, 0x0000000083500000| Untracked 
|  54|0x0000000083600000, 0x0000000083600000, 0x0000000083700000|  0%| F|  |TAMS 0x0000000083600000, 0x0000000083600000| Untracked 
|  55|0x0000000083700000, 0x0000000083700000, 0x0000000083800000|  0%| F|  |TAMS 0x0000000083700000, 0x0000000083700000| Untracked 
|  56|0x0000000083800000, 0x0000000083800000, 0x0000000083900000|  0%| F|  |TAMS 0x0000000083800000, 0x0000000083800000| Untracked 
|  57|0x0000000083900000, 0x0000000083900000, 0x0000000083a00000|  0%| F|  |TAMS 0x0000000083900000, 0x0000000083900000| Untracked 
|  58|0x0000000083a00000, 0x0000000083a00000, 0x0000000083b00000|  0%| F|  |TAMS 0x0000000083a00000, 0x0000000083a00000| Untracked 
|  59|0x0000000083b00000, 0x0000000083b00000, 0x0000000083c00000|  0%| F|  |TAMS 0x0000000083b00000, 0x0000000083b00000| Untracked 
|  60|0x0000000083c00000, 0x0000000083c00000, 0x0000000083d00000|  0%| F|  |TAMS 0x0000000083c00000, 0x0000000083c00000| Untracked 
|  61|0x0000000083d00000, 0x0000000083d00000, 0x0000000083e00000|  0%| F|  |TAMS 0x0000000083d00000, 0x0000000083d00000| Untracked 
|  62|0x0000000083e00000, 0x0000000083e00000, 0x0000000083f00000|  0%| F|  |TAMS 0x0000000083e00000, 0x0000000083e00000| Untracked 
|  63|0x0000000083f00000, 0x0000000083f00000, 0x0000000084000000|  0%| F|  |TAMS 0x0000000083f00000, 0x0000000083f00000| Untracked 
|  64|0x0000000084000000, 0x0000000084000000, 0x0000000084100000|  0%| F|  |TAMS 0x0000000084000000, 0x0000000084000000| Untracked 
|  65|0x0000000084100000, 0x0000000084100000, 0x0000000084200000|  0%| F|  |TAMS 0x0000000084100000, 0x0000000084100000| Untracked 
|  66|0x0000000084200000, 0x0000000084200000, 0x0000000084300000|  0%| F|  |TAMS 0x0000000084200000, 0x0000000084200000| Untracked 
|  67|0x0000000084300000, 0x0000000084300000, 0x0000000084400000|  0%| F|  |TAMS 0x0000000084300000, 0x0000000084300000| Untracked 
|  68|0x0000000084400000, 0x0000000084400000, 0x0000000084500000|  0%| F|  |TAMS 0x0000000084400000, 0x0000000084400000| Untracked 
|  69|0x0000000084500000, 0x0000000084500000, 0x0000000084600000|  0%| F|  |TAMS 0x0000000084500000, 0x0000000084500000| Untracked 
|  70|0x0000000084600000, 0x0000000084600000, 0x0000000084700000|  0%| F|  |TAMS 0x0000000084600000, 0x0000000084600000| Untracked 
|  71|0x0000000084700000, 0x0000000084700000, 0x0000000084800000|  0%| F|  |TAMS 0x0000000084700000, 0x0000000084700000| Untracked 
|  72|0x0000000084800000, 0x0000000084800000, 0x0000000084900000|  0%| F|  |TAMS 0x0000000084800000, 0x0000000084800000| Untracked 
|  73|0x0000000084900000, 0x0000000084900000, 0x0000000084a00000|  0%| F|  |TAMS 0x0000000084900000, 0x0000000084900000| Untracked 
|  74|0x0000000084a00000, 0x0000000084a00000, 0x0000000084b00000|  0%| F|  |TAMS 0x0000000084a00000, 0x0000000084a00000| Untracked 
|  75|0x0000000084b00000, 0x0000000084b84a18, 0x0000000084c00000| 51%| E|  |TAMS 0x0000000084b00000, 0x0000000084b00000| Complete 
|  76|0x0000000084c00000, 0x0000000084d00000, 0x0000000084d00000|100%| E|CS|TAMS 0x0000000084c00000, 0x0000000084c00000| Complete 
|  77|0x0000000084d00000, 0x0000000084e00000, 0x0000000084e00000|100%| E|CS|TAMS 0x0000000084d00000, 0x0000000084d00000| Complete 
|  78|0x0000000084e00000, 0x0000000084f00000, 0x0000000084f00000|100%| E|CS|TAMS 0x0000000084e00000, 0x0000000084e00000| Complete 
|  79|0x0000000084f00000, 0x0000000085000000, 0x0000000085000000|100%| E|CS|TAMS 0x0000000084f00000, 0x0000000084f00000| Complete 
|  80|0x0000000085000000, 0x0000000085100000, 0x0000000085100000|100%| E|CS|TAMS 0x0000000085000000, 0x0000000085000000| Complete 
|  81|0x0000000085100000, 0x0000000085200000, 0x0000000085200000|100%| E|CS|TAMS 0x0000000085100000, 0x0000000085100000| Complete 
|  82|0x0000000085200000, 0x0000000085300000, 0x0000000085300000|100%| E|CS|TAMS 0x0000000085200000, 0x0000000085200000| Complete 
|  83|0x0000000085300000, 0x0000000085400000, 0x0000000085400000|100%| E|CS|TAMS 0x0000000085300000, 0x0000000085300000| Complete 
|  84|0x0000000085400000, 0x0000000085500000, 0x0000000085500000|100%| E|CS|TAMS 0x0000000085400000, 0x0000000085400000| Complete 
|  85|0x0000000085500000, 0x0000000085600000, 0x0000000085600000|100%| E|CS|TAMS 0x0000000085500000, 0x0000000085500000| Complete 
|  86|0x0000000085600000, 0x0000000085700000, 0x0000000085700000|100%| E|CS|TAMS 0x0000000085600000, 0x0000000085600000| Complete 
|  87|0x0000000085700000, 0x0000000085800000, 0x0000000085800000|100%| E|CS|TAMS 0x0000000085700000, 0x0000000085700000| Complete 
|  88|0x0000000085800000, 0x0000000085900000, 0x0000000085900000|100%| E|CS|TAMS 0x0000000085800000, 0x0000000085800000| Complete 
|  89|0x0000000085900000, 0x0000000085a00000, 0x0000000085a00000|100%| E|CS|TAMS 0x0000000085900000, 0x0000000085900000| Complete 
|  90|0x0000000085a00000, 0x0000000085b00000, 0x0000000085b00000|100%| E|CS|TAMS 0x0000000085a00000, 0x0000000085a00000| Complete 
|  91|0x0000000085b00000, 0x0000000085c00000, 0x0000000085c00000|100%| E|CS|TAMS 0x0000000085b00000, 0x0000000085b00000| Complete 
|  92|0x0000000085c00000, 0x0000000085d00000, 0x0000000085d00000|100%| E|CS|TAMS 0x0000000085c00000, 0x0000000085c00000| Complete 
|  93|0x0000000085d00000, 0x0000000085e00000, 0x0000000085e00000|100%| E|CS|TAMS 0x0000000085d00000, 0x0000000085d00000| Complete 

Card table byte_map: [0x00000244c27f0000,0x00000244c2bf0000] _byte_map_base: 0x00000244c23f0000

Marking Bits (Prev, Next): (CMBitMap*) 0x00000244aa88e8e0, (CMBitMap*) 0x00000244aa88e8a8
 Prev Bits: [0x00000244c4ff0000, 0x00000244c6ff0000)
 Next Bits: [0x00000244c2ff0000, 0x00000244c4ff0000)

Polling page: 0x00000244a9f60000

Metaspace:

Usage:
  Non-class:     27.89 MB capacity,    27.45 MB ( 98%) used,   376.59 KB (  1%) free+waste,    75.50 KB ( <1%) overhead. 
      Class:      4.50 MB capacity,     4.21 MB ( 94%) used,   253.23 KB (  5%) free+waste,    37.88 KB ( <1%) overhead. 
       Both:     32.38 MB capacity,    31.66 MB ( 98%) used,   629.82 KB (  2%) free+waste,   113.38 KB ( <1%) overhead. 

Virtual space:
  Non-class space:       28.00 MB reserved,      27.92 MB (>99%) committed 
      Class space:      504.00 MB reserved,       4.50 MB ( <1%) committed 
             Both:      532.00 MB reserved,      32.42 MB (  6%) committed 

Chunk freelists:
   Non-Class:  4.50 KB
       Class:  256 bytes
        Both:  4.75 KB

CodeHeap 'non-profiled nmethods': size=119168Kb used=1217Kb max_used=1217Kb free=117950Kb
 bounds [0x00000244ba700000, 0x00000244ba970000, 0x00000244c1b60000]
CodeHeap 'profiled nmethods': size=119168Kb used=6449Kb max_used=6449Kb free=112718Kb
 bounds [0x00000244b32a0000, 0x00000244b3900000, 0x00000244ba700000]
CodeHeap 'non-nmethods': size=7424Kb used=1170Kb max_used=2891Kb free=6253Kb
 bounds [0x00000244b2b60000, 0x00000244b2eb0000, 0x00000244b32a0000]
 total_blobs=4240 nmethods=2884 adapters=427
 compilation: enabled
              stopped_count=0, restarted_count=0
 full_count=0

Compilation events (10 events):
Event: 40.019 Thread 0x00000244ce9e2800 nmethod 3066 0x00000244ba82f390 code [0x00000244ba82f540, 0x00000244ba82f658]
Event: 40.019 Thread 0x00000244ce9e2800 3068       3       org.gradle.model.internal.asm.MethodVisitorScope::emit (11 bytes)
Event: 40.019 Thread 0x00000244ce9e2800 nmethod 3068 0x00000244b38e8a10 code [0x00000244b38e8be0, 0x00000244b38e8e10]
Event: 40.019 Thread 0x00000244ce9e2800 3070       3       org.gradle.model.internal.asm.MethodVisitorScope::_GETFIELD (11 bytes)
Event: 40.019 Thread 0x00000244c9f92000 nmethod 3069 0x00000244b38e8f10 code [0x00000244b38e9100, 0x00000244b38e9690]
Event: 40.019 Thread 0x00000244ce9e2800 nmethod 3070 0x00000244b38e9890 code [0x00000244b38e9aa0, 0x00000244b38ea070]
Event: 40.194 Thread 0x00000244c9f92000 3071       3       java.util.ImmutableCollections$Set12::contains (28 bytes)
Event: 40.195 Thread 0x00000244ce9e2800 3072       3       org.gradle.internal.service.DefaultServiceRegistry$InstanceUnpackingVisitor::visit (39 bytes)
Event: 40.195 Thread 0x00000244c9f92000 nmethod 3071 0x00000244b38ea310 code [0x00000244b38ea4e0, 0x00000244b38ea880]
Event: 40.195 Thread 0x00000244ce9e2800 nmethod 3072 0x00000244b38ea990 code [0x00000244b38eaba0, 0x00000244b38eb1b0]

GC Heap History (10 events):
Event: 9.811 GC heap before
{Heap before GC invocations=1 (full 0):
 garbage-first heap   total 96256K, used 63646K [0x0000000080000000, 0x0000000100000000)
  region size 1024K, 55 young (56320K), 3 survivors (3072K)
 Metaspace       used 11184K, capacity 11415K, committed 11520K, reserved 526336K
  class space    used 1202K, capacity 1278K, committed 1280K, reserved 516096K
}
Event: 9.832 GC heap after
{Heap after GC invocations=2 (full 0):
 garbage-first heap   total 96256K, used 15489K [0x0000000080000000, 0x0000000100000000)
  region size 1024K, 7 young (7168K), 7 survivors (7168K)
 Metaspace       used 11184K, capacity 11415K, committed 11520K, reserved 526336K
  class space    used 1202K, capacity 1278K, committed 1280K, reserved 516096K
}
Event: 16.371 GC heap before
{Heap before GC invocations=2 (full 0):
 garbage-first heap   total 96256K, used 62593K [0x0000000080000000, 0x0000000100000000)
  region size 1024K, 53 young (54272K), 7 survivors (7168K)
 Metaspace       used 20740K, capacity 21154K, committed 21296K, reserved 536576K
  class space    used 2508K, capacity 2682K, committed 2688K, reserved 516096K
}
Event: 16.386 GC heap after
{Heap after GC invocations=3 (full 0):
 garbage-first heap   total 96256K, used 18273K [0x0000000080000000, 0x0000000100000000)
  region size 1024K, 4 young (4096K), 4 survivors (4096K)
 Metaspace       used 20740K, capacity 21154K, committed 21296K, reserved 536576K
  class space    used 2508K, capacity 2682K, committed 2688K, reserved 516096K
}
Event: 19.754 GC heap before
{Heap before GC invocations=3 (full 0):
 garbage-first heap   total 96256K, used 18273K [0x0000000080000000, 0x0000000100000000)
  region size 1024K, 5 young (5120K), 4 survivors (4096K)
 Metaspace       used 20806K, capacity 21221K, committed 21296K, reserved 536576K
  class space    used 2513K, capacity 2683K, committed 2688K, reserved 516096K
}
Event: 19.761 GC heap after
{Heap after GC invocations=4 (full 0):
 garbage-first heap   total 96256K, used 18269K [0x0000000080000000, 0x0000000100000000)
  region size 1024K, 4 young (4096K), 4 survivors (4096K)
 Metaspace       used 20806K, capacity 21221K, committed 21296K, reserved 536576K
  class space    used 2513K, capacity 2683K, committed 2688K, reserved 516096K
}
Event: 27.465 GC heap before
{Heap before GC invocations=5 (full 0):
 garbage-first heap   total 96256K, used 69469K [0x0000000080000000, 0x0000000100000000)
  region size 1024K, 54 young (55296K), 4 survivors (4096K)
 Metaspace       used 25420K, capacity 26041K, committed 26288K, reserved 540672K
  class space    used 3259K, capacity 3483K, committed 3584K, reserved 516096K
}
Event: 27.537 GC heap after
{Heap after GC invocations=6 (full 0):
 garbage-first heap   total 96256K, used 19898K [0x0000000080000000, 0x0000000100000000)
  region size 1024K, 5 young (5120K), 5 survivors (5120K)
 Metaspace       used 25420K, capacity 26041K, committed 26288K, reserved 540672K
  class space    used 3259K, capacity 3483K, committed 3584K, reserved 516096K
}
Event: 37.955 GC heap before
{Heap before GC invocations=6 (full 0):
 garbage-first heap   total 96256K, used 71098K [0x0000000080000000, 0x0000000100000000)
  region size 1024K, 55 young (56320K), 5 survivors (5120K)
 Metaspace       used 30170K, capacity 30902K, committed 31152K, reserved 544768K
  class space    used 3996K, capacity 4278K, committed 4352K, reserved 516096K
}
Event: 37.997 GC heap after
{Heap after GC invocations=7 (full 0):
 garbage-first heap   total 96256K, used 21685K [0x0000000080000000, 0x0000000100000000)
  region size 1024K, 4 young (4096K), 4 survivors (4096K)
 Metaspace       used 30170K, capacity 30902K, committed 31152K, reserved 544768K
  class space    used 3996K, capacity 4278K, committed 4352K, reserved 516096K
}

Deoptimization events (10 events):
Event: 19.859 Thread 0x00000244cac9d000 Uncommon trap: reason=unstable_if action=reinterpret pc=0x00000244ba76eff8 method=java.io.File.getName()Ljava/lang/String; @ 16 c2
Event: 19.859 Thread 0x00000244cac9d000 Uncommon trap: reason=unstable_if action=reinterpret pc=0x00000244ba76b884 method=java.lang.String.substring(I)Ljava/lang/String; @ 34 c2
Event: 23.118 Thread 0x00000244cac9d000 Uncommon trap: reason=unstable_if action=reinterpret pc=0x00000244ba7dc974 method=jdk.internal.loader.BuiltinClassLoader.loadClassOrNull(Ljava/lang/String;Z)Ljava/lang/Class; @ 17 c2
Event: 24.756 Thread 0x00000244cb639000 Uncommon trap: reason=unstable_if action=reinterpret pc=0x00000244ba735f08 method=java.lang.AbstractStringBuilder.append(Ljava/lang/String;)Ljava/lang/AbstractStringBuilder; @ 1 c2
Event: 24.758 Thread 0x00000244cb639000 Uncommon trap: reason=unstable_if action=reinterpret pc=0x00000244ba754774 method=java.lang.AbstractStringBuilder.append(Ljava/lang/String;)Ljava/lang/AbstractStringBuilder; @ 1 c2
Event: 26.105 Thread 0x00000244cac9d000 Uncommon trap: reason=bimorphic_or_optimized_type_check action=maybe_recompile pc=0x00000244ba739e98 method=java.util.HashMap.putVal(ILjava/lang/Object;Ljava/lang/Object;ZZ)Ljava/lang/Object; @ 203 c2
Event: 27.411 Thread 0x00000244cac9d000 Uncommon trap: reason=unstable_if action=reinterpret pc=0x00000244ba728094 method=java.util.HashMap.hash(Ljava/lang/Object;)I @ 1 c2
Event: 27.574 Thread 0x00000244cac9d000 Uncommon trap: reason=intrinsic_or_type_checked_inlining action=make_not_entrant pc=0x00000244ba800d68 method=java.util.Arrays.copyOf([Ljava/lang/Object;ILjava/lang/Class;)[Ljava/lang/Object; @ 35 c2
Event: 29.514 Thread 0x00000244cac9d000 Uncommon trap: reason=predicate action=maybe_recompile pc=0x00000244ba801ea0 method=com.google.common.base.CharMatcher.indexIn(Ljava/lang/CharSequence;I)I @ 19 c2
Event: 36.604 Thread 0x00000244cac9d000 Uncommon trap: reason=unstable_if action=reinterpret pc=0x00000244ba74d63c method=java.util.HashMap.hash(Ljava/lang/Object;)I @ 1 c2

Classes redefined (0 events):
No events

Internal exceptions (10 events):
Event: 30.443 Thread 0x00000244cac9d000 Exception <a 'java/lang/NoSuchMethodError'{0x00000000853db6d0}: java.lang.invoke.DirectMethodHandle$Holder.invokeVirtual(Ljava/lang/Object;Ljava/lang/Object;Ljava/lang/Object;)I> (0x00000000853db6d0) thrown at [t:/workspace/open/src/hotspot/share/interpre
Event: 34.602 Thread 0x00000244cac9d000 Exception <a 'java/lang/NoSuchMethodError'{0x00000000842d83e0}: java.lang.invoke.DirectMethodHandle$Holder.invokeSpecialIFC(Ljava/lang/Object;Ljava/lang/Object;Ljava/lang/Object;Ljava/lang/Object;)Ljava/lang/Object;> (0x00000000842d83e0) thrown at [t:/wor
Event: 36.604 Thread 0x00000244cac9d000 Implicit null exception at 0x00000244ba74d475 to 0x00000244ba74d62a
Event: 37.006 Thread 0x00000244cac9d000 Exception <a 'java/lang/NoSuchMethodError'{0x0000000083648778}: java.lang.invoke.DirectMethodHandle$Holder.invokeSpecial(Ljava/lang/Object;Ljava/lang/Object;Ljava/lang/Object;Ljava/lang/Object;Ljava/lang/Object;Ljava/lang/Object;Ljava/lang/Object;Ljava/la
Event: 37.007 Thread 0x00000244cac9d000 Exception <a 'java/lang/NoSuchMethodError'{0x0000000083659068}: java.lang.invoke.Invokers$Holder.linkToTargetMethod(Ljava/lang/Object;Ljava/lang/Object;Ljava/lang/Object;Ljava/lang/Object;Ljava/lang/Object;Ljava/lang/Object;Ljava/lang/Object;Ljava/lang/Ob
Event: 37.010 Thread 0x00000244cac9d000 Exception <a 'java/lang/NoSuchMethodError'{0x00000000836fd2f8}: java.lang.invoke.DirectMethodHandle$Holder.invokeSpecial(Ljava/lang/Object;Ljava/lang/Object;Ljava/lang/Object;Ljava/lang/Object;Ljava/lang/Object;Ljava/lang/Object;Ljava/lang/Object;Ljava/la
Event: 37.011 Thread 0x00000244cac9d000 Exception <a 'java/lang/NoSuchMethodError'{0x000000008350f010}: java.lang.invoke.Invokers$Holder.linkToTargetMethod(Ljava/lang/Object;Ljava/lang/Object;Ljava/lang/Object;Ljava/lang/Object;Ljava/lang/Object;Ljava/lang/Object;Ljava/lang/Object;Ljava/lang/Ob
Event: 37.201 Thread 0x00000244cac9d000 Exception <a 'java/lang/NoSuchMethodError'{0x000000008340a1e8}: java.lang.invoke.DirectMethodHandle$Holder.invokeStaticInit(Ljava/lang/Object;Ljava/lang/Object;Ljava/lang/Object;Ljava/lang/Object;)Ljava/lang/Object;> (0x000000008340a1e8) thrown at [t:/wor
Event: 38.418 Thread 0x00000244cac9d000 Exception <a 'java/lang/NoSuchMethodError'{0x00000000857ad460}: java.lang.invoke.Invokers$Holder.linkToTargetMethod(Ljava/lang/Object;Ljava/lang/Object;Ljava/lang/Object;Ljava/lang/Object;Ljava/lang/Object;Ljava/lang/Object;Ljava/lang/Object;Ljava/lang/Ob
Event: 38.430 Thread 0x00000244cac9d000 Exception <a 'java/lang/IncompatibleClassChangeError'{0x000000008562f4d0}: Found class java.lang.Object, but interface was expected> (0x000000008562f4d0) thrown at [t:/workspace/open/src/hotspot/share/interpreter/linkResolver.cpp, line 838]

Events (10 events):
Event: 40.193 loading class org/gradle/internal/service/ServiceRegistry
Event: 40.193 loading class org/gradle/internal/service/ServiceRegistry done
Event: 40.195 loading class org/gradle/plugin/internal/PluginUsePluginServiceRegistry$SettingsScopeServices
Event: 40.195 loading class org/gradle/plugin/internal/PluginUsePluginServiceRegistry$SettingsScopeServices done
Event: 40.197 loading class org/gradle/vcs/internal/services/VersionControlServices$VersionControlSettingsServices
Event: 40.197 loading class org/gradle/vcs/internal/services/VersionControlServices$VersionControlSettingsServices done
Event: 40.198 loading class org/gradle/vcs/VcsMappings
Event: 40.198 loading class org/gradle/vcs/VcsMappings done
Event: 40.200 loading class org/gradle/initialization/DefaultProjectDescriptorRegistry
Event: 40.200 loading class org/gradle/initialization/DefaultProjectDescriptorRegistry done


Dynamic libraries:
0x00007ff7d74e0000 - 0x00007ff7d7525000 	C:\Users\timp7\AppData\Local\jdk-11.0.2\bin\java.exe
0x00007ffccd4f0000 - 0x00007ffccd707000 	C:\WINDOWS\SYSTEM32\ntdll.dll
0x00007ffccc520000 - 0x00007ffccc5e4000 	C:\WINDOWS\System32\KERNEL32.DLL
0x00007ffccaaa0000 - 0x00007ffccae46000 	C:\WINDOWS\System32\KERNELBASE.dll
0x00007ffccb880000 - 0x00007ffccba2e000 	C:\WINDOWS\System32\USER32.dll
0x00007ffcca830000 - 0x00007ffcca856000 	C:\WINDOWS\System32\win32u.dll
0x00007ffccd480000 - 0x00007ffccd4a9000 	C:\WINDOWS\System32\GDI32.dll
0x00007ffcca980000 - 0x00007ffccaa98000 	C:\WINDOWS\System32\gdi32full.dll
0x00007ffcca860000 - 0x00007ffcca8fa000 	C:\WINDOWS\System32\msvcp_win.dll
0x00007ffccafb0000 - 0x00007ffccb0c1000 	C:\WINDOWS\System32\ucrtbase.dll
0x00007ffcbc210000 - 0x00007ffcbc4a3000 	C:\WINDOWS\WinSxS\amd64_microsoft.windows.common-controls_6595b64144ccf1df_6.0.22621.2506_none_270c5ae97388e100\COMCTL32.dll
0x00007ffcccec0000 - 0x00007ffcccf67000 	C:\WINDOWS\System32\msvcrt.dll
0x00007ffccbb30000 - 0x00007ffccbb61000 	C:\WINDOWS\System32\IMM32.DLL
0x00007ffcc43c0000 - 0x00007ffcc43d6000 	C:\Users\timp7\AppData\Local\jdk-11.0.2\bin\vcruntime140.dll
0x00007ffc78ad0000 - 0x00007ffc78b7a000 	C:\Users\timp7\AppData\Local\jdk-11.0.2\bin\msvcp140.dll
0x00007ffc3d240000 - 0x00007ffc3dd63000 	C:\Users\timp7\AppData\Local\jdk-11.0.2\bin\server\jvm.dll
0x00007ffccb6d0000 - 0x00007ffccb783000 	C:\WINDOWS\System32\ADVAPI32.dll
0x00007ffccd3d0000 - 0x00007ffccd478000 	C:\WINDOWS\System32\sechost.dll
0x00007ffccaec0000 - 0x00007ffccaee8000 	C:\WINDOWS\System32\bcrypt.dll
0x00007ffccb5a0000 - 0x00007ffccb6b7000 	C:\WINDOWS\System32\RPCRT4.dll
0x00007ffccccd0000 - 0x00007ffccccd8000 	C:\WINDOWS\System32\PSAPI.DLL
0x00007ffcbe420000 - 0x00007ffcbe454000 	C:\WINDOWS\SYSTEM32\WINMM.dll
0x00007ffcc14e0000 - 0x00007ffcc14ea000 	C:\WINDOWS\SYSTEM32\VERSION.dll
0x00007ffcc6e90000 - 0x00007ffcc6e99000 	C:\WINDOWS\SYSTEM32\WSOCK32.dll
0x00007ffccbb70000 - 0x00007ffccbbe1000 	C:\WINDOWS\System32\WS2_32.dll
0x00007ffcc9920000 - 0x00007ffcc9938000 	C:\WINDOWS\SYSTEM32\kernel.appcore.dll
0x00007ffcc0260000 - 0x00007ffcc0271000 	C:\Users\timp7\AppData\Local\jdk-11.0.2\bin\verify.dll
0x00007ffcc83b0000 - 0x00007ffcc85e3000 	C:\WINDOWS\SYSTEM32\DBGHELP.DLL
0x00007ffccd040000 - 0x00007ffccd3c9000 	C:\WINDOWS\System32\combase.dll
0x00007ffcccde0000 - 0x00007ffccceb7000 	C:\WINDOWS\System32\OLEAUT32.dll
0x00007ffcb33b0000 - 0x00007ffcb33e2000 	C:\WINDOWS\SYSTEM32\dbgcore.DLL
0x00007ffcca900000 - 0x00007ffcca97a000 	C:\WINDOWS\System32\bcryptPrimitives.dll
0x00007ffc78aa0000 - 0x00007ffc78ac8000 	C:\Users\timp7\AppData\Local\jdk-11.0.2\bin\java.dll
0x00007ffc90350000 - 0x00007ffc90366000 	C:\Users\timp7\AppData\Local\jdk-11.0.2\bin\zip.dll
0x00007ffcc6f90000 - 0x00007ffcc6f9a000 	C:\Users\timp7\AppData\Local\jdk-11.0.2\bin\jimage.dll
0x00007ffccbcb0000 - 0x00007ffccc50b000 	C:\WINDOWS\System32\SHELL32.dll
0x00007ffcc8750000 - 0x00007ffcc9046000 	C:\WINDOWS\SYSTEM32\windows.storage.dll
0x00007ffcc8610000 - 0x00007ffcc874e000 	C:\WINDOWS\SYSTEM32\wintypes.dll
0x00007ffccba30000 - 0x00007ffccbb23000 	C:\WINDOWS\System32\SHCORE.dll
0x00007ffccb540000 - 0x00007ffccb59e000 	C:\WINDOWS\System32\shlwapi.dll
0x00007ffcca760000 - 0x00007ffcca786000 	C:\WINDOWS\SYSTEM32\profapi.dll
0x00007ffc880c0000 - 0x00007ffc880d9000 	C:\Users\timp7\AppData\Local\jdk-11.0.2\bin\net.dll
0x00007ffcc3ef0000 - 0x00007ffcc4027000 	C:\WINDOWS\SYSTEM32\WINHTTP.dll
0x00007ffcb1410000 - 0x00007ffcb1600000 	C:\WINDOWS\SYSTEM32\urlmon.dll
0x00007ffcc92a0000 - 0x00007ffcc92ac000 	C:\WINDOWS\SYSTEM32\netutils.dll
0x00007ffcb0970000 - 0x00007ffcb0998000 	C:\WINDOWS\SYSTEM32\srvcli.dll
0x00007ffcb09a0000 - 0x00007ffcb0c5c000 	C:\WINDOWS\SYSTEM32\iertutil.dll
0x00007ffcc9d90000 - 0x00007ffcc9df9000 	C:\WINDOWS\system32\mswsock.dll
0x00007ffc87c80000 - 0x00007ffc87c93000 	C:\Users\timp7\AppData\Local\jdk-11.0.2\bin\nio.dll
0x00007ffc74f90000 - 0x00007ffc74fb7000 	C:\Users\timp7\.gradle\native\68d5fa5c4cc2d200863cafc0d521ce42e7d3e7ee720ec0a83991735586a16f82\windows-amd64\native-platform.dll
0x00007ffc74d20000 - 0x00007ffc74e64000 	C:\Users\timp7\.gradle\native\e376f236ea51e6404a007f0833ffe2c6e607c4080706a723a18a27aeea778392\windows-amd64\native-platform-file-events.dll
0x00007ffc9a7a0000 - 0x00007ffc9a7a9000 	C:\Users\timp7\AppData\Local\jdk-11.0.2\bin\management.dll
0x00007ffc98460000 - 0x00007ffc9846c000 	C:\Users\timp7\AppData\Local\jdk-11.0.2\bin\management_ext.dll
0x00007ffcca030000 - 0x00007ffcca04b000 	C:\WINDOWS\SYSTEM32\CRYPTSP.dll
0x00007ffcc9880000 - 0x00007ffcc98b5000 	C:\WINDOWS\system32\rsaenh.dll
0x00007ffcc9e30000 - 0x00007ffcc9e5c000 	C:\WINDOWS\SYSTEM32\USERENV.dll
0x00007ffcc9f90000 - 0x00007ffcc9f9c000 	C:\WINDOWS\SYSTEM32\CRYPTBASE.dll
0x00007ffcc9360000 - 0x00007ffcc938d000 	C:\WINDOWS\SYSTEM32\IPHLPAPI.DLL
0x00007ffccc510000 - 0x00007ffccc519000 	C:\WINDOWS\System32\NSI.dll
0x00007ffcc40d0000 - 0x00007ffcc40e9000 	C:\WINDOWS\SYSTEM32\dhcpcsvc6.DLL
0x00007ffcc40b0000 - 0x00007ffcc40cf000 	C:\WINDOWS\SYSTEM32\dhcpcsvc.DLL
0x00007ffcc9390000 - 0x00007ffcc9489000 	C:\WINDOWS\SYSTEM32\DNSAPI.dll

dbghelp: loaded successfully - version: 4.0.5 - missing functions: none
symbol engine: initialized successfully - sym options: 0x614 - pdb path: .;C:\Users\timp7\AppData\Local\jdk-11.0.2\bin;C:\WINDOWS\SYSTEM32;C:\WINDOWS\WinSxS\amd64_microsoft.windows.common-controls_6595b64144ccf1df_6.0.22621.2506_none_270c5ae97388e100;C:\Users\timp7\AppData\Local\jdk-11.0.2\bin\server;C:\Users\timp7\.gradle\native\68d5fa5c4cc2d200863cafc0d521ce42e7d3e7ee720ec0a83991735586a16f82\windows-amd64;C:\Users\timp7\.gradle\native\e376f236ea51e6404a007f0833ffe2c6e607c4080706a723a18a27aeea778392\windows-amd64

VM Arguments:
jvm_args: -XX:MaxMetaspaceSize=512m --add-opens=java.base/java.util=ALL-UNNAMED --add-opens=java.base/java.lang=ALL-UNNAMED --add-opens=java.base/java.lang.invoke=ALL-UNNAMED --add-opens=java.prefs/java.util.prefs=ALL-UNNAMED --add-opens=java.base/java.nio.charset=ALL-UNNAMED --add-opens=java.base/java.net=ALL-UNNAMED --add-opens=java.base/java.util.concurrent.atomic=ALL-UNNAMED -Xmx2048m -Dfile.encoding=windows-1252 -Duser.country=US -Duser.language=en -Duser.variant 
java_command: org.gradle.launcher.daemon.bootstrap.GradleDaemon 8.0.1
java_class_path (initial): C:\Users\timp7\.gradle\wrapper\dists\gradle-8.0.1-all\aro4hu1c3oeioove7l0i4i14o\gradle-8.0.1\lib\gradle-launcher-8.0.1.jar
Launcher Type: SUN_STANDARD

[Global flags]
     intx CICompilerCount                          = 12                                        {product} {ergonomic}
   size_t CompressedClassSpaceSize                 = 528482304                                 {product} {ergonomic}
     uint ConcGCThreads                            = 3                                         {product} {ergonomic}
     uint G1ConcRefinementThreads                  = 13                                        {product} {ergonomic}
   size_t G1HeapRegionSize                         = 1048576                                   {product} {ergonomic}
    uintx GCDrainStackTargetSize                   = 64                                        {product} {ergonomic}
   size_t InitialHeapSize                          = 98566144                                  {product} {ergonomic}
   size_t MarkStackSize                            = 4194304                                   {product} {ergonomic}
   size_t MaxHeapSize                              = 2147483648                                {product} {command line}
   size_t MaxMetaspaceSize                         = 536870912                                 {product} {command line}
   size_t MaxNewSize                               = 1287651328                                {product} {ergonomic}
   size_t MinHeapDeltaBytes                        = 1048576                                   {product} {ergonomic}
    uintx NonNMethodCodeHeapSize                   = 7591728                                {pd product} {ergonomic}
    uintx NonProfiledCodeHeapSize                  = 122033256                              {pd product} {ergonomic}
    uintx ProfiledCodeHeapSize                     = 122033256                              {pd product} {ergonomic}
    uintx ReservedCodeCacheSize                    = 251658240                              {pd product} {ergonomic}
     bool SegmentedCodeCache                       = true                                      {product} {ergonomic}
     bool UseCompressedClassPointers               = true                                 {lp64_product} {ergonomic}
     bool UseCompressedOops                        = true                                 {lp64_product} {ergonomic}
     bool UseG1GC                                  = true                                      {product} {ergonomic}
     bool UseLargePagesIndividualAllocation        = false                                  {pd product} {ergonomic}

Logging:
Log output configuration:
 #0: stdout all=warning uptime,level,tags
 #1: stderr all=off uptime,level,tags

Environment Variables:
JAVA_HOME=C:\Users\timp7\AppData\Local\jdk-11.0.2
CLASSPATH=C:\Users\timp7\OneDrive\Documents\GitHub\scouting-app\scouting\android\\gradle\wrapper\gradle-wrapper.jar
PATH=C:\Users\timp7\OneDrive\Documents\GitHub\scouting-app\scouting\node_modules\.bin;C:\Users\timp7\OneDrive\Documents\GitHub\scouting-app\scouting\node_modules\.bin;C:\Users\timp7\OneDrive\Documents\GitHub\scouting-app\node_modules\.bin;C:\Users\timp7\OneDrive\Documents\GitHub\node_modules\.bin;C:\Users\timp7\OneDrive\Documents\node_modules\.bin;C:\Users\timp7\OneDrive\node_modules\.bin;C:\Users\timp7\node_modules\.bin;C:\Users\node_modules\.bin;C:\node_modules\.bin;C:\Program Files\nodejs\node_modules\npm\node_modules\@npmcli\run-script\lib\node-gyp-bin;C:\Users\timp7\OneDrive\Documents\GitHub\scouting-app\scouting\node_modules\.bin;C:\Users\timp7\OneDrive\Documents\GitHub\scouting-app\node_modules\.bin;C:\Users\timp7\OneDrive\Documents\GitHub\node_modules\.bin;C:\Users\timp7\OneDrive\Documents\node_modules\.bin;C:\Users\timp7\OneDrive\node_modules\.bin;C:\Users\timp7\node_modules\.bin;C:\Users\node_modules\.bin;C:\node_modules\.bin;C:\Program Files\nodejs\node_modules\npm\node_modules\@npmcli\run-script\lib\node-gyp-bin;C:\Program Files\Microsoft\jdk-17.0.10.7-hotspot\bin;C:\Program Files\Common Files\Oracle\Java\javapath;C:\Program Files\Eclipse Adoptium\jdk-11.0.22.7-hotspot\bin;C:\Program Files (x86)\Common Files\Oracle\Java\javapath;C:\Windows\system32;C:\Windows;C:\Windows\System32\Wbem;C:\Windows\System32\WindowsPowerShell\v1.0\;C:\Windows\System32\OpenSSH\;C:\Program Files (x86)\NVIDIA Corporation\PhysX\Common;C:\Program Files\NVIDIA Corporation\NVIDIA NvDLISR;C:\Program Files\dotnet\;C:\WINDOWS\system32;C:\WINDOWS;C:\WINDOWS\System32\Wbem;C:\WINDOWS\System32\WindowsPowerShell\v1.0\;C:\WINDOWS\System32\OpenSSH\;C:\Program Files\Git\cmd;C:\ProgramData\chocolatey\bin;C:\Program Files\nodejs\;C:\Users\timp7\AppData\Local\Android\Sdk\platform-tools;C:\Users\timp7\AppData\Local\Android\Sdk\emulator;C:\Users\timp7\AppData\Local\Android\Sdk\tools;C:\Users\timp7\AppData\Local\jdk-11.0.2\bin;C:\Users\timp7\AppData\Local\Programs\Eclipse Adoptium\jdk-17.0.8.7-hotspot\
USERNAME=timp7
OS=Windows_NT
PROCESSOR_IDENTIFIER=AMD64 Family 25 Model 80 Stepping 0, AuthenticAMD



---------------  S Y S T E M  ---------------

OS: Windows 10 , 64 bit Build 22621 (10.0.22621.3085)

CPU:total 16 (initial active 16) (16 cores per cpu, 2 threads per core) family 25 model 80 stepping 0, cmov, cx8, fxsr, mmx, sse, sse2, sse3, ssse3, sse4.1, sse4.2, popcnt, avx, avx2, aes, clmul, erms, mmxext, 3dnowpref, lzcnt, sse4a, ht, tsc, tscinvbit, tscinv, bmi1, bmi2, adx, sha, fma

Memory: 4k page, system-wide physical 5996M (7M free)
TotalPageFile size 24428M (AvailPageFile size 0M)
current process WorkingSet (physical memory assigned to process): 26M, peak: 101M
current process commit charge ("private bytes"): 253M, peak: 254M

vm_info: OpenJDK 64-Bit Server VM (11.0.2+9) for windows-amd64 JRE (11.0.2+9), built on Jan 18 2019 05:23:22 by "mach5one" with MS VC++ 15.5 (VS2017)

END.
