#
# There is insufficient memory for the Java Runtime Environment to continue.
# Native memory allocation (malloc) failed to allocate 1266896 bytes for Chunk::new
# Possible reasons:
#   The system is out of physical RAM or swap space
#   The process is running with CompressedOops enabled, and the Java Heap may be blocking the growth of the native heap
# Possible solutions:
#   Reduce memory load on the system
#   Increase physical memory or swap space
#   Check if swap backing store is full
#   Decrease Java heap size (-Xmx/-Xms)
#   Decrease number of Java threads
#   Decrease Java thread stack sizes (-Xss)
#   Set larger code cache with -XX:ReservedCodeCacheSize=
#   JVM is running with Unscaled Compressed Oops mode in which the Java heap is
#     placed in the first 4GB address space. The Java Heap base address is the
#     maximum limit for the native heap growth. Please use -XX:HeapBaseMinAddress
#     to set the Java Heap base and to place the Java Heap above 4GB virtual address.
# This output file may be truncated or incomplete.
#
#  Out of Memory Error (t:/workspace/open/src/hotspot/share/memory/arena.cpp:197), pid=11132, tid=30608
#
# JRE version: OpenJDK Runtime Environment (11.0.2+9) (build 11.0.2+9)
# Java VM: OpenJDK 64-Bit Server VM (11.0.2+9, mixed mode, tiered, compressed oops, g1 gc, windows-amd64)
# No core dump will be written. Minidumps are not enabled by default on client versions of Windows
#

---------------  S U M M A R Y ------------

Command Line: -XX:MaxMetaspaceSize=512m --add-opens=java.base/java.util=ALL-UNNAMED --add-opens=java.base/java.lang=ALL-UNNAMED --add-opens=java.base/java.lang.invoke=ALL-UNNAMED --add-opens=java.prefs/java.util.prefs=ALL-UNNAMED --add-opens=java.base/java.nio.charset=ALL-UNNAMED --add-opens=java.base/java.net=ALL-UNNAMED --add-opens=java.base/java.util.concurrent.atomic=ALL-UNNAMED -Xmx2048m -Dfile.encoding=windows-1252 -Duser.country=US -Duser.language=en -Duser.variant org.gradle.launcher.daemon.bootstrap.GradleDaemon 8.0.1

Host: AMD Ryzen 7 5800H with Radeon Graphics         , 16 cores, 5G,  Windows 10 , 64 bit Build 22621 (10.0.22621.3085)
Time: Fri Mar  1 21:33:12 2024 Pacific Standard Time elapsed time: 40 seconds (0d 0h 0m 40s)

---------------  T H R E A D  ---------------

Current thread (0x00000220547ef800):  JavaThread "C2 CompilerThread0" daemon [_thread_in_native, id=30608, stack(0x000000ba2f500000,0x000000ba2f600000)]


Current CompileTask:
C2:  40362 3016   !   4       java.lang.reflect.Executable::declaredAnnotations (85 bytes)

Stack: [0x000000ba2f500000,0x000000ba2f600000]
Native frames: (J=compiled Java code, j=interpreted, Vv=VM code, C=native code)
V  [jvm.dll+0x63489a]
V  [jvm.dll+0x771f9f]
V  [jvm.dll+0x773648]
V  [jvm.dll+0x773d03]
V  [jvm.dll+0x25eba8]
V  [jvm.dll+0xc2191]
V  [jvm.dll+0xc271c]
V  [jvm.dll+0x36cc02]
V  [jvm.dll+0x339b13]
V  [jvm.dll+0x338eea]
V  [jvm.dll+0x2189c5]
V  [jvm.dll+0x217b6a]
V  [jvm.dll+0x194370]
V  [jvm.dll+0x226b3f]
V  [jvm.dll+0x225148]
V  [jvm.dll+0x73774d]
V  [jvm.dll+0x633942]
C  [ucrtbase.dll+0x29363]
C  [KERNEL32.DLL+0x1257d]
C  [ntdll.dll+0x5aa58]


---------------  P R O C E S S  ---------------

Threads class SMR info:
_java_thread_list=0x0000022057c27590, length=33, elements={
0x00000220350c3000, 0x00000220547de800, 0x00000220547df800, 0x00000220547ed800,
0x00000220547ee800, 0x00000220547ef800, 0x00000220547f3000, 0x00000220547f5000,
0x00000220552bb000, 0x00000220552ca000, 0x00000220571c7800, 0x0000022055fb3800,
0x00000220561ac800, 0x00000220567b0000, 0x00000220560c9000, 0x00000220560ca000,
0x000002205651a800, 0x000002205651b000, 0x0000022056a35800, 0x00000220572fc800,
0x0000022057303800, 0x0000022057305000, 0x0000022057300000, 0x0000022057301800,
0x0000022057304000, 0x0000022057301000, 0x00000220572ff000, 0x0000022057305800,
0x0000022057302800, 0x0000022058e48000, 0x0000022058e4c000, 0x0000022058e49000,
0x0000022058e4a800
}

Java Threads: ( => current thread )
  0x00000220350c3000 JavaThread "main" [_thread_blocked, id=22280, stack(0x000000ba2ea00000,0x000000ba2eb00000)]
  0x00000220547de800 JavaThread "Reference Handler" daemon [_thread_blocked, id=22020, stack(0x000000ba2f100000,0x000000ba2f200000)]
  0x00000220547df800 JavaThread "Finalizer" daemon [_thread_blocked, id=14824, stack(0x000000ba2f200000,0x000000ba2f300000)]
  0x00000220547ed800 JavaThread "Signal Dispatcher" daemon [_thread_blocked, id=26112, stack(0x000000ba2f300000,0x000000ba2f400000)]
  0x00000220547ee800 JavaThread "Attach Listener" daemon [_thread_blocked, id=13836, stack(0x000000ba2f400000,0x000000ba2f500000)]
=>0x00000220547ef800 JavaThread "C2 CompilerThread0" daemon [_thread_in_native, id=30608, stack(0x000000ba2f500000,0x000000ba2f600000)]
  0x00000220547f3000 JavaThread "C1 CompilerThread0" daemon [_thread_blocked, id=33152, stack(0x000000ba2f600000,0x000000ba2f700000)]
  0x00000220547f5000 JavaThread "Sweeper thread" daemon [_thread_blocked, id=31352, stack(0x000000ba2f700000,0x000000ba2f800000)]
  0x00000220552bb000 JavaThread "Common-Cleaner" daemon [_thread_blocked, id=31024, stack(0x000000ba2f800000,0x000000ba2f900000)]
  0x00000220552ca000 JavaThread "Service Thread" daemon [_thread_blocked, id=1476, stack(0x000000ba2fa00000,0x000000ba2fb00000)]
  0x00000220571c7800 JavaThread "Daemon health stats" [_thread_blocked, id=24052, stack(0x000000ba2ff00000,0x000000ba30000000)]
  0x0000022055fb3800 JavaThread "Incoming local TCP Connector on port 52945" [_thread_in_native, id=29860, stack(0x000000ba30000000,0x000000ba30100000)]
  0x00000220561ac800 JavaThread "Daemon periodic checks" [_thread_blocked, id=15560, stack(0x000000ba30100000,0x000000ba30200000)]
  0x00000220567b0000 JavaThread "Daemon" [_thread_blocked, id=16184, stack(0x000000ba30200000,0x000000ba30300000)]
  0x00000220560c9000 JavaThread "Handler for socket connection from /127.0.0.1:52945 to /127.0.0.1:52971" [_thread_in_native, id=25128, stack(0x000000ba30300000,0x000000ba30400000)]
  0x00000220560ca000 JavaThread "Cancel handler" [_thread_blocked, id=12824, stack(0x000000ba30400000,0x000000ba30500000)]
  0x000002205651a800 JavaThread "Daemon worker" [_thread_in_native, id=29920, stack(0x000000ba30500000,0x000000ba30600000)]
  0x000002205651b000 JavaThread "Asynchronous log dispatcher for DefaultDaemonConnection: socket connection from /127.0.0.1:52945 to /127.0.0.1:52971" [_thread_blocked, id=13536, stack(0x000000ba30600000,0x000000ba30700000)]
  0x0000022056a35800 JavaThread "Stdin handler" [_thread_blocked, id=19376, stack(0x000000ba30700000,0x000000ba30800000)]
  0x00000220572fc800 JavaThread "Daemon client event forwarder" [_thread_blocked, id=30216, stack(0x000000ba2fe00000,0x000000ba2ff00000)]
  0x0000022057303800 JavaThread "Cache worker for journal cache (C:\Users\timp7\.gradle\caches\journal-1)" [_thread_blocked, id=976, stack(0x000000ba30800000,0x000000ba30900000)]
  0x0000022057305000 JavaThread "File lock request listener" [_thread_in_native, id=30360, stack(0x000000ba30900000,0x000000ba30a00000)]
  0x0000022057300000 JavaThread "File lock release action executor" [_thread_blocked, id=12640, stack(0x000000ba2fd00000,0x000000ba2fe00000)]
  0x0000022057301800 JavaThread "Cache worker for file hash cache (C:\Users\timp7\.gradle\caches\8.0.1\fileHashes)" [_thread_blocked, id=26456, stack(0x000000ba31700000,0x000000ba31800000)]
  0x0000022057304000 JavaThread "File watcher server" daemon [_thread_in_native, id=8492, stack(0x000000ba31b00000,0x000000ba31c00000)]
  0x0000022057301000 JavaThread "File watcher consumer" daemon [_thread_blocked, id=19024, stack(0x000000ba31c00000,0x000000ba31d00000)]
  0x00000220572ff000 JavaThread "Cache worker for checksums cache (C:\Users\timp7\OneDrive\Documents\GitHub\scouting-app\scouting\android\.gradle\8.0.1\checksums)" [_thread_blocked, id=10672, stack(0x000000ba31800000,0x000000ba31900000)]
  0x0000022057305800 JavaThread "Cache worker for cache directory md-rule (C:\Users\timp7\.gradle\caches\8.0.1\md-rule)" [_thread_blocked, id=29812, stack(0x000000ba2f900000,0x000000ba2fa00000)]
  0x0000022057302800 JavaThread "Cache worker for file content cache (C:\Users\timp7\.gradle\caches\8.0.1\fileContent)" [_thread_blocked, id=25860, stack(0x000000ba31900000,0x000000ba31a00000)]
  0x0000022058e48000 JavaThread "C1 CompilerThread1" daemon [_thread_blocked, id=32908, stack(0x000000ba31a00000,0x000000ba31b00000)]
  0x0000022058e4c000 JavaThread "Cache worker for file hash cache (C:\Users\timp7\OneDrive\Documents\GitHub\scouting-app\scouting\android\.gradle\8.0.1\fileHashes)" [_thread_blocked, id=30620, stack(0x000000ba31d00000,0x000000ba31e00000)]
  0x0000022058e49000 JavaThread "Cache worker for cache directory md-supplier (C:\Users\timp7\.gradle\caches\8.0.1\md-supplier)" [_thread_blocked, id=12240, stack(0x000000ba31e00000,0x000000ba31f00000)]
  0x0000022058e4a800 JavaThread "Cache worker for execution history cache (C:\Users\timp7\.gradle\caches\8.0.1\executionHistory)" [_thread_blocked, id=16636, stack(0x000000ba32000000,0x000000ba32100000)]

Other Threads:
  0x00000220547cb000 VMThread "VM Thread" [stack: 0x000000ba2f000000,0x000000ba2f100000] [id=31360]
  0x00000220552dc800 WatcherThread [stack: 0x000000ba2fb00000,0x000000ba2fc00000] [id=7528]
  0x00000220350d9800 GCTaskThread "GC Thread#0" [stack: 0x000000ba2eb00000,0x000000ba2ec00000] [id=20740]
  0x0000022055bec800 GCTaskThread "GC Thread#1" [stack: 0x000000ba2fc00000,0x000000ba2fd00000] [id=22364]
  0x00000220568ee000 GCTaskThread "GC Thread#2" [stack: 0x000000ba30a00000,0x000000ba30b00000] [id=30368]
  0x000002205734c000 GCTaskThread "GC Thread#3" [stack: 0x000000ba30b00000,0x000000ba30c00000] [id=30364]
  0x0000022057317000 GCTaskThread "GC Thread#4" [stack: 0x000000ba30c00000,0x000000ba30d00000] [id=11156]
  0x000002205546a800 GCTaskThread "GC Thread#5" [stack: 0x000000ba30d00000,0x000000ba30e00000] [id=29084]
  0x000002205571a000 GCTaskThread "GC Thread#6" [stack: 0x000000ba30e00000,0x000000ba30f00000] [id=26072]
  0x0000022055afc800 GCTaskThread "GC Thread#7" [stack: 0x000000ba30f00000,0x000000ba31000000] [id=16296]
  0x00000220563f2000 GCTaskThread "GC Thread#8" [stack: 0x000000ba31000000,0x000000ba31100000] [id=30228]
  0x0000022055849000 GCTaskThread "GC Thread#9" [stack: 0x000000ba31100000,0x000000ba31200000] [id=508]
  0x000002205731e000 GCTaskThread "GC Thread#10" [stack: 0x000000ba31200000,0x000000ba31300000] [id=30232]
  0x000002205731e800 GCTaskThread "GC Thread#11" [stack: 0x000000ba31300000,0x000000ba31400000] [id=30236]
  0x0000022055524000 GCTaskThread "GC Thread#12" [stack: 0x000000ba31400000,0x000000ba31500000] [id=30240]
  0x0000022035108800 ConcurrentGCThread "G1 Main Marker" [stack: 0x000000ba2ec00000,0x000000ba2ed00000] [id=31508]
  0x000002203510b000 ConcurrentGCThread "G1 Conc#0" [stack: 0x000000ba2ed00000,0x000000ba2ee00000] [id=31500]
  0x000002205598e000 ConcurrentGCThread "G1 Conc#1" [stack: 0x000000ba31500000,0x000000ba31600000] [id=2728]
  0x0000022057a31800 ConcurrentGCThread "G1 Conc#2" [stack: 0x000000ba31600000,0x000000ba31700000] [id=5824]
  0x0000022054641800 ConcurrentGCThread "G1 Refine#0" [stack: 0x000000ba2ee00000,0x000000ba2ef00000] [id=31488]
  0x0000022035185800 ConcurrentGCThread "G1 Young RemSet Sampling" [stack: 0x000000ba2ef00000,0x000000ba2f000000] [id=11008]

Threads with active compile tasks:
C2 CompilerThread03016   !   4       java.lang.reflect.Executable::declaredAnnotations (85 bytes)

VM state:not at safepoint (normal execution)

VM Mutex/Monitor currently owned by a thread: None

Heap address: 0x0000000080000000, size: 2048 MB, Compressed Oops mode: 32-bit
Narrow klass base: 0x0000000000000000, Narrow klass shift: 3
Compressed class space size: 528482304 Address: 0x0000000100000000

Heap:
 garbage-first heap   total 96256K, used 45677K [0x0000000080000000, 0x0000000100000000)
  region size 1024K, 28 young (28672K), 4 survivors (4096K)
 Metaspace       used 32395K, capacity 33098K, committed 33200K, reserved 544768K
  class space    used 4310K, capacity 4606K, committed 4608K, reserved 516096K
Heap Regions: E=young(eden), S=young(survivor), O=old, HS=humongous(starts), HC=humongous(continues), CS=collection set, F=free, A=archive, TAMS=top-at-mark-start (previous, next)
|   0|0x0000000080000000, 0x0000000080100000, 0x0000000080100000|100%|HS|  |TAMS 0x0000000080100000, 0x0000000080000000| Complete 
|   1|0x0000000080100000, 0x0000000080200000, 0x0000000080200000|100%|HC|  |TAMS 0x0000000080200000, 0x0000000080100000| Complete 
|   2|0x0000000080200000, 0x0000000080300000, 0x0000000080300000|100%|HC|  |TAMS 0x0000000080300000, 0x0000000080200000| Complete 
|   3|0x0000000080300000, 0x0000000080400000, 0x0000000080400000|100%|HC|  |TAMS 0x0000000080400000, 0x0000000080300000| Complete 
|   4|0x0000000080400000, 0x0000000080500000, 0x0000000080500000|100%| O|  |TAMS 0x0000000080500000, 0x0000000080400000| Untracked 
|   5|0x0000000080500000, 0x0000000080600000, 0x0000000080600000|100%| O|  |TAMS 0x0000000080600000, 0x0000000080500000| Untracked 
|   6|0x0000000080600000, 0x0000000080700000, 0x0000000080700000|100%| O|  |TAMS 0x0000000080700000, 0x0000000080600000| Untracked 
|   7|0x0000000080700000, 0x0000000080800000, 0x0000000080800000|100%| O|  |TAMS 0x0000000080800000, 0x0000000080700000| Untracked 
|   8|0x0000000080800000, 0x0000000080900000, 0x0000000080900000|100%| O|  |TAMS 0x0000000080900000, 0x0000000080800000| Untracked 
|   9|0x0000000080900000, 0x0000000080a00000, 0x0000000080a00000|100%| O|  |TAMS 0x0000000080a00000, 0x0000000080900000| Untracked 
|  10|0x0000000080a00000, 0x0000000080b00000, 0x0000000080b00000|100%| O|  |TAMS 0x0000000080b00000, 0x0000000080a00000| Untracked 
|  11|0x0000000080b00000, 0x0000000080c00000, 0x0000000080c00000|100%| O|  |TAMS 0x0000000080c00000, 0x0000000080b00000| Untracked 
|  12|0x0000000080c00000, 0x0000000080d00000, 0x0000000080d00000|100%| O|  |TAMS 0x0000000080d00000, 0x0000000080c00000| Untracked 
|  13|0x0000000080d00000, 0x0000000080e00000, 0x0000000080e00000|100%| O|  |TAMS 0x0000000080e00000, 0x0000000080d00000| Untracked 
|  14|0x0000000080e00000, 0x0000000080f00000, 0x0000000080f00000|100%| O|  |TAMS 0x0000000080f00000, 0x0000000080e00000| Untracked 
|  15|0x0000000080f00000, 0x0000000081000000, 0x0000000081000000|100%| O|  |TAMS 0x0000000080f3f600, 0x0000000080f00000| Untracked 
|  16|0x0000000081000000, 0x0000000081100000, 0x0000000081100000|100%| O|  |TAMS 0x0000000081000000, 0x0000000081000000| Untracked 
|  17|0x0000000081100000, 0x00000000811e9400, 0x0000000081200000| 91%| O|  |TAMS 0x0000000081100000, 0x0000000081100000| Untracked 
|  18|0x0000000081200000, 0x0000000081200000, 0x0000000081300000|  0%| F|  |TAMS 0x0000000081200000, 0x0000000081200000| Untracked 
|  19|0x0000000081300000, 0x0000000081300000, 0x0000000081400000|  0%| F|  |TAMS 0x0000000081300000, 0x0000000081300000| Untracked 
|  20|0x0000000081400000, 0x0000000081400000, 0x0000000081500000|  0%| F|  |TAMS 0x0000000081400000, 0x0000000081400000| Untracked 
|  21|0x0000000081500000, 0x0000000081500000, 0x0000000081600000|  0%| F|  |TAMS 0x0000000081500000, 0x0000000081500000| Untracked 
|  22|0x0000000081600000, 0x0000000081600000, 0x0000000081700000|  0%| F|  |TAMS 0x0000000081600000, 0x0000000081600000| Untracked 
|  23|0x0000000081700000, 0x0000000081700000, 0x0000000081800000|  0%| F|  |TAMS 0x0000000081700000, 0x0000000081700000| Untracked 
|  24|0x0000000081800000, 0x0000000081800000, 0x0000000081900000|  0%| F|  |TAMS 0x0000000081800000, 0x0000000081800000| Untracked 
|  25|0x0000000081900000, 0x0000000081900000, 0x0000000081a00000|  0%| F|  |TAMS 0x0000000081900000, 0x0000000081900000| Untracked 
|  26|0x0000000081a00000, 0x0000000081a00000, 0x0000000081b00000|  0%| F|  |TAMS 0x0000000081a00000, 0x0000000081a00000| Untracked 
|  27|0x0000000081b00000, 0x0000000081b00000, 0x0000000081c00000|  0%| F|  |TAMS 0x0000000081b00000, 0x0000000081b00000| Untracked 
|  28|0x0000000081c00000, 0x0000000081c00000, 0x0000000081d00000|  0%| F|  |TAMS 0x0000000081c00000, 0x0000000081c00000| Untracked 
|  29|0x0000000081d00000, 0x0000000081d00000, 0x0000000081e00000|  0%| F|  |TAMS 0x0000000081d00000, 0x0000000081d00000| Untracked 
|  30|0x0000000081e00000, 0x0000000081e00000, 0x0000000081f00000|  0%| F|  |TAMS 0x0000000081e00000, 0x0000000081e00000| Untracked 
|  31|0x0000000081f00000, 0x0000000081f00000, 0x0000000082000000|  0%| F|  |TAMS 0x0000000081f00000, 0x0000000081f00000| Untracked 
|  32|0x0000000082000000, 0x0000000082000000, 0x0000000082100000|  0%| F|  |TAMS 0x0000000082000000, 0x0000000082000000| Untracked 
|  33|0x0000000082100000, 0x0000000082100000, 0x0000000082200000|  0%| F|  |TAMS 0x0000000082100000, 0x0000000082100000| Untracked 
|  34|0x0000000082200000, 0x0000000082200000, 0x0000000082300000|  0%| F|  |TAMS 0x0000000082200000, 0x0000000082200000| Untracked 
|  35|0x0000000082300000, 0x0000000082300000, 0x0000000082400000|  0%| F|  |TAMS 0x0000000082300000, 0x0000000082300000| Untracked 
|  36|0x0000000082400000, 0x0000000082400000, 0x0000000082500000|  0%| F|  |TAMS 0x0000000082400000, 0x0000000082400000| Untracked 
|  37|0x0000000082500000, 0x00000000825b2310, 0x0000000082600000| 69%| S|CS|TAMS 0x0000000082500000, 0x0000000082500000| Complete 
|  38|0x0000000082600000, 0x0000000082700000, 0x0000000082700000|100%| S|CS|TAMS 0x0000000082600000, 0x0000000082600000| Complete 
|  39|0x0000000082700000, 0x0000000082700000, 0x0000000082800000|  0%| F|  |TAMS 0x0000000082700000, 0x0000000082700000| Untracked 
|  40|0x0000000082800000, 0x0000000082800000, 0x0000000082900000|  0%| F|  |TAMS 0x0000000082800000, 0x0000000082800000| Untracked 
|  41|0x0000000082900000, 0x0000000082900000, 0x0000000082a00000|  0%| F|  |TAMS 0x0000000082900000, 0x0000000082900000| Untracked 
|  42|0x0000000082a00000, 0x0000000082a00000, 0x0000000082b00000|  0%| F|  |TAMS 0x0000000082a00000, 0x0000000082a00000| Untracked 
|  43|0x0000000082b00000, 0x0000000082b00000, 0x0000000082c00000|  0%| F|  |TAMS 0x0000000082b00000, 0x0000000082b00000| Untracked 
|  44|0x0000000082c00000, 0x0000000082d00000, 0x0000000082d00000|100%| S|CS|TAMS 0x0000000082c00000, 0x0000000082c00000| Complete 
|  45|0x0000000082d00000, 0x0000000082e00000, 0x0000000082e00000|100%| S|CS|TAMS 0x0000000082d00000, 0x0000000082d00000| Complete 
|  46|0x0000000082e00000, 0x0000000082e00000, 0x0000000082f00000|  0%| F|  |TAMS 0x0000000082e00000, 0x0000000082e00000| Untracked 
|  47|0x0000000082f00000, 0x0000000082f00000, 0x0000000083000000|  0%| F|  |TAMS 0x0000000082f00000, 0x0000000082f00000| Untracked 
|  48|0x0000000083000000, 0x0000000083000000, 0x0000000083100000|  0%| F|  |TAMS 0x0000000083000000, 0x0000000083000000| Untracked 
|  49|0x0000000083100000, 0x0000000083100000, 0x0000000083200000|  0%| F|  |TAMS 0x0000000083100000, 0x0000000083100000| Untracked 
|  50|0x0000000083200000, 0x0000000083200000, 0x0000000083300000|  0%| F|  |TAMS 0x0000000083200000, 0x0000000083200000| Untracked 
|  51|0x0000000083300000, 0x0000000083300000, 0x0000000083400000|  0%| F|  |TAMS 0x0000000083300000, 0x0000000083300000| Untracked 
|  52|0x0000000083400000, 0x0000000083400000, 0x0000000083500000|  0%| F|  |TAMS 0x0000000083400000, 0x0000000083400000| Untracked 
|  53|0x0000000083500000, 0x0000000083500000, 0x0000000083600000|  0%| F|  |TAMS 0x0000000083500000, 0x0000000083500000| Untracked 
|  54|0x0000000083600000, 0x0000000083600000, 0x0000000083700000|  0%| F|  |TAMS 0x0000000083600000, 0x0000000083600000| Untracked 
|  55|0x0000000083700000, 0x0000000083700000, 0x0000000083800000|  0%| F|  |TAMS 0x0000000083700000, 0x0000000083700000| Untracked 
|  56|0x0000000083800000, 0x0000000083800000, 0x0000000083900000|  0%| F|  |TAMS 0x0000000083800000, 0x0000000083800000| Untracked 
|  57|0x0000000083900000, 0x0000000083900000, 0x0000000083a00000|  0%| F|  |TAMS 0x0000000083900000, 0x0000000083900000| Untracked 
|  58|0x0000000083a00000, 0x0000000083a00000, 0x0000000083b00000|  0%| F|  |TAMS 0x0000000083a00000, 0x0000000083a00000| Untracked 
|  59|0x0000000083b00000, 0x0000000083b00000, 0x0000000083c00000|  0%| F|  |TAMS 0x0000000083b00000, 0x0000000083b00000| Untracked 
|  60|0x0000000083c00000, 0x0000000083c00000, 0x0000000083d00000|  0%| F|  |TAMS 0x0000000083c00000, 0x0000000083c00000| Untracked 
|  61|0x0000000083d00000, 0x0000000083d00000, 0x0000000083e00000|  0%| F|  |TAMS 0x0000000083d00000, 0x0000000083d00000| Untracked 
|  62|0x0000000083e00000, 0x0000000083e00000, 0x0000000083f00000|  0%| F|  |TAMS 0x0000000083e00000, 0x0000000083e00000| Untracked 
|  63|0x0000000083f00000, 0x0000000083f00000, 0x0000000084000000|  0%| F|  |TAMS 0x0000000083f00000, 0x0000000083f00000| Untracked 
|  64|0x0000000084000000, 0x0000000084000000, 0x0000000084100000|  0%| F|  |TAMS 0x0000000084000000, 0x0000000084000000| Untracked 
|  65|0x0000000084100000, 0x0000000084100000, 0x0000000084200000|  0%| F|  |TAMS 0x0000000084100000, 0x0000000084100000| Untracked 
|  66|0x0000000084200000, 0x0000000084200000, 0x0000000084300000|  0%| F|  |TAMS 0x0000000084200000, 0x0000000084200000| Untracked 
|  67|0x0000000084300000, 0x0000000084300000, 0x0000000084400000|  0%| F|  |TAMS 0x0000000084300000, 0x0000000084300000| Untracked 
|  68|0x0000000084400000, 0x0000000084400000, 0x0000000084500000|  0%| F|  |TAMS 0x0000000084400000, 0x0000000084400000| Untracked 
|  69|0x0000000084500000, 0x0000000084500000, 0x0000000084600000|  0%| F|  |TAMS 0x0000000084500000, 0x0000000084500000| Untracked 
|  70|0x0000000084600000, 0x0000000084700000, 0x0000000084700000|100%| E|  |TAMS 0x0000000084600000, 0x0000000084600000| Complete 
|  71|0x0000000084700000, 0x0000000084800000, 0x0000000084800000|100%| E|CS|TAMS 0x0000000084700000, 0x0000000084700000| Complete 
|  72|0x0000000084800000, 0x0000000084900000, 0x0000000084900000|100%| E|CS|TAMS 0x0000000084800000, 0x0000000084800000| Complete 
|  73|0x0000000084900000, 0x0000000084a00000, 0x0000000084a00000|100%| E|CS|TAMS 0x0000000084900000, 0x0000000084900000| Complete 
|  74|0x0000000084a00000, 0x0000000084b00000, 0x0000000084b00000|100%| E|CS|TAMS 0x0000000084a00000, 0x0000000084a00000| Complete 
|  75|0x0000000084b00000, 0x0000000084c00000, 0x0000000084c00000|100%| E|CS|TAMS 0x0000000084b00000, 0x0000000084b00000| Complete 
|  76|0x0000000084c00000, 0x0000000084d00000, 0x0000000084d00000|100%| E|CS|TAMS 0x0000000084c00000, 0x0000000084c00000| Complete 
|  77|0x0000000084d00000, 0x0000000084e00000, 0x0000000084e00000|100%| E|CS|TAMS 0x0000000084d00000, 0x0000000084d00000| Complete 
|  78|0x0000000084e00000, 0x0000000084f00000, 0x0000000084f00000|100%| E|CS|TAMS 0x0000000084e00000, 0x0000000084e00000| Complete 
|  79|0x0000000084f00000, 0x0000000085000000, 0x0000000085000000|100%| E|CS|TAMS 0x0000000084f00000, 0x0000000084f00000| Complete 
|  80|0x0000000085000000, 0x0000000085100000, 0x0000000085100000|100%| E|CS|TAMS 0x0000000085000000, 0x0000000085000000| Complete 
|  81|0x0000000085100000, 0x0000000085200000, 0x0000000085200000|100%| E|CS|TAMS 0x0000000085100000, 0x0000000085100000| Complete 
|  82|0x0000000085200000, 0x0000000085300000, 0x0000000085300000|100%| E|CS|TAMS 0x0000000085200000, 0x0000000085200000| Complete 
|  83|0x0000000085300000, 0x0000000085400000, 0x0000000085400000|100%| E|CS|TAMS 0x0000000085300000, 0x0000000085300000| Complete 
|  84|0x0000000085400000, 0x0000000085500000, 0x0000000085500000|100%| E|CS|TAMS 0x0000000085400000, 0x0000000085400000| Complete 
|  85|0x0000000085500000, 0x0000000085600000, 0x0000000085600000|100%| E|CS|TAMS 0x0000000085500000, 0x0000000085500000| Complete 
|  86|0x0000000085600000, 0x0000000085700000, 0x0000000085700000|100%| E|CS|TAMS 0x0000000085600000, 0x0000000085600000| Complete 
|  87|0x0000000085700000, 0x0000000085800000, 0x0000000085800000|100%| E|CS|TAMS 0x0000000085700000, 0x0000000085700000| Complete 
|  88|0x0000000085800000, 0x0000000085900000, 0x0000000085900000|100%| E|CS|TAMS 0x0000000085800000, 0x0000000085800000| Complete 
|  89|0x0000000085900000, 0x0000000085a00000, 0x0000000085a00000|100%| E|CS|TAMS 0x0000000085900000, 0x0000000085900000| Complete 
|  90|0x0000000085a00000, 0x0000000085b00000, 0x0000000085b00000|100%| E|CS|TAMS 0x0000000085a00000, 0x0000000085a00000| Complete 
|  91|0x0000000085b00000, 0x0000000085c00000, 0x0000000085c00000|100%| E|CS|TAMS 0x0000000085b00000, 0x0000000085b00000| Complete 
|  92|0x0000000085c00000, 0x0000000085d00000, 0x0000000085d00000|100%| E|CS|TAMS 0x0000000085c00000, 0x0000000085c00000| Complete 
|  93|0x0000000085d00000, 0x0000000085e00000, 0x0000000085e00000|100%| E|CS|TAMS 0x0000000085d00000, 0x0000000085d00000| Complete 

Card table byte_map: [0x000002204d050000,0x000002204d450000] _byte_map_base: 0x000002204cc50000

Marking Bits (Prev, Next): (CMBitMap*) 0x00000220350ffc60, (CMBitMap*) 0x00000220350ffc28
 Prev Bits: [0x000002204f850000, 0x0000022051850000)
 Next Bits: [0x000002204d850000, 0x000002204f850000)

Polling page: 0x0000022032f10000

Metaspace:

Usage:
  Non-class:     27.89 MB capacity,    27.44 MB ( 98%) used,   382.23 KB (  1%) free+waste,    75.50 KB ( <1%) overhead. 
      Class:      4.50 MB capacity,     4.21 MB ( 94%) used,   256.48 KB (  6%) free+waste,    37.88 KB ( <1%) overhead. 
       Both:     32.38 MB capacity,    31.65 MB ( 98%) used,   638.70 KB (  2%) free+waste,   113.38 KB ( <1%) overhead. 

Virtual space:
  Non-class space:       28.00 MB reserved,      27.92 MB (>99%) committed 
      Class space:      504.00 MB reserved,       4.50 MB ( <1%) committed 
             Both:      532.00 MB reserved,      32.42 MB (  6%) committed 

Chunk freelists:
   Non-Class:  4.50 KB
       Class:  256 bytes
        Both:  4.75 KB

CodeHeap 'non-profiled nmethods': size=119168Kb used=1357Kb max_used=1357Kb free=117810Kb
 bounds [0x0000022044f70000, 0x00000220451e0000, 0x000002204c3d0000]
CodeHeap 'profiled nmethods': size=119168Kb used=6364Kb max_used=6364Kb free=112803Kb
 bounds [0x000002203db10000, 0x000002203e150000, 0x0000022044f70000]
CodeHeap 'non-nmethods': size=7424Kb used=1734Kb max_used=2860Kb free=5690Kb
 bounds [0x000002203d3d0000, 0x000002203d720000, 0x000002203db10000]
 total_blobs=4204 nmethods=2847 adapters=427
 compilation: enabled
              stopped_count=0, restarted_count=0
 full_count=0

Compilation events (10 events):
Event: 39.651 Thread 0x0000022058e4d000 nmethod 3039 0x000002203e143d90 code [0x000002203e144060, 0x000002203e145280]
Event: 39.657 Thread 0x00000220547f3000 3060       3       java.lang.invoke.LambdaForm::methodType (48 bytes)
Event: 39.731 Thread 0x00000220547f3000 nmethod 3060 0x000002203e145710 code [0x000002203e145920, 0x000002203e145f40]
Event: 39.739 Thread 0x0000022058e48000 nmethod 3030 0x000002203e146210 code [0x000002203e146540, 0x000002203e1479b0]
Event: 39.744 Thread 0x0000022058e4d800 3061       3       java.lang.ThreadLocal::set (30 bytes)
Event: 39.745 Thread 0x0000022058e4d800 nmethod 3061 0x000002203e148090 code [0x000002203e148280, 0x000002203e148630]
Event: 39.990 Thread 0x0000022058e4d000 3062       3       java.util.HashMap::values (25 bytes)
Event: 39.991 Thread 0x00000220547f3000 3063       3       java.util.HashMap$HashMapSpliterator::getFence (53 bytes)
Event: 40.018 Thread 0x0000022058e4d000 nmethod 3062 0x000002203e148710 code [0x000002203e1488e0, 0x000002203e148cb8]
Event: 40.027 Thread 0x00000220547f3000 nmethod 3063 0x000002203e148e10 code [0x000002203e148fc0, 0x000002203e1491d8]

GC Heap History (10 events):
Event: 4.967 GC heap before
{Heap before GC invocations=0 (full 0):
 garbage-first heap   total 96256K, used 27648K [0x0000000080000000, 0x0000000100000000)
  region size 1024K, 24 young (24576K), 0 survivors (0K)
 Metaspace       used 9734K, capacity 9956K, committed 10112K, reserved 526336K
  class space    used 1008K, capacity 1069K, committed 1152K, reserved 516096K
}
Event: 4.973 GC heap after
{Heap after GC invocations=1 (full 0):
 garbage-first heap   total 96256K, used 10875K [0x0000000080000000, 0x0000000100000000)
  region size 1024K, 3 young (3072K), 3 survivors (3072K)
 Metaspace       used 9734K, capacity 9956K, committed 10112K, reserved 526336K
  class space    used 1008K, capacity 1069K, committed 1152K, reserved 516096K
}
Event: 9.640 GC heap before
{Heap before GC invocations=1 (full 0):
 garbage-first heap   total 96256K, used 66171K [0x0000000080000000, 0x0000000100000000)
  region size 1024K, 56 young (57344K), 3 survivors (3072K)
 Metaspace       used 11290K, capacity 11575K, committed 11904K, reserved 528384K
  class space    used 1217K, capacity 1310K, committed 1408K, reserved 516096K
}
Event: 9.661 GC heap after
{Heap after GC invocations=2 (full 0):
 garbage-first heap   total 96256K, used 15592K [0x0000000080000000, 0x0000000100000000)
  region size 1024K, 7 young (7168K), 7 survivors (7168K)
 Metaspace       used 11290K, capacity 11575K, committed 11904K, reserved 528384K
  class space    used 1217K, capacity 1310K, committed 1408K, reserved 516096K
}
Event: 16.061 GC heap before
{Heap before GC invocations=2 (full 0):
 garbage-first heap   total 96256K, used 61672K [0x0000000080000000, 0x0000000100000000)
  region size 1024K, 54 young (55296K), 7 survivors (7168K)
 Metaspace       used 20785K, capacity 21218K, committed 21296K, reserved 536576K
  class space    used 2509K, capacity 2682K, committed 2688K, reserved 516096K
}
Event: 16.115 GC heap after
{Heap after GC invocations=3 (full 0):
 garbage-first heap   total 96256K, used 18592K [0x0000000080000000, 0x0000000100000000)
  region size 1024K, 3 young (3072K), 3 survivors (3072K)
 Metaspace       used 20785K, capacity 21218K, committed 21296K, reserved 536576K
  class space    used 2509K, capacity 2682K, committed 2688K, reserved 516096K
}
Event: 27.429 GC heap before
{Heap before GC invocations=4 (full 0):
 garbage-first heap   total 96256K, used 65696K [0x0000000080000000, 0x0000000100000000)
  region size 1024K, 50 young (51200K), 3 survivors (3072K)
 Metaspace       used 24946K, capacity 25519K, committed 25648K, reserved 538624K
  class space    used 3179K, capacity 3415K, committed 3456K, reserved 516096K
}
Event: 27.583 GC heap after
{Heap after GC invocations=5 (full 0):
 garbage-first heap   total 96256K, used 20274K [0x0000000080000000, 0x0000000100000000)
  region size 1024K, 5 young (5120K), 5 survivors (5120K)
 Metaspace       used 24946K, capacity 25519K, committed 25648K, reserved 538624K
  class space    used 3179K, capacity 3415K, committed 3456K, reserved 516096K
}
Event: 37.309 GC heap before
{Heap before GC invocations=5 (full 0):
 garbage-first heap   total 96256K, used 69426K [0x0000000080000000, 0x0000000100000000)
  region size 1024K, 53 young (54272K), 5 survivors (5120K)
 Metaspace       used 29676K, capacity 30428K, committed 30512K, reserved 542720K
  class space    used 3912K, capacity 4206K, committed 4224K, reserved 516096K
}
Event: 37.315 GC heap after
{Heap after GC invocations=6 (full 0):
 garbage-first heap   total 96256K, used 22125K [0x0000000080000000, 0x0000000100000000)
  region size 1024K, 4 young (4096K), 4 survivors (4096K)
 Metaspace       used 29676K, capacity 30428K, committed 30512K, reserved 542720K
  class space    used 3912K, capacity 4206K, committed 4224K, reserved 516096K
}

Deoptimization events (10 events):
Event: 19.659 Thread 0x000002205651a800 Uncommon trap: reason=unstable_if action=reinterpret pc=0x0000022044fe6a84 method=java.lang.String.substring(I)Ljava/lang/String; @ 34 c2
Event: 22.960 Thread 0x000002205651a800 Uncommon trap: reason=unstable_if action=reinterpret pc=0x0000022045066bdc method=jdk.internal.loader.BuiltinClassLoader.loadClassOrNull(Ljava/lang/String;Z)Ljava/lang/Class; @ 17 c2
Event: 24.020 Thread 0x00000220561ac800 Uncommon trap: reason=unstable_if action=reinterpret pc=0x0000022044fb4308 method=java.lang.AbstractStringBuilder.append(Ljava/lang/String;)Ljava/lang/AbstractStringBuilder; @ 1 c2
Event: 24.020 Thread 0x00000220561ac800 Uncommon trap: reason=unstable_if action=reinterpret pc=0x0000022044fa9ef4 method=java.lang.AbstractStringBuilder.append(Ljava/lang/String;)Ljava/lang/AbstractStringBuilder; @ 1 c2
Event: 27.703 Thread 0x000002205651a800 Uncommon trap: reason=unstable_if action=reinterpret pc=0x0000022044f9bd14 method=java.util.HashMap.hash(Ljava/lang/Object;)I @ 1 c2
Event: 29.625 Thread 0x000002205651a800 Uncommon trap: reason=intrinsic_or_type_checked_inlining action=make_not_entrant pc=0x0000022045083874 method=java.util.Arrays.copyOf([Ljava/lang/Object;ILjava/lang/Class;)[Ljava/lang/Object; @ 35 c2
Event: 30.623 Thread 0x000002205651a800 Uncommon trap: reason=predicate action=maybe_recompile pc=0x000002204508289c method=com.google.common.base.CharMatcher.indexIn(Ljava/lang/CharSequence;I)I @ 19 c2
Event: 36.314 Thread 0x000002205651a800 Uncommon trap: reason=unstable_if action=reinterpret pc=0x0000022044faff3c method=java.util.HashMap.hash(Ljava/lang/Object;)I @ 1 c2
Event: 36.315 Thread 0x000002205651a800 Uncommon trap: reason=unstable_if action=reinterpret pc=0x000002204503b5ac method=java.util.HashMap.hash(Ljava/lang/Object;)I @ 1 c2
Event: 39.429 Thread 0x000002205651a800 Uncommon trap: reason=unstable_if action=reinterpret pc=0x00000220450b6158 method=java.util.HashMap.putVal(ILjava/lang/Object;Ljava/lang/Object;ZZ)Ljava/lang/Object; @ 162 c2

Classes redefined (0 events):
No events

Internal exceptions (10 events):
Event: 36.315 Thread 0x000002205651a800 Implicit null exception at 0x000002204503b52f to 0x000002204503b59d
Event: 36.411 Thread 0x000002205651a800 Exception <a 'java/lang/NoSuchMethodError'{0x00000000833f5660}: java.lang.invoke.DirectMethodHandle$Holder.invokeSpecial(Ljava/lang/Object;Ljava/lang/Object;Ljava/lang/Object;Ljava/lang/Object;Ljava/lang/Object;Ljava/lang/Object;Ljava/lang/Object;Ljava/la
Event: 36.412 Thread 0x000002205651a800 Exception <a 'java/lang/NoSuchMethodError'{0x0000000083206520}: java.lang.invoke.Invokers$Holder.linkToTargetMethod(Ljava/lang/Object;Ljava/lang/Object;Ljava/lang/Object;Ljava/lang/Object;Ljava/lang/Object;Ljava/lang/Object;Ljava/lang/Object;Ljava/lang/Ob
Event: 36.425 Thread 0x000002205651a800 Exception <a 'java/lang/NoSuchMethodError'{0x00000000832aa748}: java.lang.invoke.DirectMethodHandle$Holder.invokeSpecial(Ljava/lang/Object;Ljava/lang/Object;Ljava/lang/Object;Ljava/lang/Object;Ljava/lang/Object;Ljava/lang/Object;Ljava/lang/Object;Ljava/la
Event: 36.427 Thread 0x000002205651a800 Exception <a 'java/lang/NoSuchMethodError'{0x00000000832bbfb0}: java.lang.invoke.Invokers$Holder.linkToTargetMethod(Ljava/lang/Object;Ljava/lang/Object;Ljava/lang/Object;Ljava/lang/Object;Ljava/lang/Object;Ljava/lang/Object;Ljava/lang/Object;Ljava/lang/Ob
Event: 36.499 Thread 0x000002205651a800 Exception <a 'java/lang/NoSuchMethodError'{0x00000000831d2678}: java.lang.invoke.DirectMethodHandle$Holder.invokeStaticInit(Ljava/lang/Object;Ljava/lang/Object;Ljava/lang/Object;Ljava/lang/Object;)Ljava/lang/Object;> (0x00000000831d2678) thrown at [t:/wor
Event: 38.242 Thread 0x000002205651a800 Exception <a 'java/lang/NoSuchMethodError'{0x0000000085138338}: java.lang.invoke.Invokers$Holder.linkToTargetMethod(Ljava/lang/Object;Ljava/lang/Object;Ljava/lang/Object;Ljava/lang/Object;Ljava/lang/Object;Ljava/lang/Object;Ljava/lang/Object;Ljava/lang/Ob
Event: 38.252 Thread 0x000002205651a800 Exception <a 'java/lang/IncompatibleClassChangeError'{0x00000000851ba120}: Found class java.lang.Object, but interface was expected> (0x00000000851ba120) thrown at [t:/workspace/open/src/hotspot/share/interpreter/linkResolver.cpp, line 838]
Event: 39.594 Thread 0x000002205651a800 Exception <a 'java/lang/NoSuchMethodError'{0x000000008491f158}: java.lang.invoke.Invokers$Holder.linkToTargetMethod(Ljava/lang/Object;IILjava/lang/Object;)Ljava/lang/Object;> (0x000000008491f158) thrown at [t:/workspace/open/src/hotspot/share/interpreter/
Event: 39.657 Thread 0x000002205651a800 Exception <a 'java/lang/NoSuchMethodError'{0x00000000849359e0}: java.lang.invoke.DirectMethodHandle$Holder.invokeStatic(Ljava/lang/Object;Ljava/lang/Object;IILjava/lang/Object;Ljava/lang/Object;)Ljava/lang/Object;> (0x00000000849359e0) thrown at [t:/works

Events (10 events):
Event: 40.053 loading class org/codehaus/groovy/util/ComplexKeyHashMap
Event: 40.053 loading class org/codehaus/groovy/util/ComplexKeyHashMap done
Event: 40.054 loading class groovy/lang/MetaClassImpl$MethodIndex
Event: 40.054 loading class groovy/lang/MetaClassImpl$MethodIndex done
Event: 40.054 loading class groovy/lang/MetaArrayLengthProperty
Event: 40.054 loading class groovy/lang/MetaArrayLengthProperty done
Event: 40.059 loading class groovy/lang/MetaMethod
Event: 40.059 loading class groovy/lang/MetaMethod done
Event: 40.064 loading class org/codehaus/groovy/reflection/ParameterTypes
Event: 40.064 loading class org/codehaus/groovy/reflection/ParameterTypes done


Dynamic libraries:
0x00007ff7d74e0000 - 0x00007ff7d7525000 	C:\Users\timp7\AppData\Local\jdk-11.0.2\bin\java.exe
0x00007ffccd4f0000 - 0x00007ffccd707000 	C:\WINDOWS\SYSTEM32\ntdll.dll
0x00007ffccc520000 - 0x00007ffccc5e4000 	C:\WINDOWS\System32\KERNEL32.DLL
0x00007ffccaaa0000 - 0x00007ffccae46000 	C:\WINDOWS\System32\KERNELBASE.dll
0x00007ffccb880000 - 0x00007ffccba2e000 	C:\WINDOWS\System32\USER32.dll
0x00007ffcca830000 - 0x00007ffcca856000 	C:\WINDOWS\System32\win32u.dll
0x00007ffccd480000 - 0x00007ffccd4a9000 	C:\WINDOWS\System32\GDI32.dll
0x00007ffcca980000 - 0x00007ffccaa98000 	C:\WINDOWS\System32\gdi32full.dll
0x00007ffcca860000 - 0x00007ffcca8fa000 	C:\WINDOWS\System32\msvcp_win.dll
0x00007ffccafb0000 - 0x00007ffccb0c1000 	C:\WINDOWS\System32\ucrtbase.dll
0x00007ffcbc210000 - 0x00007ffcbc4a3000 	C:\WINDOWS\WinSxS\amd64_microsoft.windows.common-controls_6595b64144ccf1df_6.0.22621.2506_none_270c5ae97388e100\COMCTL32.dll
0x00007ffcccec0000 - 0x00007ffcccf67000 	C:\WINDOWS\System32\msvcrt.dll
0x00007ffccbb30000 - 0x00007ffccbb61000 	C:\WINDOWS\System32\IMM32.DLL
0x00007ffcc43c0000 - 0x00007ffcc43d6000 	C:\Users\timp7\AppData\Local\jdk-11.0.2\bin\vcruntime140.dll
0x00007ffc78ad0000 - 0x00007ffc78b7a000 	C:\Users\timp7\AppData\Local\jdk-11.0.2\bin\msvcp140.dll
0x00007ffc3d240000 - 0x00007ffc3dd63000 	C:\Users\timp7\AppData\Local\jdk-11.0.2\bin\server\jvm.dll
0x00007ffccb6d0000 - 0x00007ffccb783000 	C:\WINDOWS\System32\ADVAPI32.dll
0x00007ffccd3d0000 - 0x00007ffccd478000 	C:\WINDOWS\System32\sechost.dll
0x00007ffccaec0000 - 0x00007ffccaee8000 	C:\WINDOWS\System32\bcrypt.dll
0x00007ffccb5a0000 - 0x00007ffccb6b7000 	C:\WINDOWS\System32\RPCRT4.dll
0x00007ffccccd0000 - 0x00007ffccccd8000 	C:\WINDOWS\System32\PSAPI.DLL
0x00007ffcc14e0000 - 0x00007ffcc14ea000 	C:\WINDOWS\SYSTEM32\VERSION.dll
0x00007ffcbe420000 - 0x00007ffcbe454000 	C:\WINDOWS\SYSTEM32\WINMM.dll
0x00007ffcc6e90000 - 0x00007ffcc6e99000 	C:\WINDOWS\SYSTEM32\WSOCK32.dll
0x00007ffccbb70000 - 0x00007ffccbbe1000 	C:\WINDOWS\System32\WS2_32.dll
0x00007ffcc9920000 - 0x00007ffcc9938000 	C:\WINDOWS\SYSTEM32\kernel.appcore.dll
0x00007ffcc0260000 - 0x00007ffcc0271000 	C:\Users\timp7\AppData\Local\jdk-11.0.2\bin\verify.dll
0x00007ffcc83b0000 - 0x00007ffcc85e3000 	C:\WINDOWS\SYSTEM32\DBGHELP.DLL
0x00007ffccd040000 - 0x00007ffccd3c9000 	C:\WINDOWS\System32\combase.dll
0x00007ffcccde0000 - 0x00007ffccceb7000 	C:\WINDOWS\System32\OLEAUT32.dll
0x00007ffcb33b0000 - 0x00007ffcb33e2000 	C:\WINDOWS\SYSTEM32\dbgcore.DLL
0x00007ffcca900000 - 0x00007ffcca97a000 	C:\WINDOWS\System32\bcryptPrimitives.dll
0x00007ffc78aa0000 - 0x00007ffc78ac8000 	C:\Users\timp7\AppData\Local\jdk-11.0.2\bin\java.dll
0x00007ffc90350000 - 0x00007ffc90366000 	C:\Users\timp7\AppData\Local\jdk-11.0.2\bin\zip.dll
0x00007ffcc6f90000 - 0x00007ffcc6f9a000 	C:\Users\timp7\AppData\Local\jdk-11.0.2\bin\jimage.dll
0x00007ffccbcb0000 - 0x00007ffccc50b000 	C:\WINDOWS\System32\SHELL32.dll
0x00007ffcc8750000 - 0x00007ffcc9046000 	C:\WINDOWS\SYSTEM32\windows.storage.dll
0x00007ffcc8610000 - 0x00007ffcc874e000 	C:\WINDOWS\SYSTEM32\wintypes.dll
0x00007ffccba30000 - 0x00007ffccbb23000 	C:\WINDOWS\System32\SHCORE.dll
0x00007ffccb540000 - 0x00007ffccb59e000 	C:\WINDOWS\System32\shlwapi.dll
0x00007ffcca760000 - 0x00007ffcca786000 	C:\WINDOWS\SYSTEM32\profapi.dll
0x00007ffc880c0000 - 0x00007ffc880d9000 	C:\Users\timp7\AppData\Local\jdk-11.0.2\bin\net.dll
0x00007ffcb1410000 - 0x00007ffcb1600000 	C:\WINDOWS\SYSTEM32\urlmon.dll
0x00007ffcc3ef0000 - 0x00007ffcc4027000 	C:\WINDOWS\SYSTEM32\WINHTTP.dll
0x00007ffcb0970000 - 0x00007ffcb0998000 	C:\WINDOWS\SYSTEM32\srvcli.dll
0x00007ffcc92a0000 - 0x00007ffcc92ac000 	C:\WINDOWS\SYSTEM32\netutils.dll
0x00007ffcb09a0000 - 0x00007ffcb0c5c000 	C:\WINDOWS\SYSTEM32\iertutil.dll
0x00007ffcc9d90000 - 0x00007ffcc9df9000 	C:\WINDOWS\system32\mswsock.dll
0x00007ffc87c80000 - 0x00007ffc87c93000 	C:\Users\timp7\AppData\Local\jdk-11.0.2\bin\nio.dll
0x00007ffc74f90000 - 0x00007ffc74fb7000 	C:\Users\timp7\.gradle\native\68d5fa5c4cc2d200863cafc0d521ce42e7d3e7ee720ec0a83991735586a16f82\windows-amd64\native-platform.dll
0x00007ffc74d20000 - 0x00007ffc74e64000 	C:\Users\timp7\.gradle\native\e376f236ea51e6404a007f0833ffe2c6e607c4080706a723a18a27aeea778392\windows-amd64\native-platform-file-events.dll
0x00007ffc9a7a0000 - 0x00007ffc9a7a9000 	C:\Users\timp7\AppData\Local\jdk-11.0.2\bin\management.dll
0x00007ffc98460000 - 0x00007ffc9846c000 	C:\Users\timp7\AppData\Local\jdk-11.0.2\bin\management_ext.dll
0x00007ffcca030000 - 0x00007ffcca04b000 	C:\WINDOWS\SYSTEM32\CRYPTSP.dll
0x00007ffcc9880000 - 0x00007ffcc98b5000 	C:\WINDOWS\system32\rsaenh.dll
0x00007ffcc9e30000 - 0x00007ffcc9e5c000 	C:\WINDOWS\SYSTEM32\USERENV.dll
0x00007ffcc9f90000 - 0x00007ffcc9f9c000 	C:\WINDOWS\SYSTEM32\CRYPTBASE.dll
0x00007ffcc9360000 - 0x00007ffcc938d000 	C:\WINDOWS\SYSTEM32\IPHLPAPI.DLL
0x00007ffccc510000 - 0x00007ffccc519000 	C:\WINDOWS\System32\NSI.dll
0x00007ffcc40d0000 - 0x00007ffcc40e9000 	C:\WINDOWS\SYSTEM32\dhcpcsvc6.DLL
0x00007ffcc40b0000 - 0x00007ffcc40cf000 	C:\WINDOWS\SYSTEM32\dhcpcsvc.DLL
0x00007ffcc9390000 - 0x00007ffcc9489000 	C:\WINDOWS\SYSTEM32\DNSAPI.dll

dbghelp: loaded successfully - version: 4.0.5 - missing functions: none
symbol engine: initialized successfully - sym options: 0x614 - pdb path: .;C:\Users\timp7\AppData\Local\jdk-11.0.2\bin;C:\WINDOWS\SYSTEM32;C:\WINDOWS\WinSxS\amd64_microsoft.windows.common-controls_6595b64144ccf1df_6.0.22621.2506_none_270c5ae97388e100;C:\Users\timp7\AppData\Local\jdk-11.0.2\bin\server;C:\Users\timp7\.gradle\native\68d5fa5c4cc2d200863cafc0d521ce42e7d3e7ee720ec0a83991735586a16f82\windows-amd64;C:\Users\timp7\.gradle\native\e376f236ea51e6404a007f0833ffe2c6e607c4080706a723a18a27aeea778392\windows-amd64

VM Arguments:
jvm_args: -XX:MaxMetaspaceSize=512m --add-opens=java.base/java.util=ALL-UNNAMED --add-opens=java.base/java.lang=ALL-UNNAMED --add-opens=java.base/java.lang.invoke=ALL-UNNAMED --add-opens=java.prefs/java.util.prefs=ALL-UNNAMED --add-opens=java.base/java.nio.charset=ALL-UNNAMED --add-opens=java.base/java.net=ALL-UNNAMED --add-opens=java.base/java.util.concurrent.atomic=ALL-UNNAMED -Xmx2048m -Dfile.encoding=windows-1252 -Duser.country=US -Duser.language=en -Duser.variant 
java_command: org.gradle.launcher.daemon.bootstrap.GradleDaemon 8.0.1
java_class_path (initial): C:\Users\timp7\.gradle\wrapper\dists\gradle-8.0.1-all\aro4hu1c3oeioove7l0i4i14o\gradle-8.0.1\lib\gradle-launcher-8.0.1.jar
Launcher Type: SUN_STANDARD

[Global flags]
     intx CICompilerCount                          = 12                                        {product} {ergonomic}
   size_t CompressedClassSpaceSize                 = 528482304                                 {product} {ergonomic}
     uint ConcGCThreads                            = 3                                         {product} {ergonomic}
     uint G1ConcRefinementThreads                  = 13                                        {product} {ergonomic}
   size_t G1HeapRegionSize                         = 1048576                                   {product} {ergonomic}
    uintx GCDrainStackTargetSize                   = 64                                        {product} {ergonomic}
   size_t InitialHeapSize                          = 98566144                                  {product} {ergonomic}
   size_t MarkStackSize                            = 4194304                                   {product} {ergonomic}
   size_t MaxHeapSize                              = 2147483648                                {product} {command line}
   size_t MaxMetaspaceSize                         = 536870912                                 {product} {command line}
   size_t MaxNewSize                               = 1287651328                                {product} {ergonomic}
   size_t MinHeapDeltaBytes                        = 1048576                                   {product} {ergonomic}
    uintx NonNMethodCodeHeapSize                   = 7591728                                {pd product} {ergonomic}
    uintx NonProfiledCodeHeapSize                  = 122033256                              {pd product} {ergonomic}
    uintx ProfiledCodeHeapSize                     = 122033256                              {pd product} {ergonomic}
    uintx ReservedCodeCacheSize                    = 251658240                              {pd product} {ergonomic}
     bool SegmentedCodeCache                       = true                                      {product} {ergonomic}
     bool UseCompressedClassPointers               = true                                 {lp64_product} {ergonomic}
     bool UseCompressedOops                        = true                                 {lp64_product} {ergonomic}
     bool UseG1GC                                  = true                                      {product} {ergonomic}
     bool UseLargePagesIndividualAllocation        = false                                  {pd product} {ergonomic}

Logging:
Log output configuration:
 #0: stdout all=warning uptime,level,tags
 #1: stderr all=off uptime,level,tags

Environment Variables:
JAVA_HOME=C:\Users\timp7\AppData\Local\jdk-11.0.2
CLASSPATH=C:\Users\timp7\OneDrive\Documents\GitHub\scouting-app\scouting\android\\gradle\wrapper\gradle-wrapper.jar
PATH=C:\Users\timp7\OneDrive\Documents\GitHub\scouting-app\scouting\node_modules\.bin;C:\Users\timp7\OneDrive\Documents\GitHub\scouting-app\scouting\node_modules\.bin;C:\Users\timp7\OneDrive\Documents\GitHub\scouting-app\node_modules\.bin;C:\Users\timp7\OneDrive\Documents\GitHub\node_modules\.bin;C:\Users\timp7\OneDrive\Documents\node_modules\.bin;C:\Users\timp7\OneDrive\node_modules\.bin;C:\Users\timp7\node_modules\.bin;C:\Users\node_modules\.bin;C:\node_modules\.bin;C:\Program Files\nodejs\node_modules\npm\node_modules\@npmcli\run-script\lib\node-gyp-bin;C:\Users\timp7\OneDrive\Documents\GitHub\scouting-app\scouting\node_modules\.bin;C:\Users\timp7\OneDrive\Documents\GitHub\scouting-app\node_modules\.bin;C:\Users\timp7\OneDrive\Documents\GitHub\node_modules\.bin;C:\Users\timp7\OneDrive\Documents\node_modules\.bin;C:\Users\timp7\OneDrive\node_modules\.bin;C:\Users\timp7\node_modules\.bin;C:\Users\node_modules\.bin;C:\node_modules\.bin;C:\Program Files\nodejs\node_modules\npm\node_modules\@npmcli\run-script\lib\node-gyp-bin;C:\Program Files\Microsoft\jdk-17.0.10.7-hotspot\bin;C:\Program Files\Common Files\Oracle\Java\javapath;C:\Program Files\Eclipse Adoptium\jdk-11.0.22.7-hotspot\bin;C:\Program Files (x86)\Common Files\Oracle\Java\javapath;C:\Windows\system32;C:\Windows;C:\Windows\System32\Wbem;C:\Windows\System32\WindowsPowerShell\v1.0\;C:\Windows\System32\OpenSSH\;C:\Program Files (x86)\NVIDIA Corporation\PhysX\Common;C:\Program Files\NVIDIA Corporation\NVIDIA NvDLISR;C:\Program Files\dotnet\;C:\WINDOWS\system32;C:\WINDOWS;C:\WINDOWS\System32\Wbem;C:\WINDOWS\System32\WindowsPowerShell\v1.0\;C:\WINDOWS\System32\OpenSSH\;C:\Program Files\Git\cmd;C:\ProgramData\chocolatey\bin;C:\Program Files\nodejs\;C:\Users\timp7\AppData\Local\Android\Sdk\platform-tools;C:\Users\timp7\AppData\Local\Android\Sdk\emulator;C:\Users\timp7\AppData\Local\Android\Sdk\tools;C:\Users\timp7\AppData\Local\jdk-11.0.2\bin;C:\Users\timp7\AppData\Local\Programs\Eclipse Adoptium\jdk-17.0.8.7-hotspot\
USERNAME=timp7
OS=Windows_NT
PROCESSOR_IDENTIFIER=AMD64 Family 25 Model 80 Stepping 0, AuthenticAMD



---------------  S Y S T E M  ---------------

OS: Windows 10 , 64 bit Build 22621 (10.0.22621.3085)

CPU:total 16 (initial active 16) (16 cores per cpu, 2 threads per core) family 25 model 80 stepping 0, cmov, cx8, fxsr, mmx, sse, sse2, sse3, ssse3, sse4.1, sse4.2, popcnt, avx, avx2, aes, clmul, erms, mmxext, 3dnowpref, lzcnt, sse4a, ht, tsc, tscinvbit, tscinv, bmi1, bmi2, adx, sha, fma

Memory: 4k page, system-wide physical 5996M (7M free)
TotalPageFile size 24428M (AvailPageFile size 0M)
current process WorkingSet (physical memory assigned to process): 26M, peak: 105M
current process commit charge ("private bytes"): 259M, peak: 279M

vm_info: OpenJDK 64-Bit Server VM (11.0.2+9) for windows-amd64 JRE (11.0.2+9), built on Jan 18 2019 05:23:22 by "mach5one" with MS VC++ 15.5 (VS2017)

END.
