#
# There is insufficient memory for the Java Runtime Environment to continue.
# Native memory allocation (malloc) failed to allocate 1289296 bytes for Chunk::new
# Possible reasons:
#   The system is out of physical RAM or swap space
#   The process is running with CompressedOops enabled, and the Java Heap may be blocking the growth of the native heap
# Possible solutions:
#   Reduce memory load on the system
#   Increase physical memory or swap space
#   Check if swap backing store is full
#   Decrease Java heap size (-Xmx/-Xms)
#   Decrease number of Java threads
#   Decrease Java thread stack sizes (-Xss)
#   Set larger code cache with -XX:ReservedCodeCacheSize=
#   JVM is running with Unscaled Compressed Oops mode in which the Java heap is
#     placed in the first 4GB address space. The Java Heap base address is the
#     maximum limit for the native heap growth. Please use -XX:HeapBaseMinAddress
#     to set the Java Heap base and to place the Java Heap above 4GB virtual address.
# This output file may be truncated or incomplete.
#
#  Out of Memory Error (t:/workspace/open/src/hotspot/share/memory/arena.cpp:197), pid=19036, tid=25756
#
# JRE version: OpenJDK Runtime Environment (11.0.2+9) (build 11.0.2+9)
# Java VM: OpenJDK 64-Bit Server VM (11.0.2+9, mixed mode, tiered, compressed oops, g1 gc, windows-amd64)
# No core dump will be written. Minidumps are not enabled by default on client versions of Windows
#

---------------  S U M M A R Y ------------

Command Line: -XX:MaxMetaspaceSize=512m --add-opens=java.base/java.util=ALL-UNNAMED --add-opens=java.base/java.lang=ALL-UNNAMED --add-opens=java.base/java.lang.invoke=ALL-UNNAMED --add-opens=java.prefs/java.util.prefs=ALL-UNNAMED --add-opens=java.base/java.nio.charset=ALL-UNNAMED --add-opens=java.base/java.net=ALL-UNNAMED --add-opens=java.base/java.util.concurrent.atomic=ALL-UNNAMED -Xmx2048m -Dfile.encoding=windows-1252 -Duser.country=US -Duser.language=en -Duser.variant org.gradle.launcher.daemon.bootstrap.GradleDaemon 8.0.1

Host: AMD Ryzen 7 5800H with Radeon Graphics         , 16 cores, 5G,  Windows 10 , 64 bit Build 22621 (10.0.22621.3085)
Time: Fri Mar  1 21:33:12 2024 Pacific Standard Time elapsed time: 40 seconds (0d 0h 0m 40s)

---------------  T H R E A D  ---------------

Current thread (0x000002cc84d7f800):  JavaThread "C2 CompilerThread0" daemon [_thread_in_native, id=25756, stack(0x000000e2f7100000,0x000000e2f7200000)]


Current CompileTask:
C2:  40562 3041   !   4       java.lang.reflect.Executable::declaredAnnotations (85 bytes)

Stack: [0x000000e2f7100000,0x000000e2f7200000]
Native frames: (J=compiled Java code, j=interpreted, Vv=VM code, C=native code)
V  [jvm.dll+0x63489a]
V  [jvm.dll+0x771f9f]
V  [jvm.dll+0x773648]
V  [jvm.dll+0x773d03]
V  [jvm.dll+0x25eba8]
V  [jvm.dll+0xc2191]
V  [jvm.dll+0xc271c]
V  [jvm.dll+0x36cc02]
V  [jvm.dll+0x339b13]
V  [jvm.dll+0x338eea]
V  [jvm.dll+0x2189c5]
V  [jvm.dll+0x217b6a]
V  [jvm.dll+0x194370]
V  [jvm.dll+0x226b3f]
V  [jvm.dll+0x225148]
V  [jvm.dll+0x73774d]
V  [jvm.dll+0x633942]
C  [ucrtbase.dll+0x29363]
C  [KERNEL32.DLL+0x1257d]
C  [ntdll.dll+0x5aa58]


---------------  P R O C E S S  ---------------

Threads class SMR info:
_java_thread_list=0x000002cc86f14900, length=32, elements={
0x000002cce5513000, 0x000002cc84d6f800, 0x000002cc84d5d800, 0x000002cc84d7d800,
0x000002cc84d7e800, 0x000002cc84d7f800, 0x000002cc84d83000, 0x000002cc84d8d800,
0x000002cc85837000, 0x000002cc858ac800, 0x000002cc87c37000, 0x000002cc8606c800,
0x000002cc8783d000, 0x000002cc8808e000, 0x000002cc86343800, 0x000002cc87fa1000,
0x000002cc87f84000, 0x000002cc87a14800, 0x000002cc870db000, 0x000002cc870dc000,
0x000002cc85aea000, 0x000002cc85aeb000, 0x000002cc85aeb800, 0x000002cc85aec800,
0x000002cc88f3f000, 0x000002cc88f40800, 0x000002cc88f3e000, 0x000002cc88f3f800,
0x000002cc88f3a800, 0x000002cc88f3d000, 0x000002cc88f3c800, 0x000002cc88f45800
}

Java Threads: ( => current thread )
  0x000002cce5513000 JavaThread "main" [_thread_blocked, id=33680, stack(0x000000e2f6600000,0x000000e2f6700000)]
  0x000002cc84d6f800 JavaThread "Reference Handler" daemon [_thread_blocked, id=19492, stack(0x000000e2f6d00000,0x000000e2f6e00000)]
  0x000002cc84d5d800 JavaThread "Finalizer" daemon [_thread_blocked, id=33772, stack(0x000000e2f6e00000,0x000000e2f6f00000)]
  0x000002cc84d7d800 JavaThread "Signal Dispatcher" daemon [_thread_blocked, id=22924, stack(0x000000e2f6f00000,0x000000e2f7000000)]
  0x000002cc84d7e800 JavaThread "Attach Listener" daemon [_thread_blocked, id=2560, stack(0x000000e2f7000000,0x000000e2f7100000)]
=>0x000002cc84d7f800 JavaThread "C2 CompilerThread0" daemon [_thread_in_native, id=25756, stack(0x000000e2f7100000,0x000000e2f7200000)]
  0x000002cc84d83000 JavaThread "C1 CompilerThread0" daemon [_thread_blocked, id=31564, stack(0x000000e2f7200000,0x000000e2f7300000)]
  0x000002cc84d8d800 JavaThread "Sweeper thread" daemon [_thread_blocked, id=31572, stack(0x000000e2f7300000,0x000000e2f7400000)]
  0x000002cc85837000 JavaThread "Common-Cleaner" daemon [_thread_blocked, id=31516, stack(0x000000e2f7400000,0x000000e2f7500000)]
  0x000002cc858ac800 JavaThread "Service Thread" daemon [_thread_blocked, id=31548, stack(0x000000e2f7600000,0x000000e2f7700000)]
  0x000002cc87c37000 JavaThread "Daemon health stats" [_thread_blocked, id=30868, stack(0x000000e2f7a00000,0x000000e2f7b00000)]
  0x000002cc8606c800 JavaThread "Incoming local TCP Connector on port 52950" [_thread_in_native, id=14952, stack(0x000000e2f7b00000,0x000000e2f7c00000)]
  0x000002cc8783d000 JavaThread "Daemon periodic checks" [_thread_blocked, id=5552, stack(0x000000e2f7c00000,0x000000e2f7d00000)]
  0x000002cc8808e000 JavaThread "Daemon" [_thread_blocked, id=22200, stack(0x000000e2f7d00000,0x000000e2f7e00000)]
  0x000002cc86343800 JavaThread "Handler for socket connection from /127.0.0.1:52950 to /127.0.0.1:52977" [_thread_in_native, id=6972, stack(0x000000e2f7e00000,0x000000e2f7f00000)]
  0x000002cc87fa1000 JavaThread "Cancel handler" [_thread_blocked, id=15296, stack(0x000000e2f7f00000,0x000000e2f8000000)]
  0x000002cc87f84000 JavaThread "Daemon worker" [_thread_in_native, id=29700, stack(0x000000e2f8000000,0x000000e2f8100000)]
  0x000002cc87a14800 JavaThread "Asynchronous log dispatcher for DefaultDaemonConnection: socket connection from /127.0.0.1:52950 to /127.0.0.1:52977" [_thread_blocked, id=1140, stack(0x000000e2f8100000,0x000000e2f8200000)]
  0x000002cc870db000 JavaThread "Stdin handler" [_thread_blocked, id=30656, stack(0x000000e2f8200000,0x000000e2f8300000)]
  0x000002cc870dc000 JavaThread "Daemon client event forwarder" [_thread_blocked, id=19468, stack(0x000000e2f8300000,0x000000e2f8400000)]
  0x000002cc85aea000 JavaThread "Cache worker for journal cache (C:\Users\timp7\.gradle\caches\journal-1)" [_thread_blocked, id=26524, stack(0x000000e2f8400000,0x000000e2f8500000)]
  0x000002cc85aeb000 JavaThread "File lock request listener" [_thread_in_native, id=30664, stack(0x000000e2f8500000,0x000000e2f8600000)]
  0x000002cc85aeb800 JavaThread "File lock release action executor" [_thread_blocked, id=30016, stack(0x000000e2f9100000,0x000000e2f9200000)]
  0x000002cc85aec800 JavaThread "Cache worker for file hash cache (C:\Users\timp7\.gradle\caches\8.0.1\fileHashes)" [_thread_blocked, id=31188, stack(0x000000e2f9400000,0x000000e2f9500000)]
  0x000002cc88f3f000 JavaThread "File watcher server" daemon [_thread_in_native, id=21604, stack(0x000000e2f9600000,0x000000e2f9700000)]
  0x000002cc88f40800 JavaThread "File watcher consumer" daemon [_thread_blocked, id=25016, stack(0x000000e2f9500000,0x000000e2f9600000)]
  0x000002cc88f3e000 JavaThread "Cache worker for checksums cache (C:\Users\timp7\OneDrive\Documents\GitHub\scouting-app\scouting\android\.gradle\8.0.1\checksums)" [_thread_blocked, id=19972, stack(0x000000e2f9800000,0x000000e2f9900000)]
  0x000002cc88f3f800 JavaThread "Cache worker for cache directory md-rule (C:\Users\timp7\.gradle\caches\8.0.1\md-rule)" [_thread_blocked, id=25496, stack(0x000000e2f9200000,0x000000e2f9300000)]
  0x000002cc88f3a800 JavaThread "Cache worker for file content cache (C:\Users\timp7\.gradle\caches\8.0.1\fileContent)" [_thread_blocked, id=30336, stack(0x000000e2f9300000,0x000000e2f9400000)]
  0x000002cc88f3d000 JavaThread "Cache worker for file hash cache (C:\Users\timp7\OneDrive\Documents\GitHub\scouting-app\scouting\android\.gradle\8.0.1\fileHashes)" [_thread_blocked, id=30092, stack(0x000000e2f9900000,0x000000e2f9a00000)]
  0x000002cc88f3c800 JavaThread "Cache worker for cache directory md-supplier (C:\Users\timp7\.gradle\caches\8.0.1\md-supplier)" [_thread_blocked, id=13256, stack(0x000000e2f9a00000,0x000000e2f9b00000)]
  0x000002cc88f45800 JavaThread "Cache worker for execution history cache (C:\Users\timp7\.gradle\caches\8.0.1\executionHistory)" [_thread_blocked, id=7776, stack(0x000000e2f9b00000,0x000000e2f9c00000)]

Other Threads:
  0x000002cc84d5b000 VMThread "VM Thread" [stack: 0x000000e2f6c00000,0x000000e2f6d00000] [id=7564]
  0x000002cc858b1800 WatcherThread [stack: 0x000000e2f7700000,0x000000e2f7800000] [id=12752]
  0x000002cce5529800 GCTaskThread "GC Thread#0" [stack: 0x000000e2f6700000,0x000000e2f6800000] [id=27364]
  0x000002cc86b11000 GCTaskThread "GC Thread#1" [stack: 0x000000e2f7900000,0x000000e2f7a00000] [id=11528]
  0x000002cc87dc8800 GCTaskThread "GC Thread#2" [stack: 0x000000e2f8600000,0x000000e2f8700000] [id=17916]
  0x000002cc86aae800 GCTaskThread "GC Thread#3" [stack: 0x000000e2f8700000,0x000000e2f8800000] [id=11304]
  0x000002cc8672e800 GCTaskThread "GC Thread#4" [stack: 0x000000e2f8800000,0x000000e2f8900000] [id=4332]
  0x000002cc86d6f800 GCTaskThread "GC Thread#5" [stack: 0x000000e2f8900000,0x000000e2f8a00000] [id=30628]
  0x000002cc88331000 GCTaskThread "GC Thread#6" [stack: 0x000000e2f8a00000,0x000000e2f8b00000] [id=10584]
  0x000002cc8832f800 GCTaskThread "GC Thread#7" [stack: 0x000000e2f8b00000,0x000000e2f8c00000] [id=28388]
  0x000002cc88333000 GCTaskThread "GC Thread#8" [stack: 0x000000e2f8c00000,0x000000e2f8d00000] [id=29612]
  0x000002cc8832e000 GCTaskThread "GC Thread#9" [stack: 0x000000e2f8d00000,0x000000e2f8e00000] [id=28512]
  0x000002cc88334000 GCTaskThread "GC Thread#10" [stack: 0x000000e2f8e00000,0x000000e2f8f00000] [id=31356]
  0x000002cc88331800 GCTaskThread "GC Thread#11" [stack: 0x000000e2f8f00000,0x000000e2f9000000] [id=30580]
  0x000002cc88334800 GCTaskThread "GC Thread#12" [stack: 0x000000e2f9000000,0x000000e2f9100000] [id=26488]
  0x000002cce5558800 ConcurrentGCThread "G1 Main Marker" [stack: 0x000000e2f6800000,0x000000e2f6900000] [id=176]
  0x000002cce555b000 ConcurrentGCThread "G1 Conc#0" [stack: 0x000000e2f6900000,0x000000e2f6a00000] [id=9456]
  0x000002cc88335800 ConcurrentGCThread "G1 Conc#1" [stack: 0x000000e2f7500000,0x000000e2f7600000] [id=8152]
  0x000002cc88330000 ConcurrentGCThread "G1 Conc#2" [stack: 0x000000e2f7800000,0x000000e2f7900000] [id=23916]
  0x000002cc84bc8000 ConcurrentGCThread "G1 Refine#0" [stack: 0x000000e2f6a00000,0x000000e2f6b00000] [id=6516]
  0x000002cc84bc9000 ConcurrentGCThread "G1 Young RemSet Sampling" [stack: 0x000000e2f6b00000,0x000000e2f6c00000] [id=10792]

Threads with active compile tasks:
C2 CompilerThread03041   !   4       java.lang.reflect.Executable::declaredAnnotations (85 bytes)

VM state:not at safepoint (normal execution)

VM Mutex/Monitor currently owned by a thread: None

Heap address: 0x0000000080000000, size: 2048 MB, Compressed Oops mode: 32-bit
Narrow klass base: 0x0000000000000000, Narrow klass shift: 3
Compressed class space size: 528482304 Address: 0x0000000100000000

Heap:
 garbage-first heap   total 172032K, used 68664K [0x0000000080000000, 0x0000000100000000)
  region size 1024K, 51 young (52224K), 3 survivors (3072K)
 Metaspace       used 32431K, capacity 33226K, committed 33456K, reserved 546816K
  class space    used 4310K, capacity 4606K, committed 4608K, reserved 516096K
Heap Regions: E=young(eden), S=young(survivor), O=old, HS=humongous(starts), HC=humongous(continues), CS=collection set, F=free, A=archive, TAMS=top-at-mark-start (previous, next)
|   0|0x0000000080000000, 0x0000000080100000, 0x0000000080100000|100%|HS|  |TAMS 0x0000000080100000, 0x0000000080000000| Complete 
|   1|0x0000000080100000, 0x0000000080200000, 0x0000000080200000|100%|HC|  |TAMS 0x0000000080200000, 0x0000000080100000| Complete 
|   2|0x0000000080200000, 0x0000000080300000, 0x0000000080300000|100%|HC|  |TAMS 0x0000000080300000, 0x0000000080200000| Complete 
|   3|0x0000000080300000, 0x0000000080400000, 0x0000000080400000|100%|HC|  |TAMS 0x0000000080400000, 0x0000000080300000| Complete 
|   4|0x0000000080400000, 0x0000000080500000, 0x0000000080500000|100%| O|  |TAMS 0x0000000080500000, 0x0000000080400000| Untracked 
|   5|0x0000000080500000, 0x0000000080600000, 0x0000000080600000|100%| O|  |TAMS 0x0000000080600000, 0x0000000080500000| Untracked 
|   6|0x0000000080600000, 0x0000000080700000, 0x0000000080700000|100%| O|  |TAMS 0x0000000080700000, 0x0000000080600000| Untracked 
|   7|0x0000000080700000, 0x0000000080800000, 0x0000000080800000|100%| O|  |TAMS 0x0000000080800000, 0x0000000080700000| Untracked 
|   8|0x0000000080800000, 0x0000000080900000, 0x0000000080900000|100%| O|  |TAMS 0x0000000080900000, 0x0000000080800000| Untracked 
|   9|0x0000000080900000, 0x0000000080a00000, 0x0000000080a00000|100%| O|  |TAMS 0x0000000080a00000, 0x0000000080900000| Untracked 
|  10|0x0000000080a00000, 0x0000000080b00000, 0x0000000080b00000|100%| O|  |TAMS 0x0000000080b00000, 0x0000000080a00000| Untracked 
|  11|0x0000000080b00000, 0x0000000080c00000, 0x0000000080c00000|100%| O|  |TAMS 0x0000000080c00000, 0x0000000080b00000| Untracked 
|  12|0x0000000080c00000, 0x0000000080d00000, 0x0000000080d00000|100%| O|  |TAMS 0x0000000080d00000, 0x0000000080c00000| Untracked 
|  13|0x0000000080d00000, 0x0000000080e00000, 0x0000000080e00000|100%| O|  |TAMS 0x0000000080e00000, 0x0000000080d00000| Untracked 
|  14|0x0000000080e00000, 0x0000000080f00000, 0x0000000080f00000|100%| O|  |TAMS 0x0000000080ec8a00, 0x0000000080e00000| Untracked 
|  15|0x0000000080f00000, 0x0000000081000000, 0x0000000081000000|100%| O|  |TAMS 0x0000000080f00000, 0x0000000080f00000| Untracked 
|  16|0x0000000081000000, 0x0000000081100000, 0x0000000081100000|100%| O|  |TAMS 0x0000000081000000, 0x0000000081000000| Untracked 
|  17|0x0000000081100000, 0x0000000081171800, 0x0000000081200000| 44%| O|  |TAMS 0x0000000081100000, 0x0000000081100000| Untracked 
|  18|0x0000000081200000, 0x0000000081200000, 0x0000000081300000|  0%| F|  |TAMS 0x0000000081200000, 0x0000000081200000| Untracked 
|  19|0x0000000081300000, 0x0000000081300000, 0x0000000081400000|  0%| F|  |TAMS 0x0000000081300000, 0x0000000081300000| Untracked 
|  20|0x0000000081400000, 0x0000000081400000, 0x0000000081500000|  0%| F|  |TAMS 0x0000000081400000, 0x0000000081400000| Untracked 
|  21|0x0000000081500000, 0x0000000081500000, 0x0000000081600000|  0%| F|  |TAMS 0x0000000081500000, 0x0000000081500000| Untracked 
|  22|0x0000000081600000, 0x0000000081600000, 0x0000000081700000|  0%| F|  |TAMS 0x0000000081600000, 0x0000000081600000| Untracked 
|  23|0x0000000081700000, 0x0000000081700000, 0x0000000081800000|  0%| F|  |TAMS 0x0000000081700000, 0x0000000081700000| Untracked 
|  24|0x0000000081800000, 0x0000000081800000, 0x0000000081900000|  0%| F|  |TAMS 0x0000000081800000, 0x0000000081800000| Untracked 
|  25|0x0000000081900000, 0x0000000081900000, 0x0000000081a00000|  0%| F|  |TAMS 0x0000000081900000, 0x0000000081900000| Untracked 
|  26|0x0000000081a00000, 0x0000000081a00000, 0x0000000081b00000|  0%| F|  |TAMS 0x0000000081a00000, 0x0000000081a00000| Untracked 
|  27|0x0000000081b00000, 0x0000000081b00000, 0x0000000081c00000|  0%| F|  |TAMS 0x0000000081b00000, 0x0000000081b00000| Untracked 
|  28|0x0000000081c00000, 0x0000000081c00000, 0x0000000081d00000|  0%| F|  |TAMS 0x0000000081c00000, 0x0000000081c00000| Untracked 
|  29|0x0000000081d00000, 0x0000000081d00000, 0x0000000081e00000|  0%| F|  |TAMS 0x0000000081d00000, 0x0000000081d00000| Untracked 
|  30|0x0000000081e00000, 0x0000000081e00000, 0x0000000081f00000|  0%| F|  |TAMS 0x0000000081e00000, 0x0000000081e00000| Untracked 
|  31|0x0000000081f00000, 0x0000000081f00000, 0x0000000082000000|  0%| F|  |TAMS 0x0000000081f00000, 0x0000000081f00000| Untracked 
|  32|0x0000000082000000, 0x0000000082000000, 0x0000000082100000|  0%| F|  |TAMS 0x0000000082000000, 0x0000000082000000| Untracked 
|  33|0x0000000082100000, 0x0000000082100000, 0x0000000082200000|  0%| F|  |TAMS 0x0000000082100000, 0x0000000082100000| Untracked 
|  34|0x0000000082200000, 0x0000000082200000, 0x0000000082300000|  0%| F|  |TAMS 0x0000000082200000, 0x0000000082200000| Untracked 
|  35|0x0000000082300000, 0x0000000082300000, 0x0000000082400000|  0%| F|  |TAMS 0x0000000082300000, 0x0000000082300000| Untracked 
|  36|0x0000000082400000, 0x0000000082400000, 0x0000000082500000|  0%| F|  |TAMS 0x0000000082400000, 0x0000000082400000| Untracked 
|  37|0x0000000082500000, 0x0000000082500000, 0x0000000082600000|  0%| F|  |TAMS 0x0000000082500000, 0x0000000082500000| Untracked 
|  38|0x0000000082600000, 0x0000000082600000, 0x0000000082700000|  0%| F|  |TAMS 0x0000000082600000, 0x0000000082600000| Untracked 
|  39|0x0000000082700000, 0x0000000082700000, 0x0000000082800000|  0%| F|  |TAMS 0x0000000082700000, 0x0000000082700000| Untracked 
|  40|0x0000000082800000, 0x0000000082800000, 0x0000000082900000|  0%| F|  |TAMS 0x0000000082800000, 0x0000000082800000| Untracked 
|  41|0x0000000082900000, 0x0000000082900000, 0x0000000082a00000|  0%| F|  |TAMS 0x0000000082900000, 0x0000000082900000| Untracked 
|  42|0x0000000082a00000, 0x0000000082a00000, 0x0000000082b00000|  0%| F|  |TAMS 0x0000000082a00000, 0x0000000082a00000| Untracked 
|  43|0x0000000082b00000, 0x0000000082b00000, 0x0000000082c00000|  0%| F|  |TAMS 0x0000000082b00000, 0x0000000082b00000| Untracked 
|  44|0x0000000082c00000, 0x0000000082c00000, 0x0000000082d00000|  0%| F|  |TAMS 0x0000000082c00000, 0x0000000082c00000| Untracked 
|  45|0x0000000082d00000, 0x0000000082d00000, 0x0000000082e00000|  0%| F|  |TAMS 0x0000000082d00000, 0x0000000082d00000| Untracked 
|  46|0x0000000082e00000, 0x0000000082e00000, 0x0000000082f00000|  0%| F|  |TAMS 0x0000000082e00000, 0x0000000082e00000| Untracked 
|  47|0x0000000082f00000, 0x0000000082f00000, 0x0000000083000000|  0%| F|  |TAMS 0x0000000082f00000, 0x0000000082f00000| Untracked 
|  48|0x0000000083000000, 0x0000000083000000, 0x0000000083100000|  0%| F|  |TAMS 0x0000000083000000, 0x0000000083000000| Untracked 
|  49|0x0000000083100000, 0x0000000083100000, 0x0000000083200000|  0%| F|  |TAMS 0x0000000083100000, 0x0000000083100000| Untracked 
|  50|0x0000000083200000, 0x0000000083200000, 0x0000000083300000|  0%| F|  |TAMS 0x0000000083200000, 0x0000000083200000| Untracked 
|  51|0x0000000083300000, 0x0000000083300000, 0x0000000083400000|  0%| F|  |TAMS 0x0000000083300000, 0x0000000083300000| Untracked 
|  52|0x0000000083400000, 0x0000000083400000, 0x0000000083500000|  0%| F|  |TAMS 0x0000000083400000, 0x0000000083400000| Untracked 
|  53|0x0000000083500000, 0x000000008359c858, 0x0000000083600000| 61%| S|CS|TAMS 0x0000000083500000, 0x0000000083500000| Complete 
|  54|0x0000000083600000, 0x0000000083700000, 0x0000000083700000|100%| S|CS|TAMS 0x0000000083600000, 0x0000000083600000| Complete 
|  55|0x0000000083700000, 0x0000000083700000, 0x0000000083800000|  0%| F|  |TAMS 0x0000000083700000, 0x0000000083700000| Untracked 
|  56|0x0000000083800000, 0x0000000083800000, 0x0000000083900000|  0%| F|  |TAMS 0x0000000083800000, 0x0000000083800000| Untracked 
|  57|0x0000000083900000, 0x0000000083a00000, 0x0000000083a00000|100%| S|CS|TAMS 0x0000000083900000, 0x0000000083900000| Complete 
|  58|0x0000000083a00000, 0x0000000083a00000, 0x0000000083b00000|  0%| F|  |TAMS 0x0000000083a00000, 0x0000000083a00000| Untracked 
|  59|0x0000000083b00000, 0x0000000083b00000, 0x0000000083c00000|  0%| F|  |TAMS 0x0000000083b00000, 0x0000000083b00000| Untracked 
|  60|0x0000000083c00000, 0x0000000083c00000, 0x0000000083d00000|  0%| F|  |TAMS 0x0000000083c00000, 0x0000000083c00000| Untracked 
|  61|0x0000000083d00000, 0x0000000083d00000, 0x0000000083e00000|  0%| F|  |TAMS 0x0000000083d00000, 0x0000000083d00000| Untracked 
|  62|0x0000000083e00000, 0x0000000083e00000, 0x0000000083f00000|  0%| F|  |TAMS 0x0000000083e00000, 0x0000000083e00000| Untracked 
|  63|0x0000000083f00000, 0x0000000083f00000, 0x0000000084000000|  0%| F|  |TAMS 0x0000000083f00000, 0x0000000083f00000| Untracked 
|  64|0x0000000084000000, 0x0000000084000000, 0x0000000084100000|  0%| F|  |TAMS 0x0000000084000000, 0x0000000084000000| Untracked 
|  65|0x0000000084100000, 0x0000000084100000, 0x0000000084200000|  0%| F|  |TAMS 0x0000000084100000, 0x0000000084100000| Untracked 
|  66|0x0000000084200000, 0x0000000084200000, 0x0000000084300000|  0%| F|  |TAMS 0x0000000084200000, 0x0000000084200000| Untracked 
|  67|0x0000000084300000, 0x0000000084300000, 0x0000000084400000|  0%| F|  |TAMS 0x0000000084300000, 0x0000000084300000| Untracked 
|  68|0x0000000084400000, 0x0000000084400000, 0x0000000084500000|  0%| F|  |TAMS 0x0000000084400000, 0x0000000084400000| Untracked 
|  69|0x0000000084500000, 0x0000000084500000, 0x0000000084600000|  0%| F|  |TAMS 0x0000000084500000, 0x0000000084500000| Untracked 
|  70|0x0000000084600000, 0x0000000084600000, 0x0000000084700000|  0%| F|  |TAMS 0x0000000084600000, 0x0000000084600000| Untracked 
|  71|0x0000000084700000, 0x0000000084700000, 0x0000000084800000|  0%| F|  |TAMS 0x0000000084700000, 0x0000000084700000| Untracked 
|  72|0x0000000084800000, 0x0000000084800000, 0x0000000084900000|  0%| F|  |TAMS 0x0000000084800000, 0x0000000084800000| Untracked 
|  73|0x0000000084900000, 0x0000000084900000, 0x0000000084a00000|  0%| F|  |TAMS 0x0000000084900000, 0x0000000084900000| Untracked 
|  74|0x0000000084a00000, 0x0000000084a00000, 0x0000000084b00000|  0%| F|  |TAMS 0x0000000084a00000, 0x0000000084a00000| Untracked 
|  75|0x0000000084b00000, 0x0000000084b00000, 0x0000000084c00000|  0%| F|  |TAMS 0x0000000084b00000, 0x0000000084b00000| Untracked 
|  76|0x0000000084c00000, 0x0000000084c00000, 0x0000000084d00000|  0%| F|  |TAMS 0x0000000084c00000, 0x0000000084c00000| Untracked 
|  77|0x0000000084d00000, 0x0000000084d00000, 0x0000000084e00000|  0%| F|  |TAMS 0x0000000084d00000, 0x0000000084d00000| Untracked 
|  78|0x0000000084e00000, 0x0000000084e00000, 0x0000000084f00000|  0%| F|  |TAMS 0x0000000084e00000, 0x0000000084e00000| Untracked 
|  79|0x0000000084f00000, 0x0000000084f00000, 0x0000000085000000|  0%| F|  |TAMS 0x0000000084f00000, 0x0000000084f00000| Untracked 
|  80|0x0000000085000000, 0x0000000085000000, 0x0000000085100000|  0%| F|  |TAMS 0x0000000085000000, 0x0000000085000000| Untracked 
|  81|0x0000000085100000, 0x0000000085100000, 0x0000000085200000|  0%| F|  |TAMS 0x0000000085100000, 0x0000000085100000| Untracked 
|  82|0x0000000085200000, 0x0000000085200000, 0x0000000085300000|  0%| F|  |TAMS 0x0000000085200000, 0x0000000085200000| Untracked 
|  83|0x0000000085300000, 0x0000000085300000, 0x0000000085400000|  0%| F|  |TAMS 0x0000000085300000, 0x0000000085300000| Untracked 
|  84|0x0000000085400000, 0x0000000085400000, 0x0000000085500000|  0%| F|  |TAMS 0x0000000085400000, 0x0000000085400000| Untracked 
|  85|0x0000000085500000, 0x0000000085500000, 0x0000000085600000|  0%| F|  |TAMS 0x0000000085500000, 0x0000000085500000| Untracked 
|  86|0x0000000085600000, 0x0000000085600000, 0x0000000085700000|  0%| F|  |TAMS 0x0000000085600000, 0x0000000085600000| Untracked 
|  87|0x0000000085700000, 0x0000000085700000, 0x0000000085800000|  0%| F|  |TAMS 0x0000000085700000, 0x0000000085700000| Untracked 
|  88|0x0000000085800000, 0x0000000085800000, 0x0000000085900000|  0%| F|  |TAMS 0x0000000085800000, 0x0000000085800000| Untracked 
|  89|0x0000000085900000, 0x0000000085900000, 0x0000000085a00000|  0%| F|  |TAMS 0x0000000085900000, 0x0000000085900000| Untracked 
|  90|0x0000000085a00000, 0x0000000085a00000, 0x0000000085b00000|  0%| F|  |TAMS 0x0000000085a00000, 0x0000000085a00000| Untracked 
|  91|0x0000000085b00000, 0x0000000085b00000, 0x0000000085c00000|  0%| F|  |TAMS 0x0000000085b00000, 0x0000000085b00000| Untracked 
|  92|0x0000000085c00000, 0x0000000085c00000, 0x0000000085d00000|  0%| F|  |TAMS 0x0000000085c00000, 0x0000000085c00000| Untracked 
|  93|0x0000000085d00000, 0x0000000085d00000, 0x0000000085e00000|  0%| F|  |TAMS 0x0000000085d00000, 0x0000000085d00000| Untracked 
|  94|0x0000000085e00000, 0x0000000085e00000, 0x0000000085f00000|  0%| F|  |TAMS 0x0000000085e00000, 0x0000000085e00000| Untracked 
|  95|0x0000000085f00000, 0x0000000085f00000, 0x0000000086000000|  0%| F|  |TAMS 0x0000000085f00000, 0x0000000085f00000| Untracked 
|  96|0x0000000086000000, 0x0000000086000000, 0x0000000086100000|  0%| F|  |TAMS 0x0000000086000000, 0x0000000086000000| Untracked 
|  97|0x0000000086100000, 0x0000000086100000, 0x0000000086200000|  0%| F|  |TAMS 0x0000000086100000, 0x0000000086100000| Untracked 
|  98|0x0000000086200000, 0x0000000086200000, 0x0000000086300000|  0%| F|  |TAMS 0x0000000086200000, 0x0000000086200000| Untracked 
|  99|0x0000000086300000, 0x0000000086300000, 0x0000000086400000|  0%| F|  |TAMS 0x0000000086300000, 0x0000000086300000| Untracked 
| 100|0x0000000086400000, 0x0000000086400000, 0x0000000086500000|  0%| F|  |TAMS 0x0000000086400000, 0x0000000086400000| Untracked 
| 101|0x0000000086500000, 0x0000000086500000, 0x0000000086600000|  0%| F|  |TAMS 0x0000000086500000, 0x0000000086500000| Untracked 
| 102|0x0000000086600000, 0x0000000086600000, 0x0000000086700000|  0%| F|  |TAMS 0x0000000086600000, 0x0000000086600000| Untracked 
| 103|0x0000000086700000, 0x0000000086700000, 0x0000000086800000|  0%| F|  |TAMS 0x0000000086700000, 0x0000000086700000| Untracked 
| 104|0x0000000086800000, 0x0000000086800000, 0x0000000086900000|  0%| F|  |TAMS 0x0000000086800000, 0x0000000086800000| Untracked 
| 105|0x0000000086900000, 0x0000000086900000, 0x0000000086a00000|  0%| F|  |TAMS 0x0000000086900000, 0x0000000086900000| Untracked 
| 106|0x0000000086a00000, 0x0000000086a00000, 0x0000000086b00000|  0%| F|  |TAMS 0x0000000086a00000, 0x0000000086a00000| Untracked 
| 107|0x0000000086b00000, 0x0000000086b00000, 0x0000000086c00000|  0%| F|  |TAMS 0x0000000086b00000, 0x0000000086b00000| Untracked 
| 108|0x0000000086c00000, 0x0000000086c00000, 0x0000000086d00000|  0%| F|  |TAMS 0x0000000086c00000, 0x0000000086c00000| Untracked 
| 109|0x0000000086d00000, 0x0000000086d00000, 0x0000000086e00000|  0%| F|  |TAMS 0x0000000086d00000, 0x0000000086d00000| Untracked 
| 110|0x0000000086e00000, 0x0000000086e00000, 0x0000000086f00000|  0%| F|  |TAMS 0x0000000086e00000, 0x0000000086e00000| Untracked 
| 111|0x0000000086f00000, 0x0000000086f00000, 0x0000000087000000|  0%| F|  |TAMS 0x0000000086f00000, 0x0000000086f00000| Untracked 
| 112|0x0000000087000000, 0x0000000087000000, 0x0000000087100000|  0%| F|  |TAMS 0x0000000087000000, 0x0000000087000000| Untracked 
| 113|0x0000000087100000, 0x0000000087100000, 0x0000000087200000|  0%| F|  |TAMS 0x0000000087100000, 0x0000000087100000| Untracked 
| 114|0x0000000087200000, 0x0000000087200000, 0x0000000087300000|  0%| F|  |TAMS 0x0000000087200000, 0x0000000087200000| Untracked 
| 115|0x0000000087300000, 0x0000000087300000, 0x0000000087400000|  0%| F|  |TAMS 0x0000000087300000, 0x0000000087300000| Untracked 
| 116|0x0000000087400000, 0x0000000087400000, 0x0000000087500000|  0%| F|  |TAMS 0x0000000087400000, 0x0000000087400000| Untracked 
| 117|0x0000000087500000, 0x0000000087500000, 0x0000000087600000|  0%| F|  |TAMS 0x0000000087500000, 0x0000000087500000| Untracked 
| 118|0x0000000087600000, 0x0000000087600000, 0x0000000087700000|  0%| F|  |TAMS 0x0000000087600000, 0x0000000087600000| Untracked 
| 119|0x0000000087700000, 0x0000000087700000, 0x0000000087800000|  0%| F|  |TAMS 0x0000000087700000, 0x0000000087700000| Untracked 
| 120|0x0000000087800000, 0x0000000087900000, 0x0000000087900000|100%| E|  |TAMS 0x0000000087800000, 0x0000000087800000| Complete 
| 121|0x0000000087900000, 0x0000000087a00000, 0x0000000087a00000|100%| E|CS|TAMS 0x0000000087900000, 0x0000000087900000| Complete 
| 122|0x0000000087a00000, 0x0000000087b00000, 0x0000000087b00000|100%| E|CS|TAMS 0x0000000087a00000, 0x0000000087a00000| Complete 
| 123|0x0000000087b00000, 0x0000000087c00000, 0x0000000087c00000|100%| E|CS|TAMS 0x0000000087b00000, 0x0000000087b00000| Complete 
| 124|0x0000000087c00000, 0x0000000087d00000, 0x0000000087d00000|100%| E|CS|TAMS 0x0000000087c00000, 0x0000000087c00000| Complete 
| 125|0x0000000087d00000, 0x0000000087e00000, 0x0000000087e00000|100%| E|CS|TAMS 0x0000000087d00000, 0x0000000087d00000| Complete 
| 126|0x0000000087e00000, 0x0000000087f00000, 0x0000000087f00000|100%| E|CS|TAMS 0x0000000087e00000, 0x0000000087e00000| Complete 
| 127|0x0000000087f00000, 0x0000000088000000, 0x0000000088000000|100%| E|CS|TAMS 0x0000000087f00000, 0x0000000087f00000| Complete 
| 128|0x0000000088000000, 0x0000000088100000, 0x0000000088100000|100%| E|CS|TAMS 0x0000000088000000, 0x0000000088000000| Complete 
| 129|0x0000000088100000, 0x0000000088200000, 0x0000000088200000|100%| E|CS|TAMS 0x0000000088100000, 0x0000000088100000| Complete 
| 130|0x0000000088200000, 0x0000000088300000, 0x0000000088300000|100%| E|CS|TAMS 0x0000000088200000, 0x0000000088200000| Complete 
| 131|0x0000000088300000, 0x0000000088400000, 0x0000000088400000|100%| E|CS|TAMS 0x0000000088300000, 0x0000000088300000| Complete 
| 132|0x0000000088400000, 0x0000000088500000, 0x0000000088500000|100%| E|CS|TAMS 0x0000000088400000, 0x0000000088400000| Complete 
| 133|0x0000000088500000, 0x0000000088600000, 0x0000000088600000|100%| E|CS|TAMS 0x0000000088500000, 0x0000000088500000| Complete 
| 134|0x0000000088600000, 0x0000000088700000, 0x0000000088700000|100%| E|CS|TAMS 0x0000000088600000, 0x0000000088600000| Complete 
| 135|0x0000000088700000, 0x0000000088800000, 0x0000000088800000|100%| E|CS|TAMS 0x0000000088700000, 0x0000000088700000| Complete 
| 136|0x0000000088800000, 0x0000000088900000, 0x0000000088900000|100%| E|CS|TAMS 0x0000000088800000, 0x0000000088800000| Complete 
| 137|0x0000000088900000, 0x0000000088a00000, 0x0000000088a00000|100%| E|CS|TAMS 0x0000000088900000, 0x0000000088900000| Complete 
| 138|0x0000000088a00000, 0x0000000088b00000, 0x0000000088b00000|100%| E|CS|TAMS 0x0000000088a00000, 0x0000000088a00000| Complete 
| 139|0x0000000088b00000, 0x0000000088c00000, 0x0000000088c00000|100%| E|CS|TAMS 0x0000000088b00000, 0x0000000088b00000| Complete 
| 140|0x0000000088c00000, 0x0000000088d00000, 0x0000000088d00000|100%| E|CS|TAMS 0x0000000088c00000, 0x0000000088c00000| Complete 
| 141|0x0000000088d00000, 0x0000000088e00000, 0x0000000088e00000|100%| E|CS|TAMS 0x0000000088d00000, 0x0000000088d00000| Complete 
| 142|0x0000000088e00000, 0x0000000088f00000, 0x0000000088f00000|100%| E|CS|TAMS 0x0000000088e00000, 0x0000000088e00000| Complete 
| 143|0x0000000088f00000, 0x0000000089000000, 0x0000000089000000|100%| E|CS|TAMS 0x0000000088f00000, 0x0000000088f00000| Complete 
| 144|0x0000000089000000, 0x0000000089100000, 0x0000000089100000|100%| E|CS|TAMS 0x0000000089000000, 0x0000000089000000| Complete 
| 145|0x0000000089100000, 0x0000000089200000, 0x0000000089200000|100%| E|CS|TAMS 0x0000000089100000, 0x0000000089100000| Complete 
| 146|0x0000000089200000, 0x0000000089300000, 0x0000000089300000|100%| E|CS|TAMS 0x0000000089200000, 0x0000000089200000| Complete 
| 147|0x0000000089300000, 0x0000000089400000, 0x0000000089400000|100%| E|CS|TAMS 0x0000000089300000, 0x0000000089300000| Complete 
| 148|0x0000000089400000, 0x0000000089500000, 0x0000000089500000|100%| E|CS|TAMS 0x0000000089400000, 0x0000000089400000| Complete 
| 149|0x0000000089500000, 0x0000000089600000, 0x0000000089600000|100%| E|CS|TAMS 0x0000000089500000, 0x0000000089500000| Complete 
| 150|0x0000000089600000, 0x0000000089700000, 0x0000000089700000|100%| E|CS|TAMS 0x0000000089600000, 0x0000000089600000| Complete 
| 151|0x0000000089700000, 0x0000000089800000, 0x0000000089800000|100%| E|CS|TAMS 0x0000000089700000, 0x0000000089700000| Complete 
| 152|0x0000000089800000, 0x0000000089900000, 0x0000000089900000|100%| E|CS|TAMS 0x0000000089800000, 0x0000000089800000| Complete 
| 153|0x0000000089900000, 0x0000000089a00000, 0x0000000089a00000|100%| E|CS|TAMS 0x0000000089900000, 0x0000000089900000| Complete 
| 154|0x0000000089a00000, 0x0000000089b00000, 0x0000000089b00000|100%| E|CS|TAMS 0x0000000089a00000, 0x0000000089a00000| Complete 
| 155|0x0000000089b00000, 0x0000000089c00000, 0x0000000089c00000|100%| E|CS|TAMS 0x0000000089b00000, 0x0000000089b00000| Complete 
| 156|0x0000000089c00000, 0x0000000089d00000, 0x0000000089d00000|100%| E|CS|TAMS 0x0000000089c00000, 0x0000000089c00000| Complete 
| 157|0x0000000089d00000, 0x0000000089e00000, 0x0000000089e00000|100%| E|CS|TAMS 0x0000000089d00000, 0x0000000089d00000| Complete 
| 158|0x0000000089e00000, 0x0000000089f00000, 0x0000000089f00000|100%| E|CS|TAMS 0x0000000089e00000, 0x0000000089e00000| Complete 
| 159|0x0000000089f00000, 0x000000008a000000, 0x000000008a000000|100%| E|CS|TAMS 0x0000000089f00000, 0x0000000089f00000| Complete 
| 160|0x000000008a000000, 0x000000008a100000, 0x000000008a100000|100%| E|CS|TAMS 0x000000008a000000, 0x000000008a000000| Complete 
| 161|0x000000008a100000, 0x000000008a200000, 0x000000008a200000|100%| E|CS|TAMS 0x000000008a100000, 0x000000008a100000| Complete 
| 162|0x000000008a200000, 0x000000008a300000, 0x000000008a300000|100%| E|CS|TAMS 0x000000008a200000, 0x000000008a200000| Complete 
| 163|0x000000008a300000, 0x000000008a400000, 0x000000008a400000|100%| E|CS|TAMS 0x000000008a300000, 0x000000008a300000| Complete 
| 164|0x000000008a400000, 0x000000008a500000, 0x000000008a500000|100%| E|CS|TAMS 0x000000008a400000, 0x000000008a400000| Complete 
| 165|0x000000008a500000, 0x000000008a600000, 0x000000008a600000|100%| E|CS|TAMS 0x000000008a500000, 0x000000008a500000| Complete 
| 166|0x000000008a600000, 0x000000008a700000, 0x000000008a700000|100%| E|CS|TAMS 0x000000008a600000, 0x000000008a600000| Complete 
| 167|0x000000008a700000, 0x000000008a800000, 0x000000008a800000|100%| E|CS|TAMS 0x000000008a700000, 0x000000008a700000| Complete 

Card table byte_map: [0x000002ccfd4b0000,0x000002ccfd8b0000] _byte_map_base: 0x000002ccfd0b0000

Marking Bits (Prev, Next): (CMBitMap*) 0x000002cce554fe50, (CMBitMap*) 0x000002cce554fe18
 Prev Bits: [0x000002cc80000000, 0x000002cc82000000)
 Next Bits: [0x000002ccfdcb0000, 0x000002ccffcb0000)

Polling page: 0x000002cce4c60000

Metaspace:

Usage:
  Non-class:     27.95 MB capacity,    27.47 MB ( 98%) used,   410.14 KB (  1%) free+waste,    75.56 KB ( <1%) overhead. 
      Class:      4.50 MB capacity,     4.21 MB ( 94%) used,   256.48 KB (  6%) free+waste,    37.88 KB ( <1%) overhead. 
       Both:     32.45 MB capacity,    31.69 MB ( 98%) used,   666.62 KB (  2%) free+waste,   113.44 KB ( <1%) overhead. 

Virtual space:
  Non-class space:       30.00 MB reserved,      28.17 MB ( 94%) committed 
      Class space:      504.00 MB reserved,       4.50 MB ( <1%) committed 
             Both:      534.00 MB reserved,      32.67 MB (  6%) committed 

Chunk freelists:
   Non-Class:  4.50 KB
       Class:  256 bytes
        Both:  4.75 KB

CodeHeap 'non-profiled nmethods': size=119168Kb used=1343Kb max_used=1343Kb free=117824Kb
 bounds [0x000002ccf53c0000, 0x000002ccf5630000, 0x000002ccfc820000]
CodeHeap 'profiled nmethods': size=119168Kb used=6792Kb max_used=6792Kb free=112375Kb
 bounds [0x000002ccedf60000, 0x000002ccee610000, 0x000002ccf53c0000]
CodeHeap 'non-nmethods': size=7424Kb used=1171Kb max_used=2870Kb free=6252Kb
 bounds [0x000002cced820000, 0x000002ccedc00000, 0x000002ccedf60000]
 total_blobs=4235 nmethods=2972 adapters=427
 compilation: enabled
              stopped_count=0, restarted_count=0
 full_count=0

Compilation events (10 events):
Event: 40.194 Thread 0x000002cc84d83000 3065       3       javax.management.ObjectName::setCanonicalName (251 bytes)
Event: 40.194 Thread 0x000002cc88f3b800 3066       3       javax.management.ObjectName::isPropertyListPattern (16 bytes)
Event: 40.233 Thread 0x000002cc88f3b800 nmethod 3066 0x000002ccee5f3610 code [0x000002ccee5f37c0, 0x000002ccee5f3978]
Event: 40.251 Thread 0x000002cc84d83000 nmethod 3065 0x000002ccee5f3a10 code [0x000002ccee5f3ce0, 0x000002ccee5f4ee0]
Event: 40.281 Thread 0x000002cc88f3b800 3067       3       java.lang.Class::getDeclaredMethods (27 bytes)
Event: 40.281 Thread 0x000002cc88f3b800 nmethod 3067 0x000002ccee5f5590 code [0x000002ccee5f5780, 0x000002ccee5f5a80]
Event: 40.281 Thread 0x000002cc84d83000 3068       3       org.gradle.internal.reflect.MutablePropertyDetails::getGetters (8 bytes)
Event: 40.281 Thread 0x000002cc88f3b800 3069       3       org.gradle.internal.reflect.MutablePropertyDetails::getSetters (8 bytes)
Event: 40.281 Thread 0x000002cc84d83000 nmethod 3068 0x000002ccee5f5b90 code [0x000002ccee5f5da0, 0x000002ccee5f6300]
Event: 40.282 Thread 0x000002cc88f3b800 nmethod 3069 0x000002ccee5f6510 code [0x000002ccee5f6720, 0x000002ccee5f6c80]

GC Heap History (10 events):
Event: 10.763 GC heap before
{Heap before GC invocations=2 (full 0):
 garbage-first heap   total 96256K, used 48758K [0x0000000080000000, 0x0000000100000000)
  region size 1024K, 38 young (38912K), 1 survivors (1024K)
 Metaspace       used 11718K, capacity 11962K, committed 12160K, reserved 528384K
  class space    used 1292K, capacity 1375K, committed 1408K, reserved 516096K
}
Event: 10.791 GC heap after
{Heap after GC invocations=3 (full 0):
 garbage-first heap   total 96256K, used 15334K [0x0000000080000000, 0x0000000100000000)
  region size 1024K, 5 young (5120K), 5 survivors (5120K)
 Metaspace       used 11718K, capacity 11962K, committed 12160K, reserved 528384K
  class space    used 1292K, capacity 1375K, committed 1408K, reserved 516096K
}
Event: 16.556 GC heap before
{Heap before GC invocations=3 (full 0):
 garbage-first heap   total 96256K, used 56294K [0x0000000080000000, 0x0000000100000000)
  region size 1024K, 45 young (46080K), 5 survivors (5120K)
 Metaspace       used 20789K, capacity 21218K, committed 21296K, reserved 536576K
  class space    used 2509K, capacity 2682K, committed 2688K, reserved 516096K
}
Event: 17.263 GC heap after
{Heap after GC invocations=4 (full 0):
 garbage-first heap   total 96256K, used 18072K [0x0000000080000000, 0x0000000100000000)
  region size 1024K, 3 young (3072K), 3 survivors (3072K)
 Metaspace       used 20789K, capacity 21218K, committed 21296K, reserved 536576K
  class space    used 2509K, capacity 2682K, committed 2688K, reserved 516096K
}
Event: 17.264 GC heap before
{Heap before GC invocations=4 (full 0):
 garbage-first heap   total 96256K, used 18072K [0x0000000080000000, 0x0000000100000000)
  region size 1024K, 4 young (4096K), 3 survivors (3072K)
 Metaspace       used 20793K, capacity 21218K, committed 21296K, reserved 536576K
  class space    used 2509K, capacity 2682K, committed 2688K, reserved 516096K
}
Event: 17.268 GC heap after
{Heap after GC invocations=5 (full 0):
 garbage-first heap   total 96256K, used 18110K [0x0000000080000000, 0x0000000100000000)
  region size 1024K, 3 young (3072K), 3 survivors (3072K)
 Metaspace       used 20793K, capacity 21218K, committed 21296K, reserved 536576K
  class space    used 2509K, capacity 2682K, committed 2688K, reserved 516096K
}
Event: 26.091 GC heap before
{Heap before GC invocations=6 (full 0):
 garbage-first heap   total 96256K, used 51902K [0x0000000080000000, 0x0000000100000000)
  region size 1024K, 37 young (37888K), 3 survivors (3072K)
 Metaspace       used 24135K, capacity 24702K, committed 25008K, reserved 538624K
  class space    used 3045K, capacity 3271K, committed 3328K, reserved 516096K
}
Event: 26.214 GC heap after
{Heap after GC invocations=7 (full 0):
 garbage-first heap   total 96256K, used 19245K [0x0000000080000000, 0x0000000100000000)
  region size 1024K, 2 young (2048K), 2 survivors (2048K)
 Metaspace       used 24135K, capacity 24702K, committed 25008K, reserved 538624K
  class space    used 3045K, capacity 3271K, committed 3328K, reserved 516096K
}
Event: 31.050 GC heap before
{Heap before GC invocations=7 (full 0):
 garbage-first heap   total 96256K, used 56109K [0x0000000080000000, 0x0000000100000000)
  region size 1024K, 38 young (38912K), 2 survivors (2048K)
 Metaspace       used 27710K, capacity 28344K, committed 28464K, reserved 540672K
  class space    used 3601K, capacity 3872K, committed 3968K, reserved 516096K
}
Event: 31.079 GC heap after
{Heap after GC invocations=8 (full 0):
 garbage-first heap   total 172032K, used 20536K [0x0000000080000000, 0x0000000100000000)
  region size 1024K, 3 young (3072K), 3 survivors (3072K)
 Metaspace       used 27710K, capacity 28344K, committed 28464K, reserved 540672K
  class space    used 3601K, capacity 3872K, committed 3968K, reserved 516096K
}

Deoptimization events (10 events):
Event: 20.520 Thread 0x000002cc87f84000 Uncommon trap: reason=unstable_if action=reinterpret pc=0x000002ccf542ad84 method=java.lang.String.substring(I)Ljava/lang/String; @ 34 c2
Event: 20.712 Thread 0x000002cc87f84000 Uncommon trap: reason=intrinsic_or_type_checked_inlining action=make_not_entrant pc=0x000002ccf54b0ce8 method=java.util.Arrays.copyOf([Ljava/lang/Object;ILjava/lang/Class;)[Ljava/lang/Object; @ 35 c2
Event: 23.257 Thread 0x000002cc87f84000 Uncommon trap: reason=unstable_if action=reinterpret pc=0x000002ccf54bae7c method=jdk.internal.loader.BuiltinClassLoader.loadClassOrNull(Ljava/lang/String;Z)Ljava/lang/Class; @ 17 c2
Event: 24.310 Thread 0x000002cc8783d000 Uncommon trap: reason=unstable_if action=reinterpret pc=0x000002ccf5402508 method=java.lang.AbstractStringBuilder.append(Ljava/lang/String;)Ljava/lang/AbstractStringBuilder; @ 1 c2
Event: 24.310 Thread 0x000002cc8783d000 Uncommon trap: reason=unstable_if action=reinterpret pc=0x000002ccf53f64f4 method=java.lang.AbstractStringBuilder.append(Ljava/lang/String;)Ljava/lang/AbstractStringBuilder; @ 1 c2
Event: 26.985 Thread 0x000002cc87f84000 Uncommon trap: reason=unstable_if action=reinterpret pc=0x000002ccf53e8014 method=java.util.HashMap.hash(Ljava/lang/Object;)I @ 1 c2
Event: 29.536 Thread 0x000002cc87f84000 Uncommon trap: reason=predicate action=maybe_recompile pc=0x000002ccf54e779c method=com.google.common.base.CharMatcher.indexIn(Ljava/lang/CharSequence;I)I @ 19 c2
Event: 36.556 Thread 0x000002cc87f84000 Uncommon trap: reason=unstable_if action=reinterpret pc=0x000002ccf54973bc method=java.util.HashMap.hash(Ljava/lang/Object;)I @ 1 c2
Event: 36.556 Thread 0x000002cc87f84000 Uncommon trap: reason=unstable_if action=reinterpret pc=0x000002ccf547a9ac method=java.util.HashMap.hash(Ljava/lang/Object;)I @ 1 c2
Event: 40.266 Thread 0x000002cc87f84000 Uncommon trap: reason=unstable_if action=reinterpret pc=0x000002ccf54a5350 method=java.util.HashMap.putVal(ILjava/lang/Object;Ljava/lang/Object;ZZ)Ljava/lang/Object; @ 162 c2

Classes redefined (0 events):
No events

Internal exceptions (10 events):
Event: 34.654 Thread 0x000002cc87f84000 Exception <a 'java/lang/NoSuchMethodError'{0x0000000089f52e90}: java.lang.invoke.DirectMethodHandle$Holder.invokeSpecialIFC(Ljava/lang/Object;Ljava/lang/Object;Ljava/lang/Object;Ljava/lang/Object;)Ljava/lang/Object;> (0x0000000089f52e90) thrown at [t:/wor
Event: 36.555 Thread 0x000002cc87f84000 Implicit null exception at 0x000002ccf54971f5 to 0x000002ccf54973aa
Event: 36.556 Thread 0x000002cc87f84000 Implicit null exception at 0x000002ccf547a92f to 0x000002ccf547a99d
Event: 36.660 Thread 0x000002cc87f84000 Exception <a 'java/lang/NoSuchMethodError'{0x000000008946b750}: java.lang.invoke.DirectMethodHandle$Holder.invokeSpecial(Ljava/lang/Object;Ljava/lang/Object;Ljava/lang/Object;Ljava/lang/Object;Ljava/lang/Object;Ljava/lang/Object;Ljava/lang/Object;Ljava/la
Event: 36.661 Thread 0x000002cc87f84000 Exception <a 'java/lang/NoSuchMethodError'{0x000000008947c040}: java.lang.invoke.Invokers$Holder.linkToTargetMethod(Ljava/lang/Object;Ljava/lang/Object;Ljava/lang/Object;Ljava/lang/Object;Ljava/lang/Object;Ljava/lang/Object;Ljava/lang/Object;Ljava/lang/Ob
Event: 36.686 Thread 0x000002cc87f84000 Exception <a 'java/lang/NoSuchMethodError'{0x0000000089320788}: java.lang.invoke.DirectMethodHandle$Holder.invokeSpecial(Ljava/lang/Object;Ljava/lang/Object;Ljava/lang/Object;Ljava/lang/Object;Ljava/lang/Object;Ljava/lang/Object;Ljava/lang/Object;Ljava/la
Event: 36.690 Thread 0x000002cc87f84000 Exception <a 'java/lang/NoSuchMethodError'{0x0000000089331ff0}: java.lang.invoke.Invokers$Holder.linkToTargetMethod(Ljava/lang/Object;Ljava/lang/Object;Ljava/lang/Object;Ljava/lang/Object;Ljava/lang/Object;Ljava/lang/Object;Ljava/lang/Object;Ljava/lang/Ob
Event: 37.335 Thread 0x000002cc87f84000 Exception <a 'java/lang/NoSuchMethodError'{0x00000000892283b8}: java.lang.invoke.DirectMethodHandle$Holder.invokeStaticInit(Ljava/lang/Object;Ljava/lang/Object;Ljava/lang/Object;Ljava/lang/Object;)Ljava/lang/Object;> (0x00000000892283b8) thrown at [t:/wor
Event: 38.414 Thread 0x000002cc87f84000 Exception <a 'java/lang/NoSuchMethodError'{0x000000008833f3a0}: java.lang.invoke.Invokers$Holder.linkToTargetMethod(Ljava/lang/Object;Ljava/lang/Object;Ljava/lang/Object;Ljava/lang/Object;Ljava/lang/Object;Ljava/lang/Object;Ljava/lang/Object;Ljava/lang/Ob
Event: 38.441 Thread 0x000002cc87f84000 Exception <a 'java/lang/IncompatibleClassChangeError'{0x00000000883c11b8}: Found class java.lang.Object, but interface was expected> (0x00000000883c11b8) thrown at [t:/workspace/open/src/hotspot/share/interpreter/linkResolver.cpp, line 838]

Events (10 events):
Event: 40.238 loading class org/gradle/plugin/management/PluginManagementSpec done
Event: 40.239 loading class org/gradle/initialization/ProjectDescriptorRegistry
Event: 40.239 loading class org/gradle/initialization/ProjectDescriptorRegistry done
Event: 40.257 loading class org/gradle/vcs/SourceControl
Event: 40.257 loading class org/gradle/vcs/SourceControl done
Event: 40.266 Thread 0x000002cc87f84000 Uncommon trap: trap_request=0xffffff4d fr.pc=0x000002ccf54a5350 relative=0x00000000000001f0
Event: 40.278 Thread 0x000002cc87f84000 DEOPT PACKING pc=0x000002ccf54a5350 sp=0x000000e2f80fa5d0
Event: 40.280 Thread 0x000002cc87f84000 DEOPT UNPACKING pc=0x000002cced848f2f sp=0x000000e2f80fa550 mode 2
Event: 40.281 loading class org/gradle/initialization/IncludedBuildSpec
Event: 40.281 loading class org/gradle/initialization/IncludedBuildSpec done


Dynamic libraries:
0x00007ff7d74e0000 - 0x00007ff7d7525000 	C:\Users\timp7\AppData\Local\jdk-11.0.2\bin\java.exe
0x00007ffccd4f0000 - 0x00007ffccd707000 	C:\WINDOWS\SYSTEM32\ntdll.dll
0x00007ffccc520000 - 0x00007ffccc5e4000 	C:\WINDOWS\System32\KERNEL32.DLL
0x00007ffccaaa0000 - 0x00007ffccae46000 	C:\WINDOWS\System32\KERNELBASE.dll
0x00007ffccb880000 - 0x00007ffccba2e000 	C:\WINDOWS\System32\USER32.dll
0x00007ffcca830000 - 0x00007ffcca856000 	C:\WINDOWS\System32\win32u.dll
0x00007ffccd480000 - 0x00007ffccd4a9000 	C:\WINDOWS\System32\GDI32.dll
0x00007ffcca980000 - 0x00007ffccaa98000 	C:\WINDOWS\System32\gdi32full.dll
0x00007ffcca860000 - 0x00007ffcca8fa000 	C:\WINDOWS\System32\msvcp_win.dll
0x00007ffccafb0000 - 0x00007ffccb0c1000 	C:\WINDOWS\System32\ucrtbase.dll
0x00007ffcbc210000 - 0x00007ffcbc4a3000 	C:\WINDOWS\WinSxS\amd64_microsoft.windows.common-controls_6595b64144ccf1df_6.0.22621.2506_none_270c5ae97388e100\COMCTL32.dll
0x00007ffcccec0000 - 0x00007ffcccf67000 	C:\WINDOWS\System32\msvcrt.dll
0x00007ffccbb30000 - 0x00007ffccbb61000 	C:\WINDOWS\System32\IMM32.DLL
0x00007ffcc43c0000 - 0x00007ffcc43d6000 	C:\Users\timp7\AppData\Local\jdk-11.0.2\bin\vcruntime140.dll
0x00007ffc78ad0000 - 0x00007ffc78b7a000 	C:\Users\timp7\AppData\Local\jdk-11.0.2\bin\msvcp140.dll
0x00007ffc3d240000 - 0x00007ffc3dd63000 	C:\Users\timp7\AppData\Local\jdk-11.0.2\bin\server\jvm.dll
0x00007ffccb6d0000 - 0x00007ffccb783000 	C:\WINDOWS\System32\ADVAPI32.dll
0x00007ffccd3d0000 - 0x00007ffccd478000 	C:\WINDOWS\System32\sechost.dll
0x00007ffccaec0000 - 0x00007ffccaee8000 	C:\WINDOWS\System32\bcrypt.dll
0x00007ffccb5a0000 - 0x00007ffccb6b7000 	C:\WINDOWS\System32\RPCRT4.dll
0x00007ffccccd0000 - 0x00007ffccccd8000 	C:\WINDOWS\System32\PSAPI.DLL
0x00007ffcc6e90000 - 0x00007ffcc6e99000 	C:\WINDOWS\SYSTEM32\WSOCK32.dll
0x00007ffccbb70000 - 0x00007ffccbbe1000 	C:\WINDOWS\System32\WS2_32.dll
0x00007ffcbe420000 - 0x00007ffcbe454000 	C:\WINDOWS\SYSTEM32\WINMM.dll
0x00007ffcc14e0000 - 0x00007ffcc14ea000 	C:\WINDOWS\SYSTEM32\VERSION.dll
0x00007ffcc9920000 - 0x00007ffcc9938000 	C:\WINDOWS\SYSTEM32\kernel.appcore.dll
0x00007ffcc0260000 - 0x00007ffcc0271000 	C:\Users\timp7\AppData\Local\jdk-11.0.2\bin\verify.dll
0x00007ffcc83b0000 - 0x00007ffcc85e3000 	C:\WINDOWS\SYSTEM32\DBGHELP.DLL
0x00007ffccd040000 - 0x00007ffccd3c9000 	C:\WINDOWS\System32\combase.dll
0x00007ffcccde0000 - 0x00007ffccceb7000 	C:\WINDOWS\System32\OLEAUT32.dll
0x00007ffcb33b0000 - 0x00007ffcb33e2000 	C:\WINDOWS\SYSTEM32\dbgcore.DLL
0x00007ffcca900000 - 0x00007ffcca97a000 	C:\WINDOWS\System32\bcryptPrimitives.dll
0x00007ffc78aa0000 - 0x00007ffc78ac8000 	C:\Users\timp7\AppData\Local\jdk-11.0.2\bin\java.dll
0x00007ffc90350000 - 0x00007ffc90366000 	C:\Users\timp7\AppData\Local\jdk-11.0.2\bin\zip.dll
0x00007ffcc6f90000 - 0x00007ffcc6f9a000 	C:\Users\timp7\AppData\Local\jdk-11.0.2\bin\jimage.dll
0x00007ffccbcb0000 - 0x00007ffccc50b000 	C:\WINDOWS\System32\SHELL32.dll
0x00007ffcc8750000 - 0x00007ffcc9046000 	C:\WINDOWS\SYSTEM32\windows.storage.dll
0x00007ffcc8610000 - 0x00007ffcc874e000 	C:\WINDOWS\SYSTEM32\wintypes.dll
0x00007ffccba30000 - 0x00007ffccbb23000 	C:\WINDOWS\System32\SHCORE.dll
0x00007ffccb540000 - 0x00007ffccb59e000 	C:\WINDOWS\System32\shlwapi.dll
0x00007ffcca760000 - 0x00007ffcca786000 	C:\WINDOWS\SYSTEM32\profapi.dll
0x00007ffc880c0000 - 0x00007ffc880d9000 	C:\Users\timp7\AppData\Local\jdk-11.0.2\bin\net.dll
0x00007ffcb1410000 - 0x00007ffcb1600000 	C:\WINDOWS\SYSTEM32\urlmon.dll
0x00007ffcc3ef0000 - 0x00007ffcc4027000 	C:\WINDOWS\SYSTEM32\WINHTTP.dll
0x00007ffcb0970000 - 0x00007ffcb0998000 	C:\WINDOWS\SYSTEM32\srvcli.dll
0x00007ffcc92a0000 - 0x00007ffcc92ac000 	C:\WINDOWS\SYSTEM32\netutils.dll
0x00007ffcb09a0000 - 0x00007ffcb0c5c000 	C:\WINDOWS\SYSTEM32\iertutil.dll
0x00007ffcc9d90000 - 0x00007ffcc9df9000 	C:\WINDOWS\system32\mswsock.dll
0x00007ffc87c80000 - 0x00007ffc87c93000 	C:\Users\timp7\AppData\Local\jdk-11.0.2\bin\nio.dll
0x00007ffc74f90000 - 0x00007ffc74fb7000 	C:\Users\timp7\.gradle\native\68d5fa5c4cc2d200863cafc0d521ce42e7d3e7ee720ec0a83991735586a16f82\windows-amd64\native-platform.dll
0x00007ffc74d20000 - 0x00007ffc74e64000 	C:\Users\timp7\.gradle\native\e376f236ea51e6404a007f0833ffe2c6e607c4080706a723a18a27aeea778392\windows-amd64\native-platform-file-events.dll
0x00007ffc9a7a0000 - 0x00007ffc9a7a9000 	C:\Users\timp7\AppData\Local\jdk-11.0.2\bin\management.dll
0x00007ffc98460000 - 0x00007ffc9846c000 	C:\Users\timp7\AppData\Local\jdk-11.0.2\bin\management_ext.dll
0x00007ffcca030000 - 0x00007ffcca04b000 	C:\WINDOWS\SYSTEM32\CRYPTSP.dll
0x00007ffcc9880000 - 0x00007ffcc98b5000 	C:\WINDOWS\system32\rsaenh.dll
0x00007ffcc9e30000 - 0x00007ffcc9e5c000 	C:\WINDOWS\SYSTEM32\USERENV.dll
0x00007ffcc9f90000 - 0x00007ffcc9f9c000 	C:\WINDOWS\SYSTEM32\CRYPTBASE.dll
0x00007ffcc9360000 - 0x00007ffcc938d000 	C:\WINDOWS\SYSTEM32\IPHLPAPI.DLL
0x00007ffccc510000 - 0x00007ffccc519000 	C:\WINDOWS\System32\NSI.dll
0x00007ffcc40d0000 - 0x00007ffcc40e9000 	C:\WINDOWS\SYSTEM32\dhcpcsvc6.DLL
0x00007ffcc40b0000 - 0x00007ffcc40cf000 	C:\WINDOWS\SYSTEM32\dhcpcsvc.DLL
0x00007ffcc9390000 - 0x00007ffcc9489000 	C:\WINDOWS\SYSTEM32\DNSAPI.dll

dbghelp: loaded successfully - version: 4.0.5 - missing functions: none
symbol engine: initialized successfully - sym options: 0x614 - pdb path: .;C:\Users\timp7\AppData\Local\jdk-11.0.2\bin;C:\WINDOWS\SYSTEM32;C:\WINDOWS\WinSxS\amd64_microsoft.windows.common-controls_6595b64144ccf1df_6.0.22621.2506_none_270c5ae97388e100;C:\Users\timp7\AppData\Local\jdk-11.0.2\bin\server;C:\Users\timp7\.gradle\native\68d5fa5c4cc2d200863cafc0d521ce42e7d3e7ee720ec0a83991735586a16f82\windows-amd64;C:\Users\timp7\.gradle\native\e376f236ea51e6404a007f0833ffe2c6e607c4080706a723a18a27aeea778392\windows-amd64

VM Arguments:
jvm_args: -XX:MaxMetaspaceSize=512m --add-opens=java.base/java.util=ALL-UNNAMED --add-opens=java.base/java.lang=ALL-UNNAMED --add-opens=java.base/java.lang.invoke=ALL-UNNAMED --add-opens=java.prefs/java.util.prefs=ALL-UNNAMED --add-opens=java.base/java.nio.charset=ALL-UNNAMED --add-opens=java.base/java.net=ALL-UNNAMED --add-opens=java.base/java.util.concurrent.atomic=ALL-UNNAMED -Xmx2048m -Dfile.encoding=windows-1252 -Duser.country=US -Duser.language=en -Duser.variant 
java_command: org.gradle.launcher.daemon.bootstrap.GradleDaemon 8.0.1
java_class_path (initial): C:\Users\timp7\.gradle\wrapper\dists\gradle-8.0.1-all\aro4hu1c3oeioove7l0i4i14o\gradle-8.0.1\lib\gradle-launcher-8.0.1.jar
Launcher Type: SUN_STANDARD

[Global flags]
     intx CICompilerCount                          = 12                                        {product} {ergonomic}
   size_t CompressedClassSpaceSize                 = 528482304                                 {product} {ergonomic}
     uint ConcGCThreads                            = 3                                         {product} {ergonomic}
     uint G1ConcRefinementThreads                  = 13                                        {product} {ergonomic}
   size_t G1HeapRegionSize                         = 1048576                                   {product} {ergonomic}
    uintx GCDrainStackTargetSize                   = 64                                        {product} {ergonomic}
   size_t InitialHeapSize                          = 98566144                                  {product} {ergonomic}
   size_t MarkStackSize                            = 4194304                                   {product} {ergonomic}
   size_t MaxHeapSize                              = 2147483648                                {product} {command line}
   size_t MaxMetaspaceSize                         = 536870912                                 {product} {command line}
   size_t MaxNewSize                               = 1287651328                                {product} {ergonomic}
   size_t MinHeapDeltaBytes                        = 1048576                                   {product} {ergonomic}
    uintx NonNMethodCodeHeapSize                   = 7591728                                {pd product} {ergonomic}
    uintx NonProfiledCodeHeapSize                  = 122033256                              {pd product} {ergonomic}
    uintx ProfiledCodeHeapSize                     = 122033256                              {pd product} {ergonomic}
    uintx ReservedCodeCacheSize                    = 251658240                              {pd product} {ergonomic}
     bool SegmentedCodeCache                       = true                                      {product} {ergonomic}
     bool UseCompressedClassPointers               = true                                 {lp64_product} {ergonomic}
     bool UseCompressedOops                        = true                                 {lp64_product} {ergonomic}
     bool UseG1GC                                  = true                                      {product} {ergonomic}
     bool UseLargePagesIndividualAllocation        = false                                  {pd product} {ergonomic}

Logging:
Log output configuration:
 #0: stdout all=warning uptime,level,tags
 #1: stderr all=off uptime,level,tags

Environment Variables:
JAVA_HOME=C:\Users\timp7\AppData\Local\jdk-11.0.2
CLASSPATH=C:\Users\timp7\OneDrive\Documents\GitHub\scouting-app\scouting\android\\gradle\wrapper\gradle-wrapper.jar
PATH=C:\Users\timp7\OneDrive\Documents\GitHub\scouting-app\scouting\node_modules\.bin;C:\Users\timp7\OneDrive\Documents\GitHub\scouting-app\scouting\node_modules\.bin;C:\Users\timp7\OneDrive\Documents\GitHub\scouting-app\node_modules\.bin;C:\Users\timp7\OneDrive\Documents\GitHub\node_modules\.bin;C:\Users\timp7\OneDrive\Documents\node_modules\.bin;C:\Users\timp7\OneDrive\node_modules\.bin;C:\Users\timp7\node_modules\.bin;C:\Users\node_modules\.bin;C:\node_modules\.bin;C:\Program Files\nodejs\node_modules\npm\node_modules\@npmcli\run-script\lib\node-gyp-bin;C:\Users\timp7\OneDrive\Documents\GitHub\scouting-app\scouting\node_modules\.bin;C:\Users\timp7\OneDrive\Documents\GitHub\scouting-app\node_modules\.bin;C:\Users\timp7\OneDrive\Documents\GitHub\node_modules\.bin;C:\Users\timp7\OneDrive\Documents\node_modules\.bin;C:\Users\timp7\OneDrive\node_modules\.bin;C:\Users\timp7\node_modules\.bin;C:\Users\node_modules\.bin;C:\node_modules\.bin;C:\Program Files\nodejs\node_modules\npm\node_modules\@npmcli\run-script\lib\node-gyp-bin;C:\Program Files\Microsoft\jdk-17.0.10.7-hotspot\bin;C:\Program Files\Common Files\Oracle\Java\javapath;C:\Program Files\Eclipse Adoptium\jdk-11.0.22.7-hotspot\bin;C:\Program Files (x86)\Common Files\Oracle\Java\javapath;C:\Windows\system32;C:\Windows;C:\Windows\System32\Wbem;C:\Windows\System32\WindowsPowerShell\v1.0\;C:\Windows\System32\OpenSSH\;C:\Program Files (x86)\NVIDIA Corporation\PhysX\Common;C:\Program Files\NVIDIA Corporation\NVIDIA NvDLISR;C:\Program Files\dotnet\;C:\WINDOWS\system32;C:\WINDOWS;C:\WINDOWS\System32\Wbem;C:\WINDOWS\System32\WindowsPowerShell\v1.0\;C:\WINDOWS\System32\OpenSSH\;C:\Program Files\Git\cmd;C:\ProgramData\chocolatey\bin;C:\Program Files\nodejs\;C:\Users\timp7\AppData\Local\Android\Sdk\platform-tools;C:\Users\timp7\AppData\Local\Android\Sdk\emulator;C:\Users\timp7\AppData\Local\Android\Sdk\tools;C:\Users\timp7\AppData\Local\jdk-11.0.2\bin;C:\Users\timp7\AppData\Local\Programs\Eclipse Adoptium\jdk-17.0.8.7-hotspot\
USERNAME=timp7
OS=Windows_NT
PROCESSOR_IDENTIFIER=AMD64 Family 25 Model 80 Stepping 0, AuthenticAMD



---------------  S Y S T E M  ---------------

OS: Windows 10 , 64 bit Build 22621 (10.0.22621.3085)

CPU:total 16 (initial active 16) (16 cores per cpu, 2 threads per core) family 25 model 80 stepping 0, cmov, cx8, fxsr, mmx, sse, sse2, sse3, ssse3, sse4.1, sse4.2, popcnt, avx, avx2, aes, clmul, erms, mmxext, 3dnowpref, lzcnt, sse4a, ht, tsc, tscinvbit, tscinv, bmi1, bmi2, adx, sha, fma

Memory: 4k page, system-wide physical 5996M (6M free)
TotalPageFile size 24428M (AvailPageFile size 0M)
current process WorkingSet (physical memory assigned to process): 23M, peak: 99M
current process commit charge ("private bytes"): 336M, peak: 338M

vm_info: OpenJDK 64-Bit Server VM (11.0.2+9) for windows-amd64 JRE (11.0.2+9), built on Jan 18 2019 05:23:22 by "mach5one" with MS VC++ 15.5 (VS2017)

END.
